esef-5881_2020 Value:
	       json: 996472000
	 xbrlreader: 996.472000
esef-5881_2020 Identifier:
	       json: scheme:5299001AMHDLKUM80611
	 xbrlreader: 5299001AMHDLKUM80611
esef-5881_2020 Period:
	       json: 2021-01-01T00:00:00
	 xbrlreader: 2020-12-31
esef-6522_2020 Value:
	       json: 346347000
	 xbrlreader: 346.347000
esef-6522_2020 Identifier:
	       json: scheme:5299001AMHDLKUM80611
	 xbrlreader: 5299001AMHDLKUM80611
esef-6522_2020 Period:
	       json: 2021-01-01T00:00:00
	 xbrlreader: 2020-12-31
esef-5881_2019 Value:
	       json: 1034471000
	 xbrlreader: 1.034.471000
esef-5881_2019 Identifier:
	       json: scheme:5299001AMHDLKUM80611
	 xbrlreader: 5299001AMHDLKUM80611
esef-5881_2019 Period:
	       json: 2020-01-01T00:00:00
	 xbrlreader: 2019-12-31
esef-6522_2019 Value:
	       json: 358996000
	 xbrlreader: 358.996000
esef-6522_2019 Identifier:
	       json: scheme:5299001AMHDLKUM80611
	 xbrlreader: 5299001AMHDLKUM80611
esef-6522_2019 Period:
	       json: 2020-01-01T00:00:00
	 xbrlreader: 2019-12-31
esef-22300_2020 Value:
	       json: 7404000
	 xbrlreader: 7.404000
esef-22300_2020 Identifier:
	       json: scheme:5299001AMHDLKUM80611
	 xbrlreader: 5299001AMHDLKUM80611
esef-22300_2020 Period:
	       json: 2021-01-01T00:00:00
	 xbrlreader: 2020-12-31
esef-5890_2020 Value:
	       json: 47700000
	 xbrlreader: 47.700000
esef-5890_2020 Identifier:
	       json: scheme:5299001AMHDLKUM80611
	 xbrlreader: 5299001AMHDLKUM80611
esef-5890_2020 Period:
	       json: 2021-01-01T00:00:00
	 xbrlreader: 2020-12-31
esef-22300_2019 Value:
	       json: 6227000
	 xbrlreader: 6.227000
esef-22300_2019 Identifier:
	       json: scheme:5299001AMHDLKUM80611
	 xbrlreader: 5299001AMHDLKUM80611
esef-22300_2019 Period:
	       json: 2020-01-01T00:00:00
	 xbrlreader: 2019-12-31
esef-5890_2019 Value:
	       json: 42454000
	 xbrlreader: 42.454000
esef-5890_2019 Identifier:
	       json: scheme:5299001AMHDLKUM80611
	 xbrlreader: 5299001AMHDLKUM80611
esef-5890_2019 Period:
	       json: 2020-01-01T00:00:00
	 xbrlreader: 2019-12-31
esef-5895_2020 Value:
	       json: 1397923000
	 xbrlreader: 1.397.923000
esef-5895_2020 Identifier:
	       json: scheme:5299001AMHDLKUM80611
	 xbrlreader: 5299001AMHDLKUM80611
esef-5895_2020 Period:
	       json: 2021-01-01T00:00:00
	 xbrlreader: 2020-12-31
esef-5895_2019 Value:
	       json: 1442148000
	 xbrlreader: 1.442.148000
esef-5895_2019 Identifier:
	       json: scheme:5299001AMHDLKUM80611
	 xbrlreader: 5299001AMHDLKUM80611
esef-5895_2019 Period:
	       json: 2020-01-01T00:00:00
	 xbrlreader: 2019-12-31
esef-5897_2020 Value:
	       json: 349621000
	 xbrlreader: 349.621000
esef-5897_2020 Identifier:
	       json: scheme:5299001AMHDLKUM80611
	 xbrlreader: 5299001AMHDLKUM80611
esef-5897_2020 Period:
	       json: 2021-01-01T00:00:00
	 xbrlreader: 2020-12-31
esef-6563_2020 Value:
	       json: 415804000
	 xbrlreader: 415.804000
esef-6563_2020 Identifier:
	       json: scheme:5299001AMHDLKUM80611
	 xbrlreader: 5299001AMHDLKUM80611
esef-6563_2020 Period:
	       json: 2021-01-01T00:00:00
	 xbrlreader: 2020-12-31
esef-5899_2020 Value:
	       json: 12158000
	 xbrlreader: 12.158000
esef-5899_2020 Identifier:
	       json: scheme:5299001AMHDLKUM80611
	 xbrlreader: 5299001AMHDLKUM80611
esef-5899_2020 Period:
	       json: 2021-01-01T00:00:00
	 xbrlreader: 2020-12-31
esef-5897_2019 Value:
	       json: 363539000
	 xbrlreader: 363.539000
esef-5897_2019 Identifier:
	       json: scheme:5299001AMHDLKUM80611
	 xbrlreader: 5299001AMHDLKUM80611
esef-5897_2019 Period:
	       json: 2020-01-01T00:00:00
	 xbrlreader: 2019-12-31
esef-6563_2019 Value:
	       json: 418733000
	 xbrlreader: 418.733000
esef-6563_2019 Identifier:
	       json: scheme:5299001AMHDLKUM80611
	 xbrlreader: 5299001AMHDLKUM80611
esef-6563_2019 Period:
	       json: 2020-01-01T00:00:00
	 xbrlreader: 2019-12-31
esef-5899_2019 Value:
	       json: 7924000
	 xbrlreader: 7.924000
esef-5899_2019 Identifier:
	       json: scheme:5299001AMHDLKUM80611
	 xbrlreader: 5299001AMHDLKUM80611
esef-5899_2019 Period:
	       json: 2020-01-01T00:00:00
	 xbrlreader: 2019-12-31
esef-6686_2020 Value:
	       json: 5230000
	 xbrlreader: 5.230000
esef-6686_2020 Identifier:
	       json: scheme:5299001AMHDLKUM80611
	 xbrlreader: 5299001AMHDLKUM80611
esef-6686_2020 Period:
	       json: 2021-01-01T00:00:00
	 xbrlreader: 2020-12-31
esef-6686_2019 Value:
	       json: 3739000
	 xbrlreader: 3.739000
esef-6686_2019 Identifier:
	       json: scheme:5299001AMHDLKUM80611
	 xbrlreader: 5299001AMHDLKUM80611
esef-6686_2019 Period:
	       json: 2020-01-01T00:00:00
	 xbrlreader: 2019-12-31
esef-22301_2020 Value:
	       json: 72593000
	 xbrlreader: 72.593000
esef-22301_2020 Identifier:
	       json: scheme:5299001AMHDLKUM80611
	 xbrlreader: 5299001AMHDLKUM80611
esef-22301_2020 Period:
	       json: 2021-01-01T00:00:00
	 xbrlreader: 2020-12-31
esef-22301_2019 Value:
	       json: 59763000
	 xbrlreader: 59.763000
esef-22301_2019 Identifier:
	       json: scheme:5299001AMHDLKUM80611
	 xbrlreader: 5299001AMHDLKUM80611
esef-22301_2019 Period:
	       json: 2020-01-01T00:00:00
	 xbrlreader: 2019-12-31
esef-5903_2020 Value:
	       json: 146241000
	 xbrlreader: 146.241000
esef-5903_2020 Identifier:
	       json: scheme:5299001AMHDLKUM80611
	 xbrlreader: 5299001AMHDLKUM80611
esef-5903_2020 Period:
	       json: 2021-01-01T00:00:00
	 xbrlreader: 2020-12-31
esef-5907_2020 Value:
	       json: 1001647000
	 xbrlreader: 1.001.647000
esef-5907_2020 Identifier:
	       json: scheme:5299001AMHDLKUM80611
	 xbrlreader: 5299001AMHDLKUM80611
esef-5907_2020 Period:
	       json: 2021-01-01T00:00:00
	 xbrlreader: 2020-12-31
esef-5908_2020 Value:
	       json: 2399570000
	 xbrlreader: 2.399.570000
esef-5908_2020 Identifier:
	       json: scheme:5299001AMHDLKUM80611
	 xbrlreader: 5299001AMHDLKUM80611
esef-5908_2020 Period:
	       json: 2021-01-01T00:00:00
	 xbrlreader: 2020-12-31
esef-5903_2019 Value:
	       json: 126807000
	 xbrlreader: 126.807000
esef-5903_2019 Identifier:
	       json: scheme:5299001AMHDLKUM80611
	 xbrlreader: 5299001AMHDLKUM80611
esef-5903_2019 Period:
	       json: 2020-01-01T00:00:00
	 xbrlreader: 2019-12-31
esef-5907_2019 Value:
	       json: 980505000
	 xbrlreader: 980.505000
esef-5907_2019 Identifier:
	       json: scheme:5299001AMHDLKUM80611
	 xbrlreader: 5299001AMHDLKUM80611
esef-5907_2019 Period:
	       json: 2020-01-01T00:00:00
	 xbrlreader: 2019-12-31
esef-5908_2019 Value:
	       json: 2422653000
	 xbrlreader: 2.422.653000
esef-5908_2019 Identifier:
	       json: scheme:5299001AMHDLKUM80611
	 xbrlreader: 5299001AMHDLKUM80611
esef-5908_2019 Period:
	       json: 2020-01-01T00:00:00
	 xbrlreader: 2019-12-31
esef-5911_2020 Value:
	       json: 80000000
	 xbrlreader: 80.000000
esef-5911_2020 Identifier:
	       json: scheme:5299001AMHDLKUM80611
	 xbrlreader: 5299001AMHDLKUM80611
esef-5911_2020 Period:
	       json: 2021-01-01T00:00:00
	 xbrlreader: 2020-12-31
esef-6915_2020 Value:
	       json: 172658000
	 xbrlreader: 172.658000
esef-6915_2020 Identifier:
	       json: scheme:5299001AMHDLKUM80611
	 xbrlreader: 5299001AMHDLKUM80611
esef-6915_2020 Period:
	       json: 2021-01-01T00:00:00
	 xbrlreader: 2020-12-31
esef-5911_2019 Value:
	       json: 80000000
	 xbrlreader: 80.000000
esef-5911_2019 Identifier:
	       json: scheme:5299001AMHDLKUM80611
	 xbrlreader: 5299001AMHDLKUM80611
esef-5911_2019 Period:
	       json: 2020-01-01T00:00:00
	 xbrlreader: 2019-12-31
esef-6915_2019 Value:
	       json: 172658000
	 xbrlreader: 172.658000
esef-6915_2019 Identifier:
	       json: scheme:5299001AMHDLKUM80611
	 xbrlreader: 5299001AMHDLKUM80611
esef-6915_2019 Period:
	       json: 2020-01-01T00:00:00
	 xbrlreader: 2019-12-31
esef-5912_2020 Value:
	       json: 1564165000
	 xbrlreader: 1.564.165000
esef-5912_2020 Identifier:
	       json: scheme:5299001AMHDLKUM80611
	 xbrlreader: 5299001AMHDLKUM80611
esef-5912_2020 Period:
	       json: 2021-01-01T00:00:00
	 xbrlreader: 2020-12-31
esef-6916_2020 Value:
	       json: -274477000
	 xbrlreader: -274.477000
esef-6916_2020 Identifier:
	       json: scheme:5299001AMHDLKUM80611
	 xbrlreader: 5299001AMHDLKUM80611
esef-6916_2020 Period:
	       json: 2021-01-01T00:00:00
	 xbrlreader: 2020-12-31
esef-5917_2020 Value:
	       json: 1542346000
	 xbrlreader: 1.542.346000
esef-5917_2020 Identifier:
	       json: scheme:5299001AMHDLKUM80611
	 xbrlreader: 5299001AMHDLKUM80611
esef-5917_2020 Period:
	       json: 2021-01-01T00:00:00
	 xbrlreader: 2020-12-31
esef-5918_2020 Value:
	       json: 4752000
	 xbrlreader: 4.752000
esef-5918_2020 Identifier:
	       json: scheme:5299001AMHDLKUM80611
	 xbrlreader: 5299001AMHDLKUM80611
esef-5918_2020 Period:
	       json: 2021-01-01T00:00:00
	 xbrlreader: 2020-12-31
esef-5912_2019 Value:
	       json: 1466884000
	 xbrlreader: 1.466.884000
esef-5912_2019 Identifier:
	       json: scheme:5299001AMHDLKUM80611
	 xbrlreader: 5299001AMHDLKUM80611
esef-5912_2019 Period:
	       json: 2020-01-01T00:00:00
	 xbrlreader: 2019-12-31
esef-6916_2019 Value:
	       json: -216508000
	 xbrlreader: -216.508000
esef-6916_2019 Identifier:
	       json: scheme:5299001AMHDLKUM80611
	 xbrlreader: 5299001AMHDLKUM80611
esef-6916_2019 Period:
	       json: 2020-01-01T00:00:00
	 xbrlreader: 2019-12-31
esef-5917_2019 Value:
	       json: 1503034000
	 xbrlreader: 1.503.034000
esef-5917_2019 Identifier:
	       json: scheme:5299001AMHDLKUM80611
	 xbrlreader: 5299001AMHDLKUM80611
esef-5917_2019 Period:
	       json: 2020-01-01T00:00:00
	 xbrlreader: 2019-12-31
esef-5918_2019 Value:
	       json: 5275000
	 xbrlreader: 5.275000
esef-5918_2019 Identifier:
	       json: scheme:5299001AMHDLKUM80611
	 xbrlreader: 5299001AMHDLKUM80611
esef-5918_2019 Period:
	       json: 2020-01-01T00:00:00
	 xbrlreader: 2019-12-31
esef-5919_2020 Value:
	       json: 1547098000
	 xbrlreader: 1.547.098000
esef-5919_2020 Identifier:
	       json: scheme:5299001AMHDLKUM80611
	 xbrlreader: 5299001AMHDLKUM80611
esef-5919_2020 Period:
	       json: 2021-01-01T00:00:00
	 xbrlreader: 2020-12-31
esef-5919_2019 Value:
	       json: 1508309000
	 xbrlreader: 1.508.309000
esef-5919_2019 Identifier:
	       json: scheme:5299001AMHDLKUM80611
	 xbrlreader: 5299001AMHDLKUM80611
esef-5919_2019 Period:
	       json: 2020-01-01T00:00:00
	 xbrlreader: 2019-12-31
esef-6850_2020 Value:
	       json: 215511000
	 xbrlreader: 215.511000
esef-6850_2020 Identifier:
	       json: scheme:5299001AMHDLKUM80611
	 xbrlreader: 5299001AMHDLKUM80611
esef-6850_2020 Period:
	       json: 2021-01-01T00:00:00
	 xbrlreader: 2020-12-31
esef-5925_2020 Value:
	       json: 143001000
	 xbrlreader: 143.001000
esef-5925_2020 Identifier:
	       json: scheme:5299001AMHDLKUM80611
	 xbrlreader: 5299001AMHDLKUM80611
esef-5925_2020 Period:
	       json: 2021-01-01T00:00:00
	 xbrlreader: 2020-12-31
esef-5927_2020 Value:
	       json: 38684000
	 xbrlreader: 38.684000
esef-5927_2020 Identifier:
	       json: scheme:5299001AMHDLKUM80611
	 xbrlreader: 5299001AMHDLKUM80611
esef-5927_2020 Period:
	       json: 2021-01-01T00:00:00
	 xbrlreader: 2020-12-31
esef-6850_2019 Value:
	       json: 232540000
	 xbrlreader: 232.540000
esef-6850_2019 Identifier:
	       json: scheme:5299001AMHDLKUM80611
	 xbrlreader: 5299001AMHDLKUM80611
esef-6850_2019 Period:
	       json: 2020-01-01T00:00:00
	 xbrlreader: 2019-12-31
esef-5925_2019 Value:
	       json: 147539000
	 xbrlreader: 147.539000
esef-5925_2019 Identifier:
	       json: scheme:5299001AMHDLKUM80611
	 xbrlreader: 5299001AMHDLKUM80611
esef-5925_2019 Period:
	       json: 2020-01-01T00:00:00
	 xbrlreader: 2019-12-31
esef-5927_2019 Value:
	       json: 39692000
	 xbrlreader: 39.692000
esef-5927_2019 Identifier:
	       json: scheme:5299001AMHDLKUM80611
	 xbrlreader: 5299001AMHDLKUM80611
esef-5927_2019 Period:
	       json: 2020-01-01T00:00:00
	 xbrlreader: 2019-12-31
esef-5931_2020 Value:
	       json: 397196000
	 xbrlreader: 397.196000
esef-5931_2020 Identifier:
	       json: scheme:5299001AMHDLKUM80611
	 xbrlreader: 5299001AMHDLKUM80611
esef-5931_2020 Period:
	       json: 2021-01-01T00:00:00
	 xbrlreader: 2020-12-31
esef-5931_2019 Value:
	       json: 419771000
	 xbrlreader: 419.771000
esef-5931_2019 Identifier:
	       json: scheme:5299001AMHDLKUM80611
	 xbrlreader: 5299001AMHDLKUM80611
esef-5931_2019 Period:
	       json: 2020-01-01T00:00:00
	 xbrlreader: 2019-12-31
esef-6857_2020 Value:
	       json: 52915000
	 xbrlreader: 52.915000
esef-6857_2020 Identifier:
	       json: scheme:5299001AMHDLKUM80611
	 xbrlreader: 5299001AMHDLKUM80611
esef-6857_2020 Period:
	       json: 2021-01-01T00:00:00
	 xbrlreader: 2020-12-31
esef-5938_2020 Value:
	       json: 19809000
	 xbrlreader: 19.809000
esef-5938_2020 Identifier:
	       json: scheme:5299001AMHDLKUM80611
	 xbrlreader: 5299001AMHDLKUM80611
esef-5938_2020 Period:
	       json: 2021-01-01T00:00:00
	 xbrlreader: 2020-12-31
esef-6857_2019 Value:
	       json: 112843000
	 xbrlreader: 112.843000
esef-6857_2019 Identifier:
	       json: scheme:5299001AMHDLKUM80611
	 xbrlreader: 5299001AMHDLKUM80611
esef-6857_2019 Period:
	       json: 2020-01-01T00:00:00
	 xbrlreader: 2019-12-31
esef-5938_2019 Value:
	       json: 27185000
	 xbrlreader: 27.185000
esef-5938_2019 Identifier:
	       json: scheme:5299001AMHDLKUM80611
	 xbrlreader: 5299001AMHDLKUM80611
esef-5938_2019 Period:
	       json: 2020-01-01T00:00:00
	 xbrlreader: 2019-12-31
esef-6812_2020 Value:
	       json: 220437000
	 xbrlreader: 220.437000
esef-6812_2020 Identifier:
	       json: scheme:5299001AMHDLKUM80611
	 xbrlreader: 5299001AMHDLKUM80611
esef-6812_2020 Period:
	       json: 2021-01-01T00:00:00
	 xbrlreader: 2020-12-31
esef-22302_2020 Value:
	       json: 140183000
	 xbrlreader: 140.183000
esef-22302_2020 Identifier:
	       json: scheme:5299001AMHDLKUM80611
	 xbrlreader: 5299001AMHDLKUM80611
esef-22302_2020 Period:
	       json: 2021-01-01T00:00:00
	 xbrlreader: 2020-12-31
esef-5936_2020 Value:
	       json: 21932000
	 xbrlreader: 21.932000
esef-5936_2020 Identifier:
	       json: scheme:5299001AMHDLKUM80611
	 xbrlreader: 5299001AMHDLKUM80611
esef-5936_2020 Period:
	       json: 2021-01-01T00:00:00
	 xbrlreader: 2020-12-31
esef-6812_2019 Value:
	       json: 219562000
	 xbrlreader: 219.562000
esef-6812_2019 Identifier:
	       json: scheme:5299001AMHDLKUM80611
	 xbrlreader: 5299001AMHDLKUM80611
esef-6812_2019 Period:
	       json: 2020-01-01T00:00:00
	 xbrlreader: 2019-12-31
esef-22302_2019 Value:
	       json: 122793000
	 xbrlreader: 122.793000
esef-22302_2019 Identifier:
	       json: scheme:5299001AMHDLKUM80611
	 xbrlreader: 5299001AMHDLKUM80611
esef-22302_2019 Period:
	       json: 2020-01-01T00:00:00
	 xbrlreader: 2019-12-31
esef-5936_2019 Value:
	       json: 12190000
	 xbrlreader: 12.190000
esef-5936_2019 Identifier:
	       json: scheme:5299001AMHDLKUM80611
	 xbrlreader: 5299001AMHDLKUM80611
esef-5936_2019 Period:
	       json: 2020-01-01T00:00:00
	 xbrlreader: 2019-12-31
esef-5943_2020 Value:
	       json: 455276000
	 xbrlreader: 455.276000
esef-5943_2020 Identifier:
	       json: scheme:5299001AMHDLKUM80611
	 xbrlreader: 5299001AMHDLKUM80611
esef-5943_2020 Period:
	       json: 2021-01-01T00:00:00
	 xbrlreader: 2020-12-31
esef-5944_2020 Value:
	       json: 852472000
	 xbrlreader: 852.472000
esef-5944_2020 Identifier:
	       json: scheme:5299001AMHDLKUM80611
	 xbrlreader: 5299001AMHDLKUM80611
esef-5944_2020 Period:
	       json: 2021-01-01T00:00:00
	 xbrlreader: 2020-12-31
esef-5945_2020 Value:
	       json: 2399570000
	 xbrlreader: 2.399.570000
esef-5945_2020 Identifier:
	       json: scheme:5299001AMHDLKUM80611
	 xbrlreader: 5299001AMHDLKUM80611
esef-5945_2020 Period:
	       json: 2021-01-01T00:00:00
	 xbrlreader: 2020-12-31
esef-5943_2019 Value:
	       json: 494573000
	 xbrlreader: 494.573000
esef-5943_2019 Identifier:
	       json: scheme:5299001AMHDLKUM80611
	 xbrlreader: 5299001AMHDLKUM80611
esef-5943_2019 Period:
	       json: 2020-01-01T00:00:00
	 xbrlreader: 2019-12-31
esef-5944_2019 Value:
	       json: 914344000
	 xbrlreader: 914.344000
esef-5944_2019 Identifier:
	       json: scheme:5299001AMHDLKUM80611
	 xbrlreader: 5299001AMHDLKUM80611
esef-5944_2019 Period:
	       json: 2020-01-01T00:00:00
	 xbrlreader: 2019-12-31
esef-5945_2019 Value:
	       json: 2422653000
	 xbrlreader: 2.422.653000
esef-5945_2019 Identifier:
	       json: scheme:5299001AMHDLKUM80611
	 xbrlreader: 5299001AMHDLKUM80611
esef-5945_2019 Period:
	       json: 2020-01-01T00:00:00
	 xbrlreader: 2019-12-31
esef-5997_2020 Value:
	       json: 2528399000
	 xbrlreader: 2.528.399000
esef-5997_2020 Identifier:
	       json: scheme:5299001AMHDLKUM80611
	 xbrlreader: 5299001AMHDLKUM80611
esef-5997_2020 Period:
	       json: 2020-01-01T00:00:00/2021-01-01T00:00:00
	 xbrlreader: 2020-01-01,2020-12-31
esef-6000_2020 Value:
	       json: 1913879000
	 xbrlreader: 1.913.879000
esef-6000_2020 Identifier:
	       json: scheme:5299001AMHDLKUM80611
	 xbrlreader: 5299001AMHDLKUM80611
esef-6000_2020 Period:
	       json: 2020-01-01T00:00:00/2021-01-01T00:00:00
	 xbrlreader: 2020-01-01,2020-12-31
esef-6001_2020 Value:
	       json: 614520000
	 xbrlreader: 614.520000
esef-6001_2020 Identifier:
	       json: scheme:5299001AMHDLKUM80611
	 xbrlreader: 5299001AMHDLKUM80611
esef-6001_2020 Period:
	       json: 2020-01-01T00:00:00/2021-01-01T00:00:00
	 xbrlreader: 2020-01-01,2020-12-31
esef-5997_2019 Value:
	       json: 2544409000
	 xbrlreader: 2.544.409000
esef-5997_2019 Identifier:
	       json: scheme:5299001AMHDLKUM80611
	 xbrlreader: 5299001AMHDLKUM80611
esef-5997_2019 Period:
	       json: 2019-01-01T00:00:00/2020-01-01T00:00:00
	 xbrlreader: 2019-01-01,2019-12-31
esef-6000_2019 Value:
	       json: 1917524000
	 xbrlreader: 1.917.524000
esef-6000_2019 Identifier:
	       json: scheme:5299001AMHDLKUM80611
	 xbrlreader: 5299001AMHDLKUM80611
esef-6000_2019 Period:
	       json: 2019-01-01T00:00:00/2020-01-01T00:00:00
	 xbrlreader: 2019-01-01,2019-12-31
esef-6001_2019 Value:
	       json: 626885000
	 xbrlreader: 626.885000
esef-6001_2019 Identifier:
	       json: scheme:5299001AMHDLKUM80611
	 xbrlreader: 5299001AMHDLKUM80611
esef-6001_2019 Period:
	       json: 2019-01-01T00:00:00/2020-01-01T00:00:00
	 xbrlreader: 2019-01-01,2019-12-31
esef-6002_2020 Value:
	       json: 19808000
	 xbrlreader: 19.808000
esef-6002_2020 Identifier:
	       json: scheme:5299001AMHDLKUM80611
	 xbrlreader: 5299001AMHDLKUM80611
esef-6002_2020 Period:
	       json: 2020-01-01T00:00:00/2021-01-01T00:00:00
	 xbrlreader: 2020-01-01,2020-12-31
esef-7097_2020 Value:
	       json: 244758000
	 xbrlreader: 244.758000
esef-7097_2020 Identifier:
	       json: scheme:5299001AMHDLKUM80611
	 xbrlreader: 5299001AMHDLKUM80611
esef-7097_2020 Period:
	       json: 2020-01-01T00:00:00/2021-01-01T00:00:00
	 xbrlreader: 2020-01-01,2020-12-31
esef-6004_2020 Value:
	       json: 158074000
	 xbrlreader: 158.074000
esef-6004_2020 Identifier:
	       json: scheme:5299001AMHDLKUM80611
	 xbrlreader: 5299001AMHDLKUM80611
esef-6004_2020 Period:
	       json: 2020-01-01T00:00:00/2021-01-01T00:00:00
	 xbrlreader: 2020-01-01,2020-12-31
esef-6005_2020 Identifier:
	       json: scheme:5299001AMHDLKUM80611
	 xbrlreader: 5299001AMHDLKUM80611
esef-6005_2020 Period:
	       json: 2020-01-01T00:00:00/2021-01-01T00:00:00
	 xbrlreader: 2020-01-01,2020-12-31
esef-6002_2019 Value:
	       json: 11882000
	 xbrlreader: 11.882000
esef-6002_2019 Identifier:
	       json: scheme:5299001AMHDLKUM80611
	 xbrlreader: 5299001AMHDLKUM80611
esef-6002_2019 Period:
	       json: 2019-01-01T00:00:00/2020-01-01T00:00:00
	 xbrlreader: 2019-01-01,2019-12-31
esef-7097_2019 Value:
	       json: 244427000
	 xbrlreader: 244.427000
esef-7097_2019 Identifier:
	       json: scheme:5299001AMHDLKUM80611
	 xbrlreader: 5299001AMHDLKUM80611
esef-7097_2019 Period:
	       json: 2019-01-01T00:00:00/2020-01-01T00:00:00
	 xbrlreader: 2019-01-01,2019-12-31
esef-6004_2019 Value:
	       json: 138926000
	 xbrlreader: 138.926000
esef-6004_2019 Identifier:
	       json: scheme:5299001AMHDLKUM80611
	 xbrlreader: 5299001AMHDLKUM80611
esef-6004_2019 Period:
	       json: 2019-01-01T00:00:00/2020-01-01T00:00:00
	 xbrlreader: 2019-01-01,2019-12-31
esef-6005_2019 Identifier:
	       json: scheme:5299001AMHDLKUM80611
	 xbrlreader: 5299001AMHDLKUM80611
esef-6005_2019 Period:
	       json: 2019-01-01T00:00:00/2020-01-01T00:00:00
	 xbrlreader: 2019-01-01,2019-12-31
esef-6009_2020 Value:
	       json: 231380000
	 xbrlreader: 231.380000
esef-6009_2020 Identifier:
	       json: scheme:5299001AMHDLKUM80611
	 xbrlreader: 5299001AMHDLKUM80611
esef-6009_2020 Period:
	       json: 2020-01-01T00:00:00/2021-01-01T00:00:00
	 xbrlreader: 2020-01-01,2020-12-31
esef-6009_2019 Value:
	       json: 255271000
	 xbrlreader: 255.271000
esef-6009_2019 Identifier:
	       json: scheme:5299001AMHDLKUM80611
	 xbrlreader: 5299001AMHDLKUM80611
esef-6009_2019 Period:
	       json: 2019-01-01T00:00:00/2020-01-01T00:00:00
	 xbrlreader: 2019-01-01,2019-12-31
esef-6013_2020 Value:
	       json: 1712000
	 xbrlreader: 1.712000
esef-6013_2020 Identifier:
	       json: scheme:5299001AMHDLKUM80611
	 xbrlreader: 5299001AMHDLKUM80611
esef-6013_2020 Period:
	       json: 2020-01-01T00:00:00/2021-01-01T00:00:00
	 xbrlreader: 2020-01-01,2020-12-31
esef-6014_2020 Value:
	       json: 7863000
	 xbrlreader: 7.863000
esef-6014_2020 Identifier:
	       json: scheme:5299001AMHDLKUM80611
	 xbrlreader: 5299001AMHDLKUM80611
esef-6014_2020 Period:
	       json: 2020-01-01T00:00:00/2021-01-01T00:00:00
	 xbrlreader: 2020-01-01,2020-12-31
esef-6013_2019 Value:
	       json: 1465000
	 xbrlreader: 1.465000
esef-6013_2019 Identifier:
	       json: scheme:5299001AMHDLKUM80611
	 xbrlreader: 5299001AMHDLKUM80611
esef-6013_2019 Period:
	       json: 2019-01-01T00:00:00/2020-01-01T00:00:00
	 xbrlreader: 2019-01-01,2019-12-31
esef-6014_2019 Value:
	       json: 8394000
	 xbrlreader: 8.394000
esef-6014_2019 Identifier:
	       json: scheme:5299001AMHDLKUM80611
	 xbrlreader: 5299001AMHDLKUM80611
esef-6014_2019 Period:
	       json: 2019-01-01T00:00:00/2020-01-01T00:00:00
	 xbrlreader: 2019-01-01,2019-12-31
esef-7071_2020 Value:
	       json: -3155000
	 xbrlreader: -3.155000
esef-7071_2020 Identifier:
	       json: scheme:5299001AMHDLKUM80611
	 xbrlreader: 5299001AMHDLKUM80611
esef-7071_2020 Period:
	       json: 2020-01-01T00:00:00/2021-01-01T00:00:00
	 xbrlreader: 2020-01-01,2020-12-31
esef-7071_2019 Value:
	       json: 2787000
	 xbrlreader: 2.787000
esef-7071_2019 Identifier:
	       json: scheme:5299001AMHDLKUM80611
	 xbrlreader: 5299001AMHDLKUM80611
esef-7071_2019 Period:
	       json: 2019-01-01T00:00:00/2020-01-01T00:00:00
	 xbrlreader: 2019-01-01,2019-12-31
esef-6023_2020 Value:
	       json: 222074000
	 xbrlreader: 222.074000
esef-6023_2020 Identifier:
	       json: scheme:5299001AMHDLKUM80611
	 xbrlreader: 5299001AMHDLKUM80611
esef-6023_2020 Period:
	       json: 2020-01-01T00:00:00/2021-01-01T00:00:00
	 xbrlreader: 2020-01-01,2020-12-31
esef-6023_2019 Value:
	       json: 251129000
	 xbrlreader: 251.129000
esef-6023_2019 Identifier:
	       json: scheme:5299001AMHDLKUM80611
	 xbrlreader: 5299001AMHDLKUM80611
esef-6023_2019 Period:
	       json: 2019-01-01T00:00:00/2020-01-01T00:00:00
	 xbrlreader: 2019-01-01,2019-12-31
esef-6024_2020 Value:
	       json: 59844000
	 xbrlreader: 59.844000
esef-6024_2020 Identifier:
	       json: scheme:5299001AMHDLKUM80611
	 xbrlreader: 5299001AMHDLKUM80611
esef-6024_2020 Period:
	       json: 2020-01-01T00:00:00/2021-01-01T00:00:00
	 xbrlreader: 2020-01-01,2020-12-31
esef-6024_2019 Value:
	       json: 60910000
	 xbrlreader: 60.910000
esef-6024_2019 Identifier:
	       json: scheme:5299001AMHDLKUM80611
	 xbrlreader: 5299001AMHDLKUM80611
esef-6024_2019 Period:
	       json: 2019-01-01T00:00:00/2020-01-01T00:00:00
	 xbrlreader: 2019-01-01,2019-12-31
esef-6027_2020 Value:
	       json: 162230000
	 xbrlreader: 162.230000
esef-6027_2020 Identifier:
	       json: scheme:5299001AMHDLKUM80611
	 xbrlreader: 5299001AMHDLKUM80611
esef-6027_2020 Period:
	       json: 2020-01-01T00:00:00/2021-01-01T00:00:00
	 xbrlreader: 2020-01-01,2020-12-31
esef-6027_2019 Value:
	       json: 190219000
	 xbrlreader: 190.219000
esef-6027_2019 Identifier:
	       json: scheme:5299001AMHDLKUM80611
	 xbrlreader: 5299001AMHDLKUM80611
esef-6027_2019 Period:
	       json: 2019-01-01T00:00:00/2020-01-01T00:00:00
	 xbrlreader: 2019-01-01,2019-12-31
esef-6029_2020 Value:
	       json: 161188000
	 xbrlreader: 161.188000
esef-6029_2020 Identifier:
	       json: scheme:5299001AMHDLKUM80611
	 xbrlreader: 5299001AMHDLKUM80611
esef-6029_2020 Period:
	       json: 2020-01-01T00:00:00/2021-01-01T00:00:00
	 xbrlreader: 2020-01-01,2020-12-31
esef-6030_2020 Value:
	       json: 1042000
	 xbrlreader: 1.042000
esef-6030_2020 Identifier:
	       json: scheme:5299001AMHDLKUM80611
	 xbrlreader: 5299001AMHDLKUM80611
esef-6030_2020 Period:
	       json: 2020-01-01T00:00:00/2021-01-01T00:00:00
	 xbrlreader: 2020-01-01,2020-12-31
esef-6029_2019 Value:
	       json: 189743000
	 xbrlreader: 189.743000
esef-6029_2019 Identifier:
	       json: scheme:5299001AMHDLKUM80611
	 xbrlreader: 5299001AMHDLKUM80611
esef-6029_2019 Period:
	       json: 2019-01-01T00:00:00/2020-01-01T00:00:00
	 xbrlreader: 2019-01-01,2019-12-31
esef-6030_2019 Identifier:
	       json: scheme:5299001AMHDLKUM80611
	 xbrlreader: 5299001AMHDLKUM80611
esef-6030_2019 Period:
	       json: 2019-01-01T00:00:00/2020-01-01T00:00:00
	 xbrlreader: 2019-01-01,2019-12-31
esef-6027_2020_97 Value:
	       json: 162230000
	 xbrlreader: 162.230000
esef-6027_2020_97 Identifier:
	       json: scheme:5299001AMHDLKUM80611
	 xbrlreader: 5299001AMHDLKUM80611
esef-6027_2020_97 Period:
	       json: 2020-01-01T00:00:00/2021-01-01T00:00:00
	 xbrlreader: 2020-01-01,2020-12-31
esef-6027_2019_98 Value:
	       json: 190219000
	 xbrlreader: 190.219000
esef-6027_2019_98 Identifier:
	       json: scheme:5299001AMHDLKUM80611
	 xbrlreader: 5299001AMHDLKUM80611
esef-6027_2019_98 Period:
	       json: 2019-01-01T00:00:00/2020-01-01T00:00:00
	 xbrlreader: 2019-01-01,2019-12-31
esef-7193_2020 Value:
	       json: 8.06
	 xbrlreader: 8,06
esef-7193_2020 Identifier:
	       json: scheme:5299001AMHDLKUM80611
	 xbrlreader: 5299001AMHDLKUM80611
esef-7193_2020 Period:
	       json: 2020-01-01T00:00:00/2021-01-01T00:00:00
	 xbrlreader: 2020-01-01,2020-12-31
esef-7193_2020 UnitContent:
	       json: iso4217:EUR/xbrli:shares
	 xbrlreader: iso4217:EUR / xbrli:shares
esef-7193_2019 Value:
	       json: 9.49
	 xbrlreader: 9,49
esef-7193_2019 Identifier:
	       json: scheme:5299001AMHDLKUM80611
	 xbrlreader: 5299001AMHDLKUM80611
esef-7193_2019 Period:
	       json: 2019-01-01T00:00:00/2020-01-01T00:00:00
	 xbrlreader: 2019-01-01,2019-12-31
esef-7193_2019 UnitContent:
	       json: iso4217:EUR/xbrli:shares
	 xbrlreader: iso4217:EUR / xbrli:shares
esef-6100_2020 Value:
	       json: 162230000
	 xbrlreader: 162.230000
esef-6100_2020 Identifier:
	       json: scheme:5299001AMHDLKUM80611
	 xbrlreader: 5299001AMHDLKUM80611
esef-6100_2020 Period:
	       json: 2020-01-01T00:00:00/2021-01-01T00:00:00
	 xbrlreader: 2020-01-01,2020-12-31
esef-6100_2019 Value:
	       json: 190219000
	 xbrlreader: 190.219000
esef-6100_2019 Identifier:
	       json: scheme:5299001AMHDLKUM80611
	 xbrlreader: 5299001AMHDLKUM80611
esef-6100_2019 Period:
	       json: 2019-01-01T00:00:00/2020-01-01T00:00:00
	 xbrlreader: 2019-01-01,2019-12-31
esef-6168_2020 Identifier:
	       json: scheme:5299001AMHDLKUM80611
	 xbrlreader: 5299001AMHDLKUM80611
esef-6168_2020 Period:
	       json: 2020-01-01T00:00:00/2021-01-01T00:00:00
	 xbrlreader: 2020-01-01,2020-12-31
esef-6223_2020 Identifier:
	       json: scheme:5299001AMHDLKUM80611
	 xbrlreader: 5299001AMHDLKUM80611
esef-6223_2020 Period:
	       json: 2020-01-01T00:00:00/2021-01-01T00:00:00
	 xbrlreader: 2020-01-01,2020-12-31
esef-6168_2019 Value:
	       json: -19843000
	 xbrlreader: -19.843000
esef-6168_2019 Identifier:
	       json: scheme:5299001AMHDLKUM80611
	 xbrlreader: 5299001AMHDLKUM80611
esef-6168_2019 Period:
	       json: 2019-01-01T00:00:00/2020-01-01T00:00:00
	 xbrlreader: 2019-01-01,2019-12-31
esef-6223_2019 Value:
	       json: -5309000
	 xbrlreader: -5.309000
esef-6223_2019 Identifier:
	       json: scheme:5299001AMHDLKUM80611
	 xbrlreader: 5299001AMHDLKUM80611
esef-6223_2019 Period:
	       json: 2019-01-01T00:00:00/2020-01-01T00:00:00
	 xbrlreader: 2019-01-01,2019-12-31
esef-6110_2020 Value:
	       json: -1367000
	 xbrlreader: -1.367000
esef-6110_2020 Identifier:
	       json: scheme:5299001AMHDLKUM80611
	 xbrlreader: 5299001AMHDLKUM80611
esef-6110_2020 Period:
	       json: 2020-01-01T00:00:00/2021-01-01T00:00:00
	 xbrlreader: 2020-01-01,2020-12-31
esef-6178_2020 Value:
	       json: -59690000
	 xbrlreader: -59.690000
esef-6178_2020 Identifier:
	       json: scheme:5299001AMHDLKUM80611
	 xbrlreader: 5299001AMHDLKUM80611
esef-6178_2020 Period:
	       json: 2020-01-01T00:00:00/2021-01-01T00:00:00
	 xbrlreader: 2020-01-01,2020-12-31
esef-6230_2020 Value:
	       json: -2948000
	 xbrlreader: -2.948000
esef-6230_2020 Identifier:
	       json: scheme:5299001AMHDLKUM80611
	 xbrlreader: 5299001AMHDLKUM80611
esef-6230_2020 Period:
	       json: 2020-01-01T00:00:00/2021-01-01T00:00:00
	 xbrlreader: 2020-01-01,2020-12-31
esef-6110_2019 Value:
	       json: -14534000
	 xbrlreader: -14.534000
esef-6110_2019 Identifier:
	       json: scheme:5299001AMHDLKUM80611
	 xbrlreader: 5299001AMHDLKUM80611
esef-6110_2019 Period:
	       json: 2019-01-01T00:00:00/2020-01-01T00:00:00
	 xbrlreader: 2019-01-01,2019-12-31
esef-6178_2019 Value:
	       json: 9199000
	 xbrlreader: 9.199000
esef-6178_2019 Identifier:
	       json: scheme:5299001AMHDLKUM80611
	 xbrlreader: 5299001AMHDLKUM80611
esef-6178_2019 Period:
	       json: 2019-01-01T00:00:00/2020-01-01T00:00:00
	 xbrlreader: 2019-01-01,2019-12-31
esef-6230_2019 Value:
	       json: 0
	 xbrlreader: 0000
esef-6230_2019 Identifier:
	       json: scheme:5299001AMHDLKUM80611
	 xbrlreader: 5299001AMHDLKUM80611
esef-6230_2019 Period:
	       json: 2019-01-01T00:00:00/2020-01-01T00:00:00
	 xbrlreader: 2019-01-01,2019-12-31
esef-6155_2020 Value:
	       json: -56742000
	 xbrlreader: -56.742000
esef-6155_2020 Identifier:
	       json: scheme:5299001AMHDLKUM80611
	 xbrlreader: 5299001AMHDLKUM80611
esef-6155_2020 Period:
	       json: 2020-01-01T00:00:00/2021-01-01T00:00:00
	 xbrlreader: 2020-01-01,2020-12-31
esef-6156_2020 Value:
	       json: -58109000
	 xbrlreader: -58.109000
esef-6156_2020 Identifier:
	       json: scheme:5299001AMHDLKUM80611
	 xbrlreader: 5299001AMHDLKUM80611
esef-6156_2020 Period:
	       json: 2020-01-01T00:00:00/2021-01-01T00:00:00
	 xbrlreader: 2020-01-01,2020-12-31
esef-6157_2020 Value:
	       json: 104121000
	 xbrlreader: 104.121000
esef-6157_2020 Identifier:
	       json: scheme:5299001AMHDLKUM80611
	 xbrlreader: 5299001AMHDLKUM80611
esef-6157_2020 Period:
	       json: 2020-01-01T00:00:00/2021-01-01T00:00:00
	 xbrlreader: 2020-01-01,2020-12-31
esef-6155_2019 Value:
	       json: 9199000
	 xbrlreader: 9.199000
esef-6155_2019 Identifier:
	       json: scheme:5299001AMHDLKUM80611
	 xbrlreader: 5299001AMHDLKUM80611
esef-6155_2019 Period:
	       json: 2019-01-01T00:00:00/2020-01-01T00:00:00
	 xbrlreader: 2019-01-01,2019-12-31
esef-6156_2019 Value:
	       json: -5335000
	 xbrlreader: -5.335000
esef-6156_2019 Identifier:
	       json: scheme:5299001AMHDLKUM80611
	 xbrlreader: 5299001AMHDLKUM80611
esef-6156_2019 Period:
	       json: 2019-01-01T00:00:00/2020-01-01T00:00:00
	 xbrlreader: 2019-01-01,2019-12-31
esef-6157_2019 Value:
	       json: 184884000
	 xbrlreader: 184.884000
esef-6157_2019 Identifier:
	       json: scheme:5299001AMHDLKUM80611
	 xbrlreader: 5299001AMHDLKUM80611
esef-6157_2019 Period:
	       json: 2019-01-01T00:00:00/2020-01-01T00:00:00
	 xbrlreader: 2019-01-01,2019-12-31
esef-6159_2020 Value:
	       json: 103219000
	 xbrlreader: 103.219000
esef-6159_2020 Identifier:
	       json: scheme:5299001AMHDLKUM80611
	 xbrlreader: 5299001AMHDLKUM80611
esef-6159_2020 Period:
	       json: 2020-01-01T00:00:00/2021-01-01T00:00:00
	 xbrlreader: 2020-01-01,2020-12-31
esef-6160_2020 Identifier:
	       json: scheme:5299001AMHDLKUM80611
	 xbrlreader: 5299001AMHDLKUM80611
esef-6160_2020 Period:
	       json: 2020-01-01T00:00:00/2021-01-01T00:00:00
	 xbrlreader: 2020-01-01,2020-12-31
esef-6159_2019 Value:
	       json: 184430000
	 xbrlreader: 184.430000
esef-6159_2019 Identifier:
	       json: scheme:5299001AMHDLKUM80611
	 xbrlreader: 5299001AMHDLKUM80611
esef-6159_2019 Period:
	       json: 2019-01-01T00:00:00/2020-01-01T00:00:00
	 xbrlreader: 2019-01-01,2019-12-31
esef-6160_2019 Identifier:
	       json: scheme:5299001AMHDLKUM80611
	 xbrlreader: 5299001AMHDLKUM80611
esef-6160_2019 Period:
	       json: 2019-01-01T00:00:00/2020-01-01T00:00:00
	 xbrlreader: 2019-01-01,2019-12-31
esef-6157_2020_123 Value:
	       json: 104121000
	 xbrlreader: 104.121000
esef-6157_2020_123 Identifier:
	       json: scheme:5299001AMHDLKUM80611
	 xbrlreader: 5299001AMHDLKUM80611
esef-6157_2020_123 Period:
	       json: 2020-01-01T00:00:00/2021-01-01T00:00:00
	 xbrlreader: 2020-01-01,2020-12-31
esef-6157_2019_124 Value:
	       json: 184884000
	 xbrlreader: 184.884000
esef-6157_2019_124 Identifier:
	       json: scheme:5299001AMHDLKUM80611
	 xbrlreader: 5299001AMHDLKUM80611
esef-6157_2019_124 Period:
	       json: 2019-01-01T00:00:00/2020-01-01T00:00:00
	 xbrlreader: 2019-01-01,2019-12-31
esef-6436_6400-2018 Value:
	       json: 80000000
	 xbrlreader: 80.000000
esef-6436_6400-2018 Identifier:
	       json: scheme:5299001AMHDLKUM80611
	 xbrlreader: 5299001AMHDLKUM80611
esef-6436_6400-2018 Period:
	       json: 2019-01-01T00:00:00
	 xbrlreader: 2018-12-31
esef-6436_7361-2018 Value:
	       json: 172658000
	 xbrlreader: 172.658000
esef-6436_7361-2018 Identifier:
	       json: scheme:5299001AMHDLKUM80611
	 xbrlreader: 5299001AMHDLKUM80611
esef-6436_7361-2018 Period:
	       json: 2019-01-01T00:00:00
	 xbrlreader: 2018-12-31
esef-6436_6425-2018 Value:
	       json: 1341132000
	 xbrlreader: 1.341.132000
esef-6436_6425-2018 Identifier:
	       json: scheme:5299001AMHDLKUM80611
	 xbrlreader: 5299001AMHDLKUM80611
esef-6436_6425-2018 Period:
	       json: 2019-01-01T00:00:00
	 xbrlreader: 2018-12-31
esef-6439_6425-2019 Value:
	       json: 189743000
	 xbrlreader: 189.743000
esef-6439_6425-2019 Identifier:
	       json: scheme:5299001AMHDLKUM80611
	 xbrlreader: 5299001AMHDLKUM80611
esef-6439_6425-2019 Period:
	       json: 2019-01-01T00:00:00/2020-01-01T00:00:00
	 xbrlreader: 2019-01-01,2019-12-31
esef-6440_6425-2019 Value:
	       json: 0
	 xbrlreader: 0000
esef-6440_6425-2019 Identifier:
	       json: scheme:5299001AMHDLKUM80611
	 xbrlreader: 5299001AMHDLKUM80611
esef-6440_6425-2019 Period:
	       json: 2019-01-01T00:00:00/2020-01-01T00:00:00
	 xbrlreader: 2019-01-01,2019-12-31
esef-6436_6406-2018 Value:
	       json: -159784000
	 xbrlreader: -159.784000
esef-6436_6406-2018 Identifier:
	       json: scheme:5299001AMHDLKUM80611
	 xbrlreader: 5299001AMHDLKUM80611
esef-6436_6406-2018 Period:
	       json: 2019-01-01T00:00:00
	 xbrlreader: 2018-12-31
esef-6439_6406-2019 Value:
	       json: 0
	 xbrlreader: 0000
esef-6439_6406-2019 Identifier:
	       json: scheme:5299001AMHDLKUM80611
	 xbrlreader: 5299001AMHDLKUM80611
esef-6439_6406-2019 Period:
	       json: 2019-01-01T00:00:00/2020-01-01T00:00:00
	 xbrlreader: 2019-01-01,2019-12-31
esef-6436_6418-2018 Value:
	       json: -51411000
	 xbrlreader: -51.411000
esef-6436_6418-2018 Identifier:
	       json: scheme:5299001AMHDLKUM80611
	 xbrlreader: 5299001AMHDLKUM80611
esef-6436_6418-2018 Period:
	       json: 2019-01-01T00:00:00
	 xbrlreader: 2018-12-31
esef-6439_6418-2019 Value:
	       json: 0
	 xbrlreader: 0000
esef-6439_6418-2019 Identifier:
	       json: scheme:5299001AMHDLKUM80611
	 xbrlreader: 5299001AMHDLKUM80611
esef-6439_6418-2019 Period:
	       json: 2019-01-01T00:00:00/2020-01-01T00:00:00
	 xbrlreader: 2019-01-01,2019-12-31
esef-6436_7359-2018 Value:
	       json: -211195000
	 xbrlreader: -211.195000
esef-6436_7359-2018 Identifier:
	       json: scheme:5299001AMHDLKUM80611
	 xbrlreader: 5299001AMHDLKUM80611
esef-6436_7359-2018 Period:
	       json: 2019-01-01T00:00:00
	 xbrlreader: 2018-12-31
esef-6439_7359-2019 Value:
	       json: 0
	 xbrlreader: 0000
esef-6439_7359-2019 Identifier:
	       json: scheme:5299001AMHDLKUM80611
	 xbrlreader: 5299001AMHDLKUM80611
esef-6439_7359-2019 Period:
	       json: 2019-01-01T00:00:00/2020-01-01T00:00:00
	 xbrlreader: 2019-01-01,2019-12-31
esef-6436_6399-2018 Value:
	       json: 1382595000
	 xbrlreader: 1.382.595000
esef-6436_6399-2018 Identifier:
	       json: scheme:5299001AMHDLKUM80611
	 xbrlreader: 5299001AMHDLKUM80611
esef-6436_6399-2018 Period:
	       json: 2019-01-01T00:00:00
	 xbrlreader: 2018-12-31
esef-6439_6399-2019 Value:
	       json: 189743000
	 xbrlreader: 189.743000
esef-6439_6399-2019 Identifier:
	       json: scheme:5299001AMHDLKUM80611
	 xbrlreader: 5299001AMHDLKUM80611
esef-6439_6399-2019 Period:
	       json: 2019-01-01T00:00:00/2020-01-01T00:00:00
	 xbrlreader: 2019-01-01,2019-12-31
esef-6440_6399-2019 Value:
	       json: -5313000
	 xbrlreader: -5.313000
esef-6440_6399-2019 Identifier:
	       json: scheme:5299001AMHDLKUM80611
	 xbrlreader: 5299001AMHDLKUM80611
esef-6440_6399-2019 Period:
	       json: 2019-01-01T00:00:00/2020-01-01T00:00:00
	 xbrlreader: 2019-01-01,2019-12-31
esef-6436_6426-2018 Value:
	       json: 2164000
	 xbrlreader: 2.164000
esef-6436_6426-2018 Identifier:
	       json: scheme:5299001AMHDLKUM80611
	 xbrlreader: 5299001AMHDLKUM80611
esef-6436_6426-2018 Period:
	       json: 2019-01-01T00:00:00
	 xbrlreader: 2018-12-31
esef-6439_6426-2019 Identifier:
	       json: scheme:5299001AMHDLKUM80611
	 xbrlreader: 5299001AMHDLKUM80611
esef-6439_6426-2019 Period:
	       json: 2019-01-01T00:00:00/2020-01-01T00:00:00
	 xbrlreader: 2019-01-01,2019-12-31
esef-6436_2018 Value:
	       json: 1384759000
	 xbrlreader: 1.384.759000
esef-6436_2018 Identifier:
	       json: scheme:5299001AMHDLKUM80611
	 xbrlreader: 5299001AMHDLKUM80611
esef-6436_2018 Period:
	       json: 2019-01-01T00:00:00
	 xbrlreader: 2018-12-31
esef-6439_2019 Value:
	       json: 190219000
	 xbrlreader: 190.219000
esef-6439_2019 Identifier:
	       json: scheme:5299001AMHDLKUM80611
	 xbrlreader: 5299001AMHDLKUM80611
esef-6439_2019 Period:
	       json: 2019-01-01T00:00:00/2020-01-01T00:00:00
	 xbrlreader: 2019-01-01,2019-12-31
esef-6440_2019 Value:
	       json: -5335000
	 xbrlreader: -5.335000
esef-6440_2019 Identifier:
	       json: scheme:5299001AMHDLKUM80611
	 xbrlreader: 5299001AMHDLKUM80611
esef-6440_2019 Period:
	       json: 2019-01-01T00:00:00/2020-01-01T00:00:00
	 xbrlreader: 2019-01-01,2019-12-31
esef-6439_6400-2019 Value:
	       json: 0
	 xbrlreader: 0000
esef-6439_6400-2019 Identifier:
	       json: scheme:5299001AMHDLKUM80611
	 xbrlreader: 5299001AMHDLKUM80611
esef-6439_6400-2019 Period:
	       json: 2019-01-01T00:00:00/2020-01-01T00:00:00
	 xbrlreader: 2019-01-01,2019-12-31
esef-6440_6400-2019 Value:
	       json: 0
	 xbrlreader: 0000
esef-6440_6400-2019 Identifier:
	       json: scheme:5299001AMHDLKUM80611
	 xbrlreader: 5299001AMHDLKUM80611
esef-6440_6400-2019 Period:
	       json: 2019-01-01T00:00:00/2020-01-01T00:00:00
	 xbrlreader: 2019-01-01,2019-12-31
esef-6441_6400-2019 Value:
	       json: 0
	 xbrlreader: 0000
esef-6441_6400-2019 Identifier:
	       json: scheme:5299001AMHDLKUM80611
	 xbrlreader: 5299001AMHDLKUM80611
esef-6441_6400-2019 Period:
	       json: 2019-01-01T00:00:00/2020-01-01T00:00:00
	 xbrlreader: 2019-01-01,2019-12-31
esef-6439_7361-2019 Value:
	       json: 0
	 xbrlreader: 0000
esef-6439_7361-2019 Identifier:
	       json: scheme:5299001AMHDLKUM80611
	 xbrlreader: 5299001AMHDLKUM80611
esef-6439_7361-2019 Period:
	       json: 2019-01-01T00:00:00/2020-01-01T00:00:00
	 xbrlreader: 2019-01-01,2019-12-31
esef-6440_7361-2019 Value:
	       json: 0
	 xbrlreader: 0000
esef-6440_7361-2019 Identifier:
	       json: scheme:5299001AMHDLKUM80611
	 xbrlreader: 5299001AMHDLKUM80611
esef-6440_7361-2019 Period:
	       json: 2019-01-01T00:00:00/2020-01-01T00:00:00
	 xbrlreader: 2019-01-01,2019-12-31
esef-6441_7361-2019 Value:
	       json: 0
	 xbrlreader: 0000
esef-6441_7361-2019 Identifier:
	       json: scheme:5299001AMHDLKUM80611
	 xbrlreader: 5299001AMHDLKUM80611
esef-6441_7361-2019 Period:
	       json: 2019-01-01T00:00:00/2020-01-01T00:00:00
	 xbrlreader: 2019-01-01,2019-12-31
esef-6440_6406-2019 Value:
	       json: 9204000
	 xbrlreader: 9.204000
esef-6440_6406-2019 Identifier:
	       json: scheme:5299001AMHDLKUM80611
	 xbrlreader: 5299001AMHDLKUM80611
esef-6440_6406-2019 Period:
	       json: 2019-01-01T00:00:00/2020-01-01T00:00:00
	 xbrlreader: 2019-01-01,2019-12-31
esef-6441_6406-2019 Value:
	       json: 9204000
	 xbrlreader: 9.204000
esef-6441_6406-2019 Identifier:
	       json: scheme:5299001AMHDLKUM80611
	 xbrlreader: 5299001AMHDLKUM80611
esef-6441_6406-2019 Period:
	       json: 2019-01-01T00:00:00/2020-01-01T00:00:00
	 xbrlreader: 2019-01-01,2019-12-31
esef-6440_6418-2019 Value:
	       json: -14517000
	 xbrlreader: -14.517000
esef-6440_6418-2019 Identifier:
	       json: scheme:5299001AMHDLKUM80611
	 xbrlreader: 5299001AMHDLKUM80611
esef-6440_6418-2019 Period:
	       json: 2019-01-01T00:00:00/2020-01-01T00:00:00
	 xbrlreader: 2019-01-01,2019-12-31
esef-6441_6418-2019 Value:
	       json: -14517000
	 xbrlreader: -14.517000
esef-6441_6418-2019 Identifier:
	       json: scheme:5299001AMHDLKUM80611
	 xbrlreader: 5299001AMHDLKUM80611
esef-6441_6418-2019 Period:
	       json: 2019-01-01T00:00:00/2020-01-01T00:00:00
	 xbrlreader: 2019-01-01,2019-12-31
esef-6440_7359-2019 Value:
	       json: -5313000
	 xbrlreader: -5.313000
esef-6440_7359-2019 Identifier:
	       json: scheme:5299001AMHDLKUM80611
	 xbrlreader: 5299001AMHDLKUM80611
esef-6440_7359-2019 Period:
	       json: 2019-01-01T00:00:00/2020-01-01T00:00:00
	 xbrlreader: 2019-01-01,2019-12-31
esef-6441_7359-2019 Value:
	       json: -5313000
	 xbrlreader: -5.313000
esef-6441_7359-2019 Identifier:
	       json: scheme:5299001AMHDLKUM80611
	 xbrlreader: 5299001AMHDLKUM80611
esef-6441_7359-2019 Period:
	       json: 2019-01-01T00:00:00/2020-01-01T00:00:00
	 xbrlreader: 2019-01-01,2019-12-31
esef-6440_6426-2019 Identifier:
	       json: scheme:5299001AMHDLKUM80611
	 xbrlreader: 5299001AMHDLKUM80611
esef-6440_6426-2019 Period:
	       json: 2019-01-01T00:00:00/2020-01-01T00:00:00
	 xbrlreader: 2019-01-01,2019-12-31
esef-6441_6425-2019 Value:
	       json: 189743000
	 xbrlreader: 189.743000
esef-6441_6425-2019 Identifier:
	       json: scheme:5299001AMHDLKUM80611
	 xbrlreader: 5299001AMHDLKUM80611
esef-6441_6425-2019 Period:
	       json: 2019-01-01T00:00:00/2020-01-01T00:00:00
	 xbrlreader: 2019-01-01,2019-12-31
esef-6441_6399-2019 Value:
	       json: 184430000
	 xbrlreader: 184.430000
esef-6441_6399-2019 Identifier:
	       json: scheme:5299001AMHDLKUM80611
	 xbrlreader: 5299001AMHDLKUM80611
esef-6441_6399-2019 Period:
	       json: 2019-01-01T00:00:00/2020-01-01T00:00:00
	 xbrlreader: 2019-01-01,2019-12-31
esef-6441_6426-2019 Identifier:
	       json: scheme:5299001AMHDLKUM80611
	 xbrlreader: 5299001AMHDLKUM80611
esef-6441_6426-2019 Period:
	       json: 2019-01-01T00:00:00/2020-01-01T00:00:00
	 xbrlreader: 2019-01-01,2019-12-31
esef-6441_2019 Value:
	       json: 184884000
	 xbrlreader: 184.884000
esef-6441_2019 Identifier:
	       json: scheme:5299001AMHDLKUM80611
	 xbrlreader: 5299001AMHDLKUM80611
esef-6441_2019 Period:
	       json: 2019-01-01T00:00:00/2020-01-01T00:00:00
	 xbrlreader: 2019-01-01,2019-12-31
esef-6443_6400-2019 Value:
	       json: 0
	 xbrlreader: 0000
esef-6443_6400-2019 Identifier:
	       json: scheme:5299001AMHDLKUM80611
	 xbrlreader: 5299001AMHDLKUM80611
esef-6443_6400-2019 Period:
	       json: 2019-01-01T00:00:00/2020-01-01T00:00:00
	 xbrlreader: 2019-01-01,2019-12-31
esef-6443_7361-2019 Value:
	       json: 0
	 xbrlreader: 0000
esef-6443_7361-2019 Identifier:
	       json: scheme:5299001AMHDLKUM80611
	 xbrlreader: 5299001AMHDLKUM80611
esef-6443_7361-2019 Period:
	       json: 2019-01-01T00:00:00/2020-01-01T00:00:00
	 xbrlreader: 2019-01-01,2019-12-31
esef-6443_6425-2019 Value:
	       json: 64000000
	 xbrlreader: 64.000000
esef-6443_6425-2019 Identifier:
	       json: scheme:5299001AMHDLKUM80611
	 xbrlreader: 5299001AMHDLKUM80611
esef-6443_6425-2019 Period:
	       json: 2019-01-01T00:00:00/2020-01-01T00:00:00
	 xbrlreader: 2019-01-01,2019-12-31
esef-6443_6406-2019 Value:
	       json: 0
	 xbrlreader: 0000
esef-6443_6406-2019 Identifier:
	       json: scheme:5299001AMHDLKUM80611
	 xbrlreader: 5299001AMHDLKUM80611
esef-6443_6406-2019 Period:
	       json: 2019-01-01T00:00:00/2020-01-01T00:00:00
	 xbrlreader: 2019-01-01,2019-12-31
esef-6443_6418-2019 Value:
	       json: 0
	 xbrlreader: 0000
esef-6443_6418-2019 Identifier:
	       json: scheme:5299001AMHDLKUM80611
	 xbrlreader: 5299001AMHDLKUM80611
esef-6443_6418-2019 Period:
	       json: 2019-01-01T00:00:00/2020-01-01T00:00:00
	 xbrlreader: 2019-01-01,2019-12-31
esef-6443_7359-2019 Value:
	       json: 0
	 xbrlreader: 0000
esef-6443_7359-2019 Identifier:
	       json: scheme:5299001AMHDLKUM80611
	 xbrlreader: 5299001AMHDLKUM80611
esef-6443_7359-2019 Period:
	       json: 2019-01-01T00:00:00/2020-01-01T00:00:00
	 xbrlreader: 2019-01-01,2019-12-31
esef-6443_6399-2019 Value:
	       json: 64000000
	 xbrlreader: 64.000000
esef-6443_6399-2019 Identifier:
	       json: scheme:5299001AMHDLKUM80611
	 xbrlreader: 5299001AMHDLKUM80611
esef-6443_6399-2019 Period:
	       json: 2019-01-01T00:00:00/2020-01-01T00:00:00
	 xbrlreader: 2019-01-01,2019-12-31
esef-6443_6426-2019 Value:
	       json: 1047000
	 xbrlreader: 1.047000
esef-6443_6426-2019 Identifier:
	       json: scheme:5299001AMHDLKUM80611
	 xbrlreader: 5299001AMHDLKUM80611
esef-6443_6426-2019 Period:
	       json: 2019-01-01T00:00:00/2020-01-01T00:00:00
	 xbrlreader: 2019-01-01,2019-12-31
esef-6443_2019 Value:
	       json: 65047000
	 xbrlreader: 65.047000
esef-6443_2019 Identifier:
	       json: scheme:5299001AMHDLKUM80611
	 xbrlreader: 5299001AMHDLKUM80611
esef-6443_2019 Period:
	       json: 2019-01-01T00:00:00/2020-01-01T00:00:00
	 xbrlreader: 2019-01-01,2019-12-31
esef-6448_6400-2019 Value:
	       json: 0
	 xbrlreader: 0000
esef-6448_6400-2019 Identifier:
	       json: scheme:5299001AMHDLKUM80611
	 xbrlreader: 5299001AMHDLKUM80611
esef-6448_6400-2019 Period:
	       json: 2019-01-01T00:00:00/2020-01-01T00:00:00
	 xbrlreader: 2019-01-01,2019-12-31
esef-6448_7361-2019 Value:
	       json: 0
	 xbrlreader: 0000
esef-6448_7361-2019 Identifier:
	       json: scheme:5299001AMHDLKUM80611
	 xbrlreader: 5299001AMHDLKUM80611
esef-6448_7361-2019 Period:
	       json: 2019-01-01T00:00:00/2020-01-01T00:00:00
	 xbrlreader: 2019-01-01,2019-12-31
esef-6448_6425-2019 Identifier:
	       json: scheme:5299001AMHDLKUM80611
	 xbrlreader: 5299001AMHDLKUM80611
esef-6448_6425-2019 Period:
	       json: 2019-01-01T00:00:00/2020-01-01T00:00:00
	 xbrlreader: 2019-01-01,2019-12-31
esef-6436_6425-2019 Value:
	       json: 1466884000
	 xbrlreader: 1.466.884000
esef-6436_6425-2019 Identifier:
	       json: scheme:5299001AMHDLKUM80611
	 xbrlreader: 5299001AMHDLKUM80611
esef-6436_6425-2019 Period:
	       json: 2020-01-01T00:00:00
	 xbrlreader: 2019-12-31
esef-6439_6425-2020 Value:
	       json: 161188000
	 xbrlreader: 161.188000
esef-6439_6425-2020 Identifier:
	       json: scheme:5299001AMHDLKUM80611
	 xbrlreader: 5299001AMHDLKUM80611
esef-6439_6425-2020 Period:
	       json: 2020-01-01T00:00:00/2021-01-01T00:00:00
	 xbrlreader: 2020-01-01,2020-12-31
esef-6440_6425-2020 Value:
	       json: 0
	 xbrlreader: 0000
esef-6440_6425-2020 Identifier:
	       json: scheme:5299001AMHDLKUM80611
	 xbrlreader: 5299001AMHDLKUM80611
esef-6440_6425-2020 Period:
	       json: 2020-01-01T00:00:00/2021-01-01T00:00:00
	 xbrlreader: 2020-01-01,2020-12-31
esef-6448_6406-2019 Value:
	       json: 0
	 xbrlreader: 0000
esef-6448_6406-2019 Identifier:
	       json: scheme:5299001AMHDLKUM80611
	 xbrlreader: 5299001AMHDLKUM80611
esef-6448_6406-2019 Period:
	       json: 2019-01-01T00:00:00/2020-01-01T00:00:00
	 xbrlreader: 2019-01-01,2019-12-31
esef-6436_6406-2019 Value:
	       json: -150580000
	 xbrlreader: -150.580000
esef-6436_6406-2019 Identifier:
	       json: scheme:5299001AMHDLKUM80611
	 xbrlreader: 5299001AMHDLKUM80611
esef-6436_6406-2019 Period:
	       json: 2020-01-01T00:00:00
	 xbrlreader: 2019-12-31
esef-6439_6406-2020 Value:
	       json: 0
	 xbrlreader: 0000
esef-6439_6406-2020 Identifier:
	       json: scheme:5299001AMHDLKUM80611
	 xbrlreader: 5299001AMHDLKUM80611
esef-6439_6406-2020 Period:
	       json: 2020-01-01T00:00:00/2021-01-01T00:00:00
	 xbrlreader: 2020-01-01,2020-12-31
esef-6448_6418-2019 Value:
	       json: 0
	 xbrlreader: 0000
esef-6448_6418-2019 Identifier:
	       json: scheme:5299001AMHDLKUM80611
	 xbrlreader: 5299001AMHDLKUM80611
esef-6448_6418-2019 Period:
	       json: 2019-01-01T00:00:00/2020-01-01T00:00:00
	 xbrlreader: 2019-01-01,2019-12-31
esef-6436_6418-2019 Value:
	       json: -65928000
	 xbrlreader: -65.928000
esef-6436_6418-2019 Identifier:
	       json: scheme:5299001AMHDLKUM80611
	 xbrlreader: 5299001AMHDLKUM80611
esef-6436_6418-2019 Period:
	       json: 2020-01-01T00:00:00
	 xbrlreader: 2019-12-31
esef-6439_6418-2020 Value:
	       json: 0
	 xbrlreader: 0000
esef-6439_6418-2020 Identifier:
	       json: scheme:5299001AMHDLKUM80611
	 xbrlreader: 5299001AMHDLKUM80611
esef-6439_6418-2020 Period:
	       json: 2020-01-01T00:00:00/2021-01-01T00:00:00
	 xbrlreader: 2020-01-01,2020-12-31
esef-6448_7359-2019 Value:
	       json: 0
	 xbrlreader: 0000
esef-6448_7359-2019 Identifier:
	       json: scheme:5299001AMHDLKUM80611
	 xbrlreader: 5299001AMHDLKUM80611
esef-6448_7359-2019 Period:
	       json: 2019-01-01T00:00:00/2020-01-01T00:00:00
	 xbrlreader: 2019-01-01,2019-12-31
esef-6436_7359-2019 Value:
	       json: -216508000
	 xbrlreader: -216.508000
esef-6436_7359-2019 Identifier:
	       json: scheme:5299001AMHDLKUM80611
	 xbrlreader: 5299001AMHDLKUM80611
esef-6436_7359-2019 Period:
	       json: 2020-01-01T00:00:00
	 xbrlreader: 2019-12-31
esef-6439_7359-2020 Value:
	       json: 0
	 xbrlreader: 0000
esef-6439_7359-2020 Identifier:
	       json: scheme:5299001AMHDLKUM80611
	 xbrlreader: 5299001AMHDLKUM80611
esef-6439_7359-2020 Period:
	       json: 2020-01-01T00:00:00/2021-01-01T00:00:00
	 xbrlreader: 2020-01-01,2020-12-31
esef-6448_6399-2019 Identifier:
	       json: scheme:5299001AMHDLKUM80611
	 xbrlreader: 5299001AMHDLKUM80611
esef-6448_6399-2019 Period:
	       json: 2019-01-01T00:00:00/2020-01-01T00:00:00
	 xbrlreader: 2019-01-01,2019-12-31
esef-6436_6399-2019 Value:
	       json: 1503034000
	 xbrlreader: 1.503.034000
esef-6436_6399-2019 Identifier:
	       json: scheme:5299001AMHDLKUM80611
	 xbrlreader: 5299001AMHDLKUM80611
esef-6436_6399-2019 Period:
	       json: 2020-01-01T00:00:00
	 xbrlreader: 2019-12-31
esef-6439_6399-2020 Value:
	       json: 161188000
	 xbrlreader: 161.188000
esef-6439_6399-2020 Identifier:
	       json: scheme:5299001AMHDLKUM80611
	 xbrlreader: 5299001AMHDLKUM80611
esef-6439_6399-2020 Period:
	       json: 2020-01-01T00:00:00/2021-01-01T00:00:00
	 xbrlreader: 2020-01-01,2020-12-31
esef-6448_6426-2019 Value:
	       json: 3704000
	 xbrlreader: 3.704000
esef-6448_6426-2019 Identifier:
	       json: scheme:5299001AMHDLKUM80611
	 xbrlreader: 5299001AMHDLKUM80611
esef-6448_6426-2019 Period:
	       json: 2019-01-01T00:00:00/2020-01-01T00:00:00
	 xbrlreader: 2019-01-01,2019-12-31
esef-6436_6426-2019 Value:
	       json: 5275000
	 xbrlreader: 5.275000
esef-6436_6426-2019 Identifier:
	       json: scheme:5299001AMHDLKUM80611
	 xbrlreader: 5299001AMHDLKUM80611
esef-6436_6426-2019 Period:
	       json: 2020-01-01T00:00:00
	 xbrlreader: 2019-12-31
esef-6439_6426-2020 Value:
	       json: 1042000
	 xbrlreader: 1.042000
esef-6439_6426-2020 Identifier:
	       json: scheme:5299001AMHDLKUM80611
	 xbrlreader: 5299001AMHDLKUM80611
esef-6439_6426-2020 Period:
	       json: 2020-01-01T00:00:00/2021-01-01T00:00:00
	 xbrlreader: 2020-01-01,2020-12-31
esef-6440_6426-2020 Identifier:
	       json: scheme:5299001AMHDLKUM80611
	 xbrlreader: 5299001AMHDLKUM80611
esef-6440_6426-2020 Period:
	       json: 2020-01-01T00:00:00/2021-01-01T00:00:00
	 xbrlreader: 2020-01-01,2020-12-31
esef-6441_6426-2020 Identifier:
	       json: scheme:5299001AMHDLKUM80611
	 xbrlreader: 5299001AMHDLKUM80611
esef-6441_6426-2020 Period:
	       json: 2020-01-01T00:00:00/2021-01-01T00:00:00
	 xbrlreader: 2020-01-01,2020-12-31
esef-6448_2019 Value:
	       json: 3713000
	 xbrlreader: 3.713000
esef-6448_2019 Identifier:
	       json: scheme:5299001AMHDLKUM80611
	 xbrlreader: 5299001AMHDLKUM80611
esef-6448_2019 Period:
	       json: 2019-01-01T00:00:00/2020-01-01T00:00:00
	 xbrlreader: 2019-01-01,2019-12-31
esef-6436_2019 Value:
	       json: 1508309000
	 xbrlreader: 1.508.309000
esef-6436_2019 Identifier:
	       json: scheme:5299001AMHDLKUM80611
	 xbrlreader: 5299001AMHDLKUM80611
esef-6436_2019 Period:
	       json: 2020-01-01T00:00:00
	 xbrlreader: 2019-12-31
esef-6439_2020 Value:
	       json: 162230000
	 xbrlreader: 162.230000
esef-6439_2020 Identifier:
	       json: scheme:5299001AMHDLKUM80611
	 xbrlreader: 5299001AMHDLKUM80611
esef-6439_2020 Period:
	       json: 2020-01-01T00:00:00/2021-01-01T00:00:00
	 xbrlreader: 2020-01-01,2020-12-31
esef-6436_6400-2019 Value:
	       json: 80000000
	 xbrlreader: 80.000000
esef-6436_6400-2019 Identifier:
	       json: scheme:5299001AMHDLKUM80611
	 xbrlreader: 5299001AMHDLKUM80611
esef-6436_6400-2019 Period:
	       json: 2020-01-01T00:00:00
	 xbrlreader: 2019-12-31
esef-6436_7361-2019 Value:
	       json: 172658000
	 xbrlreader: 172.658000
esef-6436_7361-2019 Identifier:
	       json: scheme:5299001AMHDLKUM80611
	 xbrlreader: 5299001AMHDLKUM80611
esef-6436_7361-2019 Period:
	       json: 2020-01-01T00:00:00
	 xbrlreader: 2019-12-31
esef-6439_6400-2020 Value:
	       json: 0
	 xbrlreader: 0000
esef-6439_6400-2020 Identifier:
	       json: scheme:5299001AMHDLKUM80611
	 xbrlreader: 5299001AMHDLKUM80611
esef-6439_6400-2020 Period:
	       json: 2020-01-01T00:00:00/2021-01-01T00:00:00
	 xbrlreader: 2020-01-01,2020-12-31
esef-6440_6400-2020 Value:
	       json: 0
	 xbrlreader: 0000
esef-6440_6400-2020 Identifier:
	       json: scheme:5299001AMHDLKUM80611
	 xbrlreader: 5299001AMHDLKUM80611
esef-6440_6400-2020 Period:
	       json: 2020-01-01T00:00:00/2021-01-01T00:00:00
	 xbrlreader: 2020-01-01,2020-12-31
esef-6441_6400-2020 Value:
	       json: 0
	 xbrlreader: 0000
esef-6441_6400-2020 Identifier:
	       json: scheme:5299001AMHDLKUM80611
	 xbrlreader: 5299001AMHDLKUM80611
esef-6441_6400-2020 Period:
	       json: 2020-01-01T00:00:00/2021-01-01T00:00:00
	 xbrlreader: 2020-01-01,2020-12-31
esef-6439_7361-2020 Value:
	       json: 0
	 xbrlreader: 0000
esef-6439_7361-2020 Identifier:
	       json: scheme:5299001AMHDLKUM80611
	 xbrlreader: 5299001AMHDLKUM80611
esef-6439_7361-2020 Period:
	       json: 2020-01-01T00:00:00/2021-01-01T00:00:00
	 xbrlreader: 2020-01-01,2020-12-31
esef-6440_7361-2020 Value:
	       json: 0
	 xbrlreader: 0000
esef-6440_7361-2020 Identifier:
	       json: scheme:5299001AMHDLKUM80611
	 xbrlreader: 5299001AMHDLKUM80611
esef-6440_7361-2020 Period:
	       json: 2020-01-01T00:00:00/2021-01-01T00:00:00
	 xbrlreader: 2020-01-01,2020-12-31
esef-6441_7361-2020 Value:
	       json: 0
	 xbrlreader: 0000
esef-6441_7361-2020 Identifier:
	       json: scheme:5299001AMHDLKUM80611
	 xbrlreader: 5299001AMHDLKUM80611
esef-6441_7361-2020 Period:
	       json: 2020-01-01T00:00:00/2021-01-01T00:00:00
	 xbrlreader: 2020-01-01,2020-12-31
esef-6440_6406-2020 Value:
	       json: -56593000
	 xbrlreader: -56.593000
esef-6440_6406-2020 Identifier:
	       json: scheme:5299001AMHDLKUM80611
	 xbrlreader: 5299001AMHDLKUM80611
esef-6440_6406-2020 Period:
	       json: 2020-01-01T00:00:00/2021-01-01T00:00:00
	 xbrlreader: 2020-01-01,2020-12-31
esef-6441_6406-2020 Value:
	       json: -56593000
	 xbrlreader: -56.593000
esef-6441_6406-2020 Identifier:
	       json: scheme:5299001AMHDLKUM80611
	 xbrlreader: 5299001AMHDLKUM80611
esef-6441_6406-2020 Period:
	       json: 2020-01-01T00:00:00/2021-01-01T00:00:00
	 xbrlreader: 2020-01-01,2020-12-31
esef-6440_6418-2020 Value:
	       json: -1376000
	 xbrlreader: -1.376000
esef-6440_6418-2020 Identifier:
	       json: scheme:5299001AMHDLKUM80611
	 xbrlreader: 5299001AMHDLKUM80611
esef-6440_6418-2020 Period:
	       json: 2020-01-01T00:00:00/2021-01-01T00:00:00
	 xbrlreader: 2020-01-01,2020-12-31
esef-6441_6418-2020 Value:
	       json: -1376000
	 xbrlreader: -1.376000
esef-6441_6418-2020 Identifier:
	       json: scheme:5299001AMHDLKUM80611
	 xbrlreader: 5299001AMHDLKUM80611
esef-6441_6418-2020 Period:
	       json: 2020-01-01T00:00:00/2021-01-01T00:00:00
	 xbrlreader: 2020-01-01,2020-12-31
esef-6440_7359-2020 Value:
	       json: -57969000
	 xbrlreader: -57.969000
esef-6440_7359-2020 Identifier:
	       json: scheme:5299001AMHDLKUM80611
	 xbrlreader: 5299001AMHDLKUM80611
esef-6440_7359-2020 Period:
	       json: 2020-01-01T00:00:00/2021-01-01T00:00:00
	 xbrlreader: 2020-01-01,2020-12-31
esef-6441_7359-2020 Value:
	       json: -57969000
	 xbrlreader: -57.969000
esef-6441_7359-2020 Identifier:
	       json: scheme:5299001AMHDLKUM80611
	 xbrlreader: 5299001AMHDLKUM80611
esef-6441_7359-2020 Period:
	       json: 2020-01-01T00:00:00/2021-01-01T00:00:00
	 xbrlreader: 2020-01-01,2020-12-31
esef-6440_6399-2020 Value:
	       json: -57969000
	 xbrlreader: -57.969000
esef-6440_6399-2020 Identifier:
	       json: scheme:5299001AMHDLKUM80611
	 xbrlreader: 5299001AMHDLKUM80611
esef-6440_6399-2020 Period:
	       json: 2020-01-01T00:00:00/2021-01-01T00:00:00
	 xbrlreader: 2020-01-01,2020-12-31
esef-6440_2020 Value:
	       json: -58109000
	 xbrlreader: -58.109000
esef-6440_2020 Identifier:
	       json: scheme:5299001AMHDLKUM80611
	 xbrlreader: 5299001AMHDLKUM80611
esef-6440_2020 Period:
	       json: 2020-01-01T00:00:00/2021-01-01T00:00:00
	 xbrlreader: 2020-01-01,2020-12-31
esef-6441_6425-2020 Value:
	       json: 161188000
	 xbrlreader: 161.188000
esef-6441_6425-2020 Identifier:
	       json: scheme:5299001AMHDLKUM80611
	 xbrlreader: 5299001AMHDLKUM80611
esef-6441_6425-2020 Period:
	       json: 2020-01-01T00:00:00/2021-01-01T00:00:00
	 xbrlreader: 2020-01-01,2020-12-31
esef-6441_6399-2020 Value:
	       json: 103219000
	 xbrlreader: 103.219000
esef-6441_6399-2020 Identifier:
	       json: scheme:5299001AMHDLKUM80611
	 xbrlreader: 5299001AMHDLKUM80611
esef-6441_6399-2020 Period:
	       json: 2020-01-01T00:00:00/2021-01-01T00:00:00
	 xbrlreader: 2020-01-01,2020-12-31
esef-6441_2020 Value:
	       json: 104121000
	 xbrlreader: 104.121000
esef-6441_2020 Identifier:
	       json: scheme:5299001AMHDLKUM80611
	 xbrlreader: 5299001AMHDLKUM80611
esef-6441_2020 Period:
	       json: 2020-01-01T00:00:00/2021-01-01T00:00:00
	 xbrlreader: 2020-01-01,2020-12-31
esef-6443_6400-2020 Value:
	       json: 0
	 xbrlreader: 0000
esef-6443_6400-2020 Identifier:
	       json: scheme:5299001AMHDLKUM80611
	 xbrlreader: 5299001AMHDLKUM80611
esef-6443_6400-2020 Period:
	       json: 2020-01-01T00:00:00/2021-01-01T00:00:00
	 xbrlreader: 2020-01-01,2020-12-31
esef-6443_7361-2020 Value:
	       json: 0
	 xbrlreader: 0000
esef-6443_7361-2020 Identifier:
	       json: scheme:5299001AMHDLKUM80611
	 xbrlreader: 5299001AMHDLKUM80611
esef-6443_7361-2020 Period:
	       json: 2020-01-01T00:00:00/2021-01-01T00:00:00
	 xbrlreader: 2020-01-01,2020-12-31
esef-6443_6425-2020 Value:
	       json: 64000000
	 xbrlreader: 64.000000
esef-6443_6425-2020 Identifier:
	       json: scheme:5299001AMHDLKUM80611
	 xbrlreader: 5299001AMHDLKUM80611
esef-6443_6425-2020 Period:
	       json: 2020-01-01T00:00:00/2021-01-01T00:00:00
	 xbrlreader: 2020-01-01,2020-12-31
esef-6443_6406-2020 Value:
	       json: 0
	 xbrlreader: 0000
esef-6443_6406-2020 Identifier:
	       json: scheme:5299001AMHDLKUM80611
	 xbrlreader: 5299001AMHDLKUM80611
esef-6443_6406-2020 Period:
	       json: 2020-01-01T00:00:00/2021-01-01T00:00:00
	 xbrlreader: 2020-01-01,2020-12-31
esef-6443_6418-2020 Value:
	       json: 0
	 xbrlreader: 0000
esef-6443_6418-2020 Identifier:
	       json: scheme:5299001AMHDLKUM80611
	 xbrlreader: 5299001AMHDLKUM80611
esef-6443_6418-2020 Period:
	       json: 2020-01-01T00:00:00/2021-01-01T00:00:00
	 xbrlreader: 2020-01-01,2020-12-31
esef-6443_7359-2020 Value:
	       json: 0
	 xbrlreader: 0000
esef-6443_7359-2020 Identifier:
	       json: scheme:5299001AMHDLKUM80611
	 xbrlreader: 5299001AMHDLKUM80611
esef-6443_7359-2020 Period:
	       json: 2020-01-01T00:00:00/2021-01-01T00:00:00
	 xbrlreader: 2020-01-01,2020-12-31
esef-6443_6399-2020 Value:
	       json: 64000000
	 xbrlreader: 64.000000
esef-6443_6399-2020 Identifier:
	       json: scheme:5299001AMHDLKUM80611
	 xbrlreader: 5299001AMHDLKUM80611
esef-6443_6399-2020 Period:
	       json: 2020-01-01T00:00:00/2021-01-01T00:00:00
	 xbrlreader: 2020-01-01,2020-12-31
esef-6443_6426-2020 Value:
	       json: 1196000
	 xbrlreader: 1.196000
esef-6443_6426-2020 Identifier:
	       json: scheme:5299001AMHDLKUM80611
	 xbrlreader: 5299001AMHDLKUM80611
esef-6443_6426-2020 Period:
	       json: 2020-01-01T00:00:00/2021-01-01T00:00:00
	 xbrlreader: 2020-01-01,2020-12-31
esef-6443_2020 Value:
	       json: 65196000
	 xbrlreader: 65.196000
esef-6443_2020 Identifier:
	       json: scheme:5299001AMHDLKUM80611
	 xbrlreader: 5299001AMHDLKUM80611
esef-6443_2020 Period:
	       json: 2020-01-01T00:00:00/2021-01-01T00:00:00
	 xbrlreader: 2020-01-01,2020-12-31
esef-6448_6400-2020 Value:
	       json: 0
	 xbrlreader: 0000
esef-6448_6400-2020 Identifier:
	       json: scheme:5299001AMHDLKUM80611
	 xbrlreader: 5299001AMHDLKUM80611
esef-6448_6400-2020 Period:
	       json: 2020-01-01T00:00:00/2021-01-01T00:00:00
	 xbrlreader: 2020-01-01,2020-12-31
esef-6448_7361-2020 Value:
	       json: 0
	 xbrlreader: 0000
esef-6448_7361-2020 Identifier:
	       json: scheme:5299001AMHDLKUM80611
	 xbrlreader: 5299001AMHDLKUM80611
esef-6448_7361-2020 Period:
	       json: 2020-01-01T00:00:00/2021-01-01T00:00:00
	 xbrlreader: 2020-01-01,2020-12-31
esef-6448_6425-2020 Identifier:
	       json: scheme:5299001AMHDLKUM80611
	 xbrlreader: 5299001AMHDLKUM80611
esef-6448_6425-2020 Period:
	       json: 2020-01-01T00:00:00/2021-01-01T00:00:00
	 xbrlreader: 2020-01-01,2020-12-31
esef-6448_6406-2020 Value:
	       json: 0
	 xbrlreader: 0000
esef-6448_6406-2020 Identifier:
	       json: scheme:5299001AMHDLKUM80611
	 xbrlreader: 5299001AMHDLKUM80611
esef-6448_6406-2020 Period:
	       json: 2020-01-01T00:00:00/2021-01-01T00:00:00
	 xbrlreader: 2020-01-01,2020-12-31
esef-6448_6418-2020 Value:
	       json: 0
	 xbrlreader: 0000
esef-6448_6418-2020 Identifier:
	       json: scheme:5299001AMHDLKUM80611
	 xbrlreader: 5299001AMHDLKUM80611
esef-6448_6418-2020 Period:
	       json: 2020-01-01T00:00:00/2021-01-01T00:00:00
	 xbrlreader: 2020-01-01,2020-12-31
esef-6448_7359-2020 Value:
	       json: 0
	 xbrlreader: 0000
esef-6448_7359-2020 Identifier:
	       json: scheme:5299001AMHDLKUM80611
	 xbrlreader: 5299001AMHDLKUM80611
esef-6448_7359-2020 Period:
	       json: 2020-01-01T00:00:00/2021-01-01T00:00:00
	 xbrlreader: 2020-01-01,2020-12-31
esef-6448_6399-2020 Identifier:
	       json: scheme:5299001AMHDLKUM80611
	 xbrlreader: 5299001AMHDLKUM80611
esef-6448_6399-2020 Period:
	       json: 2020-01-01T00:00:00/2021-01-01T00:00:00
	 xbrlreader: 2020-01-01,2020-12-31
esef-6448_6426-2020 Identifier:
	       json: scheme:5299001AMHDLKUM80611
	 xbrlreader: 5299001AMHDLKUM80611
esef-6448_6426-2020 Period:
	       json: 2020-01-01T00:00:00/2021-01-01T00:00:00
	 xbrlreader: 2020-01-01,2020-12-31
esef-6448_2020 Identifier:
	       json: scheme:5299001AMHDLKUM80611
	 xbrlreader: 5299001AMHDLKUM80611
esef-6448_2020 Period:
	       json: 2020-01-01T00:00:00/2021-01-01T00:00:00
	 xbrlreader: 2020-01-01,2020-12-31
esef-6436_6400-2020 Value:
	       json: 80000000
	 xbrlreader: 80.000000
esef-6436_6400-2020 Identifier:
	       json: scheme:5299001AMHDLKUM80611
	 xbrlreader: 5299001AMHDLKUM80611
esef-6436_6400-2020 Period:
	       json: 2021-01-01T00:00:00
	 xbrlreader: 2020-12-31
esef-6436_7361-2020 Value:
	       json: 172658000
	 xbrlreader: 172.658000
esef-6436_7361-2020 Identifier:
	       json: scheme:5299001AMHDLKUM80611
	 xbrlreader: 5299001AMHDLKUM80611
esef-6436_7361-2020 Period:
	       json: 2021-01-01T00:00:00
	 xbrlreader: 2020-12-31
esef-6436_6425-2020 Value:
	       json: 1564165000
	 xbrlreader: 1.564.165000
esef-6436_6425-2020 Identifier:
	       json: scheme:5299001AMHDLKUM80611
	 xbrlreader: 5299001AMHDLKUM80611
esef-6436_6425-2020 Period:
	       json: 2021-01-01T00:00:00
	 xbrlreader: 2020-12-31
esef-6436_6406-2020 Value:
	       json: -207173000
	 xbrlreader: -207.173000
esef-6436_6406-2020 Identifier:
	       json: scheme:5299001AMHDLKUM80611
	 xbrlreader: 5299001AMHDLKUM80611
esef-6436_6406-2020 Period:
	       json: 2021-01-01T00:00:00
	 xbrlreader: 2020-12-31
esef-6436_6418-2020 Value:
	       json: -67304000
	 xbrlreader: -67.304000
esef-6436_6418-2020 Identifier:
	       json: scheme:5299001AMHDLKUM80611
	 xbrlreader: 5299001AMHDLKUM80611
esef-6436_6418-2020 Period:
	       json: 2021-01-01T00:00:00
	 xbrlreader: 2020-12-31
esef-6436_7359-2020 Value:
	       json: -274477000
	 xbrlreader: -274.477000
esef-6436_7359-2020 Identifier:
	       json: scheme:5299001AMHDLKUM80611
	 xbrlreader: 5299001AMHDLKUM80611
esef-6436_7359-2020 Period:
	       json: 2021-01-01T00:00:00
	 xbrlreader: 2020-12-31
esef-6436_6399-2020 Value:
	       json: 1542346000
	 xbrlreader: 1.542.346000
esef-6436_6399-2020 Identifier:
	       json: scheme:5299001AMHDLKUM80611
	 xbrlreader: 5299001AMHDLKUM80611
esef-6436_6399-2020 Period:
	       json: 2021-01-01T00:00:00
	 xbrlreader: 2020-12-31
esef-6436_6426-2020 Value:
	       json: 4752000
	 xbrlreader: 4.752000
esef-6436_6426-2020 Identifier:
	       json: scheme:5299001AMHDLKUM80611
	 xbrlreader: 5299001AMHDLKUM80611
esef-6436_6426-2020 Period:
	       json: 2021-01-01T00:00:00
	 xbrlreader: 2020-12-31
esef-6436_2020 Value:
	       json: 1547098000
	 xbrlreader: 1.547.098000
esef-6436_2020 Identifier:
	       json: scheme:5299001AMHDLKUM80611
	 xbrlreader: 5299001AMHDLKUM80611
esef-6436_2020 Period:
	       json: 2021-01-01T00:00:00
	 xbrlreader: 2020-12-31
esef-6320_2020 Value:
	       json: 162230000
	 xbrlreader: 162.230000
esef-6320_2020 Identifier:
	       json: scheme:5299001AMHDLKUM80611
	 xbrlreader: 5299001AMHDLKUM80611
esef-6320_2020 Period:
	       json: 2020-01-01T00:00:00/2021-01-01T00:00:00
	 xbrlreader: 2020-01-01,2020-12-31
esef-6320_2019 Value:
	       json: 190219000
	 xbrlreader: 190.219000
esef-6320_2019 Identifier:
	       json: scheme:5299001AMHDLKUM80611
	 xbrlreader: 5299001AMHDLKUM80611
esef-6320_2019 Period:
	       json: 2019-01-01T00:00:00/2020-01-01T00:00:00
	 xbrlreader: 2019-01-01,2019-12-31
esef-6322_2020 Value:
	       json: 59844000
	 xbrlreader: 59.844000
esef-6322_2020 Identifier:
	       json: scheme:5299001AMHDLKUM80611
	 xbrlreader: 5299001AMHDLKUM80611
esef-6322_2020 Period:
	       json: 2020-01-01T00:00:00/2021-01-01T00:00:00
	 xbrlreader: 2020-01-01,2020-12-31
esef-6329_2020 Value:
	       json: 135964000
	 xbrlreader: 135.964000
esef-6329_2020 Identifier:
	       json: scheme:5299001AMHDLKUM80611
	 xbrlreader: 5299001AMHDLKUM80611
esef-6329_2020 Period:
	       json: 2020-01-01T00:00:00/2021-01-01T00:00:00
	 xbrlreader: 2020-01-01,2020-12-31
esef-6330_2020 Value:
	       json: 31517000
	 xbrlreader: 31.517000
esef-6330_2020 Identifier:
	       json: scheme:5299001AMHDLKUM80611
	 xbrlreader: 5299001AMHDLKUM80611
esef-6330_2020 Period:
	       json: 2020-01-01T00:00:00/2021-01-01T00:00:00
	 xbrlreader: 2020-01-01,2020-12-31
esef-6337_2020 Identifier:
	       json: scheme:5299001AMHDLKUM80611
	 xbrlreader: 5299001AMHDLKUM80611
esef-6337_2020 Period:
	       json: 2020-01-01T00:00:00/2021-01-01T00:00:00
	 xbrlreader: 2020-01-01,2020-12-31
esef-6322_2019 Value:
	       json: 60910000
	 xbrlreader: 60.910000
esef-6322_2019 Identifier:
	       json: scheme:5299001AMHDLKUM80611
	 xbrlreader: 5299001AMHDLKUM80611
esef-6322_2019 Period:
	       json: 2019-01-01T00:00:00/2020-01-01T00:00:00
	 xbrlreader: 2019-01-01,2019-12-31
esef-6329_2019 Value:
	       json: 134329000
	 xbrlreader: 134.329000
esef-6329_2019 Identifier:
	       json: scheme:5299001AMHDLKUM80611
	 xbrlreader: 5299001AMHDLKUM80611
esef-6329_2019 Period:
	       json: 2019-01-01T00:00:00/2020-01-01T00:00:00
	 xbrlreader: 2019-01-01,2019-12-31
esef-6330_2019 Value:
	       json: 0
	 xbrlreader: 0000
esef-6330_2019 Identifier:
	       json: scheme:5299001AMHDLKUM80611
	 xbrlreader: 5299001AMHDLKUM80611
esef-6330_2019 Period:
	       json: 2019-01-01T00:00:00/2020-01-01T00:00:00
	 xbrlreader: 2019-01-01,2019-12-31
esef-6337_2019 Identifier:
	       json: scheme:5299001AMHDLKUM80611
	 xbrlreader: 5299001AMHDLKUM80611
esef-6337_2019 Period:
	       json: 2019-01-01T00:00:00/2020-01-01T00:00:00
	 xbrlreader: 2019-01-01,2019-12-31
esef-7229_2020 Value:
	       json: 1712000
	 xbrlreader: 1.712000
esef-7229_2020 Identifier:
	       json: scheme:5299001AMHDLKUM80611
	 xbrlreader: 5299001AMHDLKUM80611
esef-7229_2020 Period:
	       json: 2020-01-01T00:00:00/2021-01-01T00:00:00
	 xbrlreader: 2020-01-01,2020-12-31
esef-6323_2020 Value:
	       json: 7863000
	 xbrlreader: 7.863000
esef-6323_2020 Identifier:
	       json: scheme:5299001AMHDLKUM80611
	 xbrlreader: 5299001AMHDLKUM80611
esef-6323_2020 Period:
	       json: 2020-01-01T00:00:00/2021-01-01T00:00:00
	 xbrlreader: 2020-01-01,2020-12-31
esef-7229_2019 Value:
	       json: 1465000
	 xbrlreader: 1.465000
esef-7229_2019 Identifier:
	       json: scheme:5299001AMHDLKUM80611
	 xbrlreader: 5299001AMHDLKUM80611
esef-7229_2019 Period:
	       json: 2019-01-01T00:00:00/2020-01-01T00:00:00
	 xbrlreader: 2019-01-01,2019-12-31
esef-6323_2019 Value:
	       json: 8394000
	 xbrlreader: 8.394000
esef-6323_2019 Identifier:
	       json: scheme:5299001AMHDLKUM80611
	 xbrlreader: 5299001AMHDLKUM80611
esef-6323_2019 Period:
	       json: 2019-01-01T00:00:00/2020-01-01T00:00:00
	 xbrlreader: 2019-01-01,2019-12-31
esef-6343_2019 Identifier:
	       json: scheme:5299001AMHDLKUM80611
	 xbrlreader: 5299001AMHDLKUM80611
esef-6343_2019 Period:
	       json: 2019-01-01T00:00:00/2020-01-01T00:00:00
	 xbrlreader: 2019-01-01,2019-12-31
esef-6343_2020 Identifier:
	       json: scheme:5299001AMHDLKUM80611
	 xbrlreader: 5299001AMHDLKUM80611
esef-6343_2020 Period:
	       json: 2020-01-01T00:00:00/2021-01-01T00:00:00
	 xbrlreader: 2020-01-01,2020-12-31
esef-6339_2020 Value:
	       json: -10105000
	 xbrlreader: -10.105000
esef-6339_2020 Identifier:
	       json: scheme:5299001AMHDLKUM80611
	 xbrlreader: 5299001AMHDLKUM80611
esef-6339_2020 Period:
	       json: 2020-01-01T00:00:00/2021-01-01T00:00:00
	 xbrlreader: 2020-01-01,2020-12-31
esef-7233_2020 Value:
	       json: 385520000
	 xbrlreader: 385.520000
esef-7233_2020 Identifier:
	       json: scheme:5299001AMHDLKUM80611
	 xbrlreader: 5299001AMHDLKUM80611
esef-7233_2020 Period:
	       json: 2020-01-01T00:00:00/2021-01-01T00:00:00
	 xbrlreader: 2020-01-01,2020-12-31
esef-6339_2019 Identifier:
	       json: scheme:5299001AMHDLKUM80611
	 xbrlreader: 5299001AMHDLKUM80611
esef-6339_2019 Period:
	       json: 2019-01-01T00:00:00/2020-01-01T00:00:00
	 xbrlreader: 2019-01-01,2019-12-31
esef-7233_2019 Value:
	       json: 391336000
	 xbrlreader: 391.336000
esef-7233_2019 Identifier:
	       json: scheme:5299001AMHDLKUM80611
	 xbrlreader: 5299001AMHDLKUM80611
esef-7233_2019 Period:
	       json: 2019-01-01T00:00:00/2020-01-01T00:00:00
	 xbrlreader: 2019-01-01,2019-12-31
esef-6324_2020 Value:
	       json: -1316000
	 xbrlreader: -1.316000
esef-6324_2020 Identifier:
	       json: scheme:5299001AMHDLKUM80611
	 xbrlreader: 5299001AMHDLKUM80611
esef-6324_2020 Period:
	       json: 2020-01-01T00:00:00/2021-01-01T00:00:00
	 xbrlreader: 2020-01-01,2020-12-31
esef-7235_2020 Value:
	       json: -18017000
	 xbrlreader: -18.017000
esef-7235_2020 Identifier:
	       json: scheme:5299001AMHDLKUM80611
	 xbrlreader: 5299001AMHDLKUM80611
esef-7235_2020 Period:
	       json: 2020-01-01T00:00:00/2021-01-01T00:00:00
	 xbrlreader: 2020-01-01,2020-12-31
esef-7237_2020 Value:
	       json: -7221000
	 xbrlreader: -7.221000
esef-7237_2020 Identifier:
	       json: scheme:5299001AMHDLKUM80611
	 xbrlreader: 5299001AMHDLKUM80611
esef-7237_2020 Period:
	       json: 2020-01-01T00:00:00/2021-01-01T00:00:00
	 xbrlreader: 2020-01-01,2020-12-31
esef-6324_2019 Value:
	       json: 20035000
	 xbrlreader: 20.035000
esef-6324_2019 Identifier:
	       json: scheme:5299001AMHDLKUM80611
	 xbrlreader: 5299001AMHDLKUM80611
esef-6324_2019 Period:
	       json: 2019-01-01T00:00:00/2020-01-01T00:00:00
	 xbrlreader: 2019-01-01,2019-12-31
esef-7235_2019 Value:
	       json: -18702000
	 xbrlreader: -18.702000
esef-7235_2019 Identifier:
	       json: scheme:5299001AMHDLKUM80611
	 xbrlreader: 5299001AMHDLKUM80611
esef-7235_2019 Period:
	       json: 2019-01-01T00:00:00/2020-01-01T00:00:00
	 xbrlreader: 2019-01-01,2019-12-31
esef-7237_2019 Value:
	       json: 18115000
	 xbrlreader: 18.115000
esef-7237_2019 Identifier:
	       json: scheme:5299001AMHDLKUM80611
	 xbrlreader: 5299001AMHDLKUM80611
esef-7237_2019 Period:
	       json: 2019-01-01T00:00:00/2020-01-01T00:00:00
	 xbrlreader: 2019-01-01,2019-12-31
esef-6327_2020 Value:
	       json: 6598000
	 xbrlreader: 6.598000
esef-6327_2020 Identifier:
	       json: scheme:5299001AMHDLKUM80611
	 xbrlreader: 5299001AMHDLKUM80611
esef-6327_2020 Period:
	       json: 2020-01-01T00:00:00/2021-01-01T00:00:00
	 xbrlreader: 2020-01-01,2020-12-31
esef-6327_2019 Value:
	       json: -8247000
	 xbrlreader: -8.247000
esef-6327_2019 Identifier:
	       json: scheme:5299001AMHDLKUM80611
	 xbrlreader: 5299001AMHDLKUM80611
esef-6327_2019 Period:
	       json: 2019-01-01T00:00:00/2020-01-01T00:00:00
	 xbrlreader: 2019-01-01,2019-12-31
esef-7238_2019 Value:
	       json: -2844000
	 xbrlreader: -2.844000
esef-7238_2019 Identifier:
	       json: scheme:5299001AMHDLKUM80611
	 xbrlreader: 5299001AMHDLKUM80611
esef-7238_2019 Period:
	       json: 2019-01-01T00:00:00/2020-01-01T00:00:00
	 xbrlreader: 2019-01-01,2019-12-31
esef-6331_2019 Identifier:
	       json: scheme:5299001AMHDLKUM80611
	 xbrlreader: 5299001AMHDLKUM80611
esef-6331_2019 Period:
	       json: 2019-01-01T00:00:00/2020-01-01T00:00:00
	 xbrlreader: 2019-01-01,2019-12-31
esef-7238_2020 Value:
	       json: 15148000
	 xbrlreader: 15.148000
esef-7238_2020 Identifier:
	       json: scheme:5299001AMHDLKUM80611
	 xbrlreader: 5299001AMHDLKUM80611
esef-7238_2020 Period:
	       json: 2020-01-01T00:00:00/2021-01-01T00:00:00
	 xbrlreader: 2020-01-01,2020-12-31
esef-6331_2020 Value:
	       json: 12222000
	 xbrlreader: 12.222000
esef-6331_2020 Identifier:
	       json: scheme:5299001AMHDLKUM80611
	 xbrlreader: 5299001AMHDLKUM80611
esef-6331_2020 Period:
	       json: 2020-01-01T00:00:00/2021-01-01T00:00:00
	 xbrlreader: 2020-01-01,2020-12-31
esef-7234_2020 Value:
	       json: -7414000
	 xbrlreader: -7.414000
esef-7234_2020 Identifier:
	       json: scheme:5299001AMHDLKUM80611
	 xbrlreader: 5299001AMHDLKUM80611
esef-7234_2020 Period:
	       json: 2020-01-01T00:00:00/2021-01-01T00:00:00
	 xbrlreader: 2020-01-01,2020-12-31
esef-7234_2019 Value:
	       json: -8088000
	 xbrlreader: -8.088000
esef-7234_2019 Identifier:
	       json: scheme:5299001AMHDLKUM80611
	 xbrlreader: 5299001AMHDLKUM80611
esef-7234_2019 Period:
	       json: 2019-01-01T00:00:00/2020-01-01T00:00:00
	 xbrlreader: 2019-01-01,2019-12-31
esef-6341_2020 Value:
	       json: 392934000
	 xbrlreader: 392.934000
esef-6341_2020 Identifier:
	       json: scheme:5299001AMHDLKUM80611
	 xbrlreader: 5299001AMHDLKUM80611
esef-6341_2020 Period:
	       json: 2020-01-01T00:00:00/2021-01-01T00:00:00
	 xbrlreader: 2020-01-01,2020-12-31
esef-6346_2020 Value:
	       json: 74750000
	 xbrlreader: 74.750000
esef-6346_2020 Identifier:
	       json: scheme:5299001AMHDLKUM80611
	 xbrlreader: 5299001AMHDLKUM80611
esef-6346_2020 Period:
	       json: 2020-01-01T00:00:00/2021-01-01T00:00:00
	 xbrlreader: 2020-01-01,2020-12-31
esef-6348_2020 Value:
	       json: 318184000
	 xbrlreader: 318.184000
esef-6348_2020 Identifier:
	       json: scheme:5299001AMHDLKUM80611
	 xbrlreader: 5299001AMHDLKUM80611
esef-6348_2020 Period:
	       json: 2020-01-01T00:00:00/2021-01-01T00:00:00
	 xbrlreader: 2020-01-01,2020-12-31
esef-6341_2019 Value:
	       json: 399424000
	 xbrlreader: 399.424000
esef-6341_2019 Identifier:
	       json: scheme:5299001AMHDLKUM80611
	 xbrlreader: 5299001AMHDLKUM80611
esef-6341_2019 Period:
	       json: 2019-01-01T00:00:00/2020-01-01T00:00:00
	 xbrlreader: 2019-01-01,2019-12-31
esef-6346_2019 Value:
	       json: 68003000
	 xbrlreader: 68.003000
esef-6346_2019 Identifier:
	       json: scheme:5299001AMHDLKUM80611
	 xbrlreader: 5299001AMHDLKUM80611
esef-6346_2019 Period:
	       json: 2019-01-01T00:00:00/2020-01-01T00:00:00
	 xbrlreader: 2019-01-01,2019-12-31
esef-6348_2019 Value:
	       json: 331421000
	 xbrlreader: 331.421000
esef-6348_2019 Identifier:
	       json: scheme:5299001AMHDLKUM80611
	 xbrlreader: 5299001AMHDLKUM80611
esef-6348_2019 Period:
	       json: 2019-01-01T00:00:00/2020-01-01T00:00:00
	 xbrlreader: 2019-01-01,2019-12-31
esef-7298_2020 Value:
	       json: 2214000
	 xbrlreader: 2.214000
esef-7298_2020 Identifier:
	       json: scheme:5299001AMHDLKUM80611
	 xbrlreader: 5299001AMHDLKUM80611
esef-7298_2020 Period:
	       json: 2020-01-01T00:00:00/2021-01-01T00:00:00
	 xbrlreader: 2020-01-01,2020-12-31
esef-7298_2019 Value:
	       json: 1794000
	 xbrlreader: 1.794000
esef-7298_2019 Identifier:
	       json: scheme:5299001AMHDLKUM80611
	 xbrlreader: 5299001AMHDLKUM80611
esef-7298_2019 Period:
	       json: 2019-01-01T00:00:00/2020-01-01T00:00:00
	 xbrlreader: 2019-01-01,2019-12-31
esef-7297_2020 Value:
	       json: 152772000
	 xbrlreader: 152.772000
esef-7297_2020 Identifier:
	       json: scheme:5299001AMHDLKUM80611
	 xbrlreader: 5299001AMHDLKUM80611
esef-7297_2020 Period:
	       json: 2020-01-01T00:00:00/2021-01-01T00:00:00
	 xbrlreader: 2020-01-01,2020-12-31
esef-6362_2020 Value:
	       json: 6150000
	 xbrlreader: 6.150000
esef-6362_2020 Identifier:
	       json: scheme:5299001AMHDLKUM80611
	 xbrlreader: 5299001AMHDLKUM80611
esef-6362_2020 Period:
	       json: 2020-01-01T00:00:00/2021-01-01T00:00:00
	 xbrlreader: 2020-01-01,2020-12-31
esef-7297_2019 Value:
	       json: 136086000
	 xbrlreader: 136.086000
esef-7297_2019 Identifier:
	       json: scheme:5299001AMHDLKUM80611
	 xbrlreader: 5299001AMHDLKUM80611
esef-7297_2019 Period:
	       json: 2019-01-01T00:00:00/2020-01-01T00:00:00
	 xbrlreader: 2019-01-01,2019-12-31
esef-6362_2019 Value:
	       json: 0
	 xbrlreader: 0000
esef-6362_2019 Identifier:
	       json: scheme:5299001AMHDLKUM80611
	 xbrlreader: 5299001AMHDLKUM80611
esef-6362_2019 Period:
	       json: 2019-01-01T00:00:00/2020-01-01T00:00:00
	 xbrlreader: 2019-01-01,2019-12-31
esef-6351_2020 Value:
	       json: 0
	 xbrlreader: 0000
esef-6351_2020 Identifier:
	       json: scheme:5299001AMHDLKUM80611
	 xbrlreader: 5299001AMHDLKUM80611
esef-6351_2020 Period:
	       json: 2020-01-01T00:00:00/2021-01-01T00:00:00
	 xbrlreader: 2020-01-01,2020-12-31
esef-6351_2019 Value:
	       json: 248326000
	 xbrlreader: 248.326000
esef-6351_2019 Identifier:
	       json: scheme:5299001AMHDLKUM80611
	 xbrlreader: 5299001AMHDLKUM80611
esef-6351_2019 Period:
	       json: 2019-01-01T00:00:00/2020-01-01T00:00:00
	 xbrlreader: 2019-01-01,2019-12-31
esef-6350_2020 Identifier:
	       json: scheme:5299001AMHDLKUM80611
	 xbrlreader: 5299001AMHDLKUM80611
esef-6350_2020 Period:
	       json: 2020-01-01T00:00:00/2021-01-01T00:00:00
	 xbrlreader: 2020-01-01,2020-12-31
esef-7304_2020 Identifier:
	       json: scheme:5299001AMHDLKUM80611
	 xbrlreader: 5299001AMHDLKUM80611
esef-7304_2020 Period:
	       json: 2020-01-01T00:00:00/2021-01-01T00:00:00
	 xbrlreader: 2020-01-01,2020-12-31
esef-6350_2019 Value:
	       json: 0
	 xbrlreader: 0000
esef-6350_2019 Identifier:
	       json: scheme:5299001AMHDLKUM80611
	 xbrlreader: 5299001AMHDLKUM80611
esef-6350_2019 Period:
	       json: 2019-01-01T00:00:00/2020-01-01T00:00:00
	 xbrlreader: 2019-01-01,2019-12-31
esef-7304_2019 Identifier:
	       json: scheme:5299001AMHDLKUM80611
	 xbrlreader: 5299001AMHDLKUM80611
esef-7304_2019 Period:
	       json: 2019-01-01T00:00:00/2020-01-01T00:00:00
	 xbrlreader: 2019-01-01,2019-12-31
esef-7303_2020 Value:
	       json: 1226000
	 xbrlreader: 1.226000
esef-7303_2020 Identifier:
	       json: scheme:5299001AMHDLKUM80611
	 xbrlreader: 5299001AMHDLKUM80611
esef-7303_2020 Period:
	       json: 2020-01-01T00:00:00/2021-01-01T00:00:00
	 xbrlreader: 2020-01-01,2020-12-31
esef-6367_2020 Identifier:
	       json: scheme:5299001AMHDLKUM80611
	 xbrlreader: 5299001AMHDLKUM80611
esef-6367_2020 Period:
	       json: 2020-01-01T00:00:00/2021-01-01T00:00:00
	 xbrlreader: 2020-01-01,2020-12-31
esef-7303_2019 Identifier:
	       json: scheme:5299001AMHDLKUM80611
	 xbrlreader: 5299001AMHDLKUM80611
esef-7303_2019 Period:
	       json: 2019-01-01T00:00:00/2020-01-01T00:00:00
	 xbrlreader: 2019-01-01,2019-12-31
esef-6367_2019 Identifier:
	       json: scheme:5299001AMHDLKUM80611
	 xbrlreader: 5299001AMHDLKUM80611
esef-6367_2019 Period:
	       json: 2019-01-01T00:00:00/2020-01-01T00:00:00
	 xbrlreader: 2019-01-01,2019-12-31
esef-6369_2020 Value:
	       json: 1775000
	 xbrlreader: 1.775000
esef-6369_2020 Identifier:
	       json: scheme:5299001AMHDLKUM80611
	 xbrlreader: 5299001AMHDLKUM80611
esef-6369_2020 Period:
	       json: 2020-01-01T00:00:00/2021-01-01T00:00:00
	 xbrlreader: 2020-01-01,2020-12-31
esef-6369_2019 Value:
	       json: 1432000
	 xbrlreader: 1.432000
esef-6369_2019 Identifier:
	       json: scheme:5299001AMHDLKUM80611
	 xbrlreader: 5299001AMHDLKUM80611
esef-6369_2019 Period:
	       json: 2019-01-01T00:00:00/2020-01-01T00:00:00
	 xbrlreader: 2019-01-01,2019-12-31
esef-6372_2020 Value:
	       json: -142860000
	 xbrlreader: -142.860000
esef-6372_2020 Identifier:
	       json: scheme:5299001AMHDLKUM80611
	 xbrlreader: 5299001AMHDLKUM80611
esef-6372_2020 Period:
	       json: 2020-01-01T00:00:00/2021-01-01T00:00:00
	 xbrlreader: 2020-01-01,2020-12-31
esef-6372_2019 Value:
	       json: -380554000
	 xbrlreader: -380.554000
esef-6372_2019 Identifier:
	       json: scheme:5299001AMHDLKUM80611
	 xbrlreader: 5299001AMHDLKUM80611
esef-6372_2019 Period:
	       json: 2019-01-01T00:00:00/2020-01-01T00:00:00
	 xbrlreader: 2019-01-01,2019-12-31
esef-6385_2020 Value:
	       json: 7857000
	 xbrlreader: 7.857000
esef-6385_2020 Identifier:
	       json: scheme:5299001AMHDLKUM80611
	 xbrlreader: 5299001AMHDLKUM80611
esef-6385_2020 Period:
	       json: 2020-01-01T00:00:00/2021-01-01T00:00:00
	 xbrlreader: 2020-01-01,2020-12-31
esef-6380_2020 Identifier:
	       json: scheme:5299001AMHDLKUM80611
	 xbrlreader: 5299001AMHDLKUM80611
esef-6380_2020 Period:
	       json: 2020-01-01T00:00:00/2021-01-01T00:00:00
	 xbrlreader: 2020-01-01,2020-12-31
esef-6385_2019 Value:
	       json: 8129000
	 xbrlreader: 8.129000
esef-6385_2019 Identifier:
	       json: scheme:5299001AMHDLKUM80611
	 xbrlreader: 5299001AMHDLKUM80611
esef-6385_2019 Period:
	       json: 2019-01-01T00:00:00/2020-01-01T00:00:00
	 xbrlreader: 2019-01-01,2019-12-31
esef-6380_2019 Value:
	       json: 189019000
	 xbrlreader: 189.019000
esef-6380_2019 Identifier:
	       json: scheme:5299001AMHDLKUM80611
	 xbrlreader: 5299001AMHDLKUM80611
esef-6380_2019 Period:
	       json: 2019-01-01T00:00:00/2020-01-01T00:00:00
	 xbrlreader: 2019-01-01,2019-12-31
esef-6381_2019 Value:
	       json: 194810000
	 xbrlreader: 194.810000
esef-6381_2019 Identifier:
	       json: scheme:5299001AMHDLKUM80611
	 xbrlreader: 5299001AMHDLKUM80611
esef-6381_2019 Period:
	       json: 2019-01-01T00:00:00/2020-01-01T00:00:00
	 xbrlreader: 2019-01-01,2019-12-31
esef-6382_2019 Value:
	       json: 8160000
	 xbrlreader: 8.160000
esef-6382_2019 Identifier:
	       json: scheme:5299001AMHDLKUM80611
	 xbrlreader: 5299001AMHDLKUM80611
esef-6382_2019 Period:
	       json: 2019-01-01T00:00:00/2020-01-01T00:00:00
	 xbrlreader: 2019-01-01,2019-12-31
esef-6381_2020 Value:
	       json: 69934000
	 xbrlreader: 69.934000
esef-6381_2020 Identifier:
	       json: scheme:5299001AMHDLKUM80611
	 xbrlreader: 5299001AMHDLKUM80611
esef-6381_2020 Period:
	       json: 2020-01-01T00:00:00/2021-01-01T00:00:00
	 xbrlreader: 2020-01-01,2020-12-31
esef-6382_2020 Value:
	       json: 8322000
	 xbrlreader: 8.322000
esef-6382_2020 Identifier:
	       json: scheme:5299001AMHDLKUM80611
	 xbrlreader: 5299001AMHDLKUM80611
esef-6382_2020 Period:
	       json: 2020-01-01T00:00:00/2021-01-01T00:00:00
	 xbrlreader: 2020-01-01,2020-12-31
esef-6375_2020 Identifier:
	       json: scheme:5299001AMHDLKUM80611
	 xbrlreader: 5299001AMHDLKUM80611
esef-6375_2020 Period:
	       json: 2020-01-01T00:00:00/2021-01-01T00:00:00
	 xbrlreader: 2020-01-01,2020-12-31
esef-6375_2019 Identifier:
	       json: scheme:5299001AMHDLKUM80611
	 xbrlreader: 5299001AMHDLKUM80611
esef-6375_2019 Period:
	       json: 2019-01-01T00:00:00/2020-01-01T00:00:00
	 xbrlreader: 2019-01-01,2019-12-31
esef-7311_2020 Value:
	       json: 64000000
	 xbrlreader: 64.000000
esef-7311_2020 Identifier:
	       json: scheme:5299001AMHDLKUM80611
	 xbrlreader: 5299001AMHDLKUM80611
esef-7311_2020 Period:
	       json: 2020-01-01T00:00:00/2021-01-01T00:00:00
	 xbrlreader: 2020-01-01,2020-12-31
esef-7312_2020 Value:
	       json: 1196000
	 xbrlreader: 1.196000
esef-7312_2020 Identifier:
	       json: scheme:5299001AMHDLKUM80611
	 xbrlreader: 5299001AMHDLKUM80611
esef-7312_2020 Period:
	       json: 2020-01-01T00:00:00/2021-01-01T00:00:00
	 xbrlreader: 2020-01-01,2020-12-31
esef-6388_2020 Value:
	       json: -150803000
	 xbrlreader: -150.803000
esef-6388_2020 Identifier:
	       json: scheme:5299001AMHDLKUM80611
	 xbrlreader: 5299001AMHDLKUM80611
esef-6388_2020 Period:
	       json: 2020-01-01T00:00:00/2021-01-01T00:00:00
	 xbrlreader: 2020-01-01,2020-12-31
esef-7311_2019 Value:
	       json: 64000000
	 xbrlreader: 64.000000
esef-7311_2019 Identifier:
	       json: scheme:5299001AMHDLKUM80611
	 xbrlreader: 5299001AMHDLKUM80611
esef-7311_2019 Period:
	       json: 2019-01-01T00:00:00/2020-01-01T00:00:00
	 xbrlreader: 2019-01-01,2019-12-31
esef-7312_2019 Value:
	       json: 1047000
	 xbrlreader: 1.047000
esef-7312_2019 Identifier:
	       json: scheme:5299001AMHDLKUM80611
	 xbrlreader: 5299001AMHDLKUM80611
esef-7312_2019 Period:
	       json: 2019-01-01T00:00:00/2020-01-01T00:00:00
	 xbrlreader: 2019-01-01,2019-12-31
esef-6388_2019 Value:
	       json: -87141000
	 xbrlreader: -87.141000
esef-6388_2019 Identifier:
	       json: scheme:5299001AMHDLKUM80611
	 xbrlreader: 5299001AMHDLKUM80611
esef-6388_2019 Period:
	       json: 2019-01-01T00:00:00/2020-01-01T00:00:00
	 xbrlreader: 2019-01-01,2019-12-31
esef-6391_2020 Value:
	       json: -5087000
	 xbrlreader: -5.087000
esef-6391_2020 Identifier:
	       json: scheme:5299001AMHDLKUM80611
	 xbrlreader: 5299001AMHDLKUM80611
esef-6391_2020 Period:
	       json: 2020-01-01T00:00:00/2021-01-01T00:00:00
	 xbrlreader: 2020-01-01,2020-12-31
esef-6391_2019 Value:
	       json: 2099000
	 xbrlreader: 2.099000
esef-6391_2019 Identifier:
	       json: scheme:5299001AMHDLKUM80611
	 xbrlreader: 5299001AMHDLKUM80611
esef-6391_2019 Period:
	       json: 2019-01-01T00:00:00/2020-01-01T00:00:00
	 xbrlreader: 2019-01-01,2019-12-31
esef-6392_2020 Value:
	       json: 19434000
	 xbrlreader: 19.434000
esef-6392_2020 Identifier:
	       json: scheme:5299001AMHDLKUM80611
	 xbrlreader: 5299001AMHDLKUM80611
esef-6392_2020 Period:
	       json: 2020-01-01T00:00:00/2021-01-01T00:00:00
	 xbrlreader: 2020-01-01,2020-12-31
esef-6392_2019 Value:
	       json: -134175000
	 xbrlreader: -134.175000
esef-6392_2019 Identifier:
	       json: scheme:5299001AMHDLKUM80611
	 xbrlreader: 5299001AMHDLKUM80611
esef-6392_2019 Period:
	       json: 2019-01-01T00:00:00/2020-01-01T00:00:00
	 xbrlreader: 2019-01-01,2019-12-31
esef-6393_2019 Value:
	       json: 126807000
	 xbrlreader: 126.807000
esef-6393_2019 Identifier:
	       json: scheme:5299001AMHDLKUM80611
	 xbrlreader: 5299001AMHDLKUM80611
esef-6393_2019 Period:
	       json: 2020-01-01T00:00:00
	 xbrlreader: 2019-12-31
esef-6393_2020 Value:
	       json: 146241000
	 xbrlreader: 146.241000
esef-6393_2020 Identifier:
	       json: scheme:5299001AMHDLKUM80611
	 xbrlreader: 5299001AMHDLKUM80611
esef-6393_2020 Period:
	       json: 2021-01-01T00:00:00
	 xbrlreader: 2020-12-31
esef-6393_2018 Value:
	       json: 260982000
	 xbrlreader: 260.982000
esef-6393_2018 Identifier:
	       json: scheme:5299001AMHDLKUM80611
	 xbrlreader: 5299001AMHDLKUM80611
esef-6393_2018 Period:
	       json: 2019-01-01T00:00:00
	 xbrlreader: 2018-12-31
esef-6393_2019_325 Value:
	       json: 126807000
	 xbrlreader: 126.807000
esef-6393_2019_325 Identifier:
	       json: scheme:5299001AMHDLKUM80611
	 xbrlreader: 5299001AMHDLKUM80611
esef-6393_2019_325 Period:
	       json: 2020-01-01T00:00:00
	 xbrlreader: 2019-12-31
esef-5628_2020 Identifier:
	       json: scheme:5299001AMHDLKUM80611
	 xbrlreader: 5299001AMHDLKUM80611
esef-5628_2020 Period:
	       json: 2020-01-01T00:00:00/2021-01-01T00:00:00
	 xbrlreader: 2020-01-01,2020-12-31
esef-5635_2020 Value:
	       json: 
 in der Herstellung und 

 dem Verkauf von Karton und Faltschachteln mit Schwerpunkt in Europa ttig.

	 xbrlreader:   in der Herstellung und    dem Verkauf von Karton und Faltschachteln mit Schwerpunkt in Europa ttig. 
esef-5635_2020 Identifier:
	       json: scheme:5299001AMHDLKUM80611
	 xbrlreader: 5299001AMHDLKUM80611
esef-5635_2020 Period:
	       json: 2020-01-01T00:00:00/2021-01-01T00:00:00
	 xbrlreader: 2020-01-01,2020-12-31
esef-5631_2020 Identifier:
	       json: scheme:5299001AMHDLKUM80611
	 xbrlreader: 5299001AMHDLKUM80611
esef-5631_2020 Period:
	       json: 2020-01-01T00:00:00/2021-01-01T00:00:00
	 xbrlreader: 2020-01-01,2020-12-31
esef-5632_2020 Value:
	       json: 
 sterr
 eich 
	 xbrlreader:   sterr  eich 
esef-5632_2020 Identifier:
	       json: scheme:5299001AMHDLKUM80611
	 xbrlreader: 5299001AMHDLKUM80611
esef-5632_2020 Period:
	       json: 2020-01-01T00:00:00/2021-01-01T00:00:00
	 xbrlreader: 2020-01-01,2020-12-31
esef-5633_2020 Value:
	       json: 
 Brahmsplatz 6, 1040 Wien

	 xbrlreader:   Brahmsplatz 6, 1040 Wien 
esef-5633_2020 Identifier:
	       json: scheme:5299001AMHDLKUM80611
	 xbrlreader: 5299001AMHDLKUM80611
esef-5633_2020 Period:
	       json: 2020-01-01T00:00:00/2021-01-01T00:00:00
	 xbrlreader: 2020-01-01,2020-12-31
esef-5630_2020 Value:
	       json: 
 Wien

	 xbrlreader:   Wien 
esef-5630_2020 Identifier:
	       json: scheme:5299001AMHDLKUM80611
	 xbrlreader: 5299001AMHDLKUM80611
esef-5630_2020 Period:
	       json: 2020-01-01T00:00:00/2021-01-01T00:00:00
	 xbrlreader: 2020-01-01,2020-12-31
