fact-11 Value:
	json:7982000000
	xbrlreader:7.982,0000000
fact-11 Identifier:
	json:scheme:529900YRFFGH5AXU4S86
	xbrlreader:529900YRFFGH5AXU4S86
fact-11 Period:
	json:2020-01-01T00:00:00/2021-01-01T00:00:00
	xbrlreader:2020-01-01,2020-12-31
fact-12 Value:
	json:6482500000
	xbrlreader:6.482,5000000
fact-12 Identifier:
	json:scheme:529900YRFFGH5AXU4S86
	xbrlreader:529900YRFFGH5AXU4S86
fact-12 Period:
	json:2019-01-01T00:00:00/2020-01-01T00:00:00
	xbrlreader:2019-01-01,2019-12-31
fact-13 Value:
	json:4587800000
	xbrlreader:4.587,8000000
fact-13 Identifier:
	json:scheme:529900YRFFGH5AXU4S86
	xbrlreader:529900YRFFGH5AXU4S86
fact-13 Period:
	json:2020-01-01T00:00:00/2021-01-01T00:00:00
	xbrlreader:2020-01-01,2020-12-31
fact-14 Value:
	json:3724300000
	xbrlreader:3.724,3000000
fact-14 Identifier:
	json:scheme:529900YRFFGH5AXU4S86
	xbrlreader:529900YRFFGH5AXU4S86
fact-14 Period:
	json:2019-01-01T00:00:00/2020-01-01T00:00:00
	xbrlreader:2019-01-01,2019-12-31
fact-15 Value:
	json:3394200000
	xbrlreader:3.394,2000000
fact-15 Identifier:
	json:scheme:529900YRFFGH5AXU4S86
	xbrlreader:529900YRFFGH5AXU4S86
fact-15 Period:
	json:2020-01-01T00:00:00/2021-01-01T00:00:00
	xbrlreader:2020-01-01,2020-12-31
fact-16 Value:
	json:2758200000
	xbrlreader:2.758,2000000
fact-16 Identifier:
	json:scheme:529900YRFFGH5AXU4S86
	xbrlreader:529900YRFFGH5AXU4S86
fact-16 Period:
	json:2019-01-01T00:00:00/2020-01-01T00:00:00
	xbrlreader:2019-01-01,2019-12-31
fact-17 Value:
	json:2055100000
	xbrlreader:2.055,1000000
fact-17 Identifier:
	json:scheme:529900YRFFGH5AXU4S86
	xbrlreader:529900YRFFGH5AXU4S86
fact-17 Period:
	json:2020-01-01T00:00:00/2021-01-01T00:00:00
	xbrlreader:2020-01-01,2020-12-31
fact-18 Value:
	json:1773000000
	xbrlreader:1.773,0000000
fact-18 Identifier:
	json:scheme:529900YRFFGH5AXU4S86
	xbrlreader:529900YRFFGH5AXU4S86
fact-18 Period:
	json:2019-01-01T00:00:00/2020-01-01T00:00:00
	xbrlreader:2019-01-01,2019-12-31
fact-19 Value:
	json:660900000
	xbrlreader:660,9000000
fact-19 Identifier:
	json:scheme:529900YRFFGH5AXU4S86
	xbrlreader:529900YRFFGH5AXU4S86
fact-19 Period:
	json:2020-01-01T00:00:00/2021-01-01T00:00:00
	xbrlreader:2020-01-01,2020-12-31
fact-20 Value:
	json:522200000
	xbrlreader:522,2000000
fact-20 Identifier:
	json:scheme:529900YRFFGH5AXU4S86
	xbrlreader:529900YRFFGH5AXU4S86
fact-20 Period:
	json:2019-01-01T00:00:00/2020-01-01T00:00:00
	xbrlreader:2019-01-01,2019-12-31
fact-21 Value:
	json:319200000
	xbrlreader:319,2000000
fact-21 Identifier:
	json:scheme:529900YRFFGH5AXU4S86
	xbrlreader:529900YRFFGH5AXU4S86
fact-21 Period:
	json:2020-01-01T00:00:00/2021-01-01T00:00:00
	xbrlreader:2020-01-01,2020-12-31
fact-22 Value:
	json:298900000
	xbrlreader:298,9000000
fact-22 Identifier:
	json:scheme:529900YRFFGH5AXU4S86
	xbrlreader:529900YRFFGH5AXU4S86
fact-22 Period:
	json:2019-01-01T00:00:00/2020-01-01T00:00:00
	xbrlreader:2019-01-01,2019-12-31
fact-23 Value:
	json:26700000
	xbrlreader:26,7000000
fact-23 Identifier:
	json:scheme:529900YRFFGH5AXU4S86
	xbrlreader:529900YRFFGH5AXU4S86
fact-23 Period:
	json:2020-01-01T00:00:00/2021-01-01T00:00:00
	xbrlreader:2020-01-01,2020-12-31
fact-24 Value:
	json:18200000
	xbrlreader:18,2000000
fact-24 Identifier:
	json:scheme:529900YRFFGH5AXU4S86
	xbrlreader:529900YRFFGH5AXU4S86
fact-24 Period:
	json:2019-01-01T00:00:00/2020-01-01T00:00:00
	xbrlreader:2019-01-01,2019-12-31
fact-25 Value:
	json:18700000
	xbrlreader:18,7000000
fact-25 Identifier:
	json:scheme:529900YRFFGH5AXU4S86
	xbrlreader:529900YRFFGH5AXU4S86
fact-25 Period:
	json:2020-01-01T00:00:00/2021-01-01T00:00:00
	xbrlreader:2020-01-01,2020-12-31
fact-26 Value:
	json:16600000
	xbrlreader:16,6000000
fact-26 Identifier:
	json:scheme:529900YRFFGH5AXU4S86
	xbrlreader:529900YRFFGH5AXU4S86
fact-26 Period:
	json:2019-01-01T00:00:00/2020-01-01T00:00:00
	xbrlreader:2019-01-01,2019-12-31
fact-27 Value:
	json:367000000
	xbrlreader:367,0000000
fact-27 Identifier:
	json:scheme:529900YRFFGH5AXU4S86
	xbrlreader:529900YRFFGH5AXU4S86
fact-27 Period:
	json:2020-01-01T00:00:00/2021-01-01T00:00:00
	xbrlreader:2020-01-01,2020-12-31
fact-28 Value:
	json:165800000
	xbrlreader:165,8000000
fact-28 Identifier:
	json:scheme:529900YRFFGH5AXU4S86
	xbrlreader:529900YRFFGH5AXU4S86
fact-28 Period:
	json:2019-01-01T00:00:00/2020-01-01T00:00:00
	xbrlreader:2019-01-01,2019-12-31
fact-29 Value:
	json:16100000
	xbrlreader:16,1000000
fact-29 Identifier:
	json:scheme:529900YRFFGH5AXU4S86
	xbrlreader:529900YRFFGH5AXU4S86
fact-29 Period:
	json:2020-01-01T00:00:00/2021-01-01T00:00:00
	xbrlreader:2020-01-01,2020-12-31
fact-30 Value:
	json:10400000
	xbrlreader:10,4000000
fact-30 Identifier:
	json:scheme:529900YRFFGH5AXU4S86
	xbrlreader:529900YRFFGH5AXU4S86
fact-30 Period:
	json:2019-01-01T00:00:00/2020-01-01T00:00:00
	xbrlreader:2019-01-01,2019-12-31
fact-31 Value:
	json:58100000
	xbrlreader:58,1000000
fact-31 Identifier:
	json:scheme:529900YRFFGH5AXU4S86
	xbrlreader:529900YRFFGH5AXU4S86
fact-31 Period:
	json:2020-01-01T00:00:00/2021-01-01T00:00:00
	xbrlreader:2020-01-01,2020-12-31
fact-32 Value:
	json:29400000
	xbrlreader:29,4000000
fact-32 Identifier:
	json:scheme:529900YRFFGH5AXU4S86
	xbrlreader:529900YRFFGH5AXU4S86
fact-32 Period:
	json:2019-01-01T00:00:00/2020-01-01T00:00:00
	xbrlreader:2019-01-01,2019-12-31
fact-33 Value:
	json:100000
	xbrlreader:0,1000000
fact-33 Identifier:
	json:scheme:529900YRFFGH5AXU4S86
	xbrlreader:529900YRFFGH5AXU4S86
fact-33 Period:
	json:2020-01-01T00:00:00/2021-01-01T00:00:00
	xbrlreader:2020-01-01,2020-12-31
fact-34 Value:
	json:-3900000
	xbrlreader:-3,9000000
fact-34 Identifier:
	json:scheme:529900YRFFGH5AXU4S86
	xbrlreader:529900YRFFGH5AXU4S86
fact-34 Period:
	json:2019-01-01T00:00:00/2020-01-01T00:00:00
	xbrlreader:2019-01-01,2019-12-31
fact-35 Value:
	json:-6700000
	xbrlreader:-6,7000000
fact-35 Identifier:
	json:scheme:529900YRFFGH5AXU4S86
	xbrlreader:529900YRFFGH5AXU4S86
fact-35 Period:
	json:2020-01-01T00:00:00/2021-01-01T00:00:00
	xbrlreader:2020-01-01,2020-12-31
fact-36 Value:
	json:2000000
	xbrlreader:2,0000000
fact-36 Identifier:
	json:scheme:529900YRFFGH5AXU4S86
	xbrlreader:529900YRFFGH5AXU4S86
fact-36 Period:
	json:2019-01-01T00:00:00/2020-01-01T00:00:00
	xbrlreader:2019-01-01,2019-12-31
fact-37 Value:
	json:-48600000
	xbrlreader:-48,6000000
fact-37 Identifier:
	json:scheme:529900YRFFGH5AXU4S86
	xbrlreader:529900YRFFGH5AXU4S86
fact-37 Period:
	json:2020-01-01T00:00:00/2021-01-01T00:00:00
	xbrlreader:2020-01-01,2020-12-31
fact-38 Value:
	json:-20900000
	xbrlreader:-20,9000000
fact-38 Identifier:
	json:scheme:529900YRFFGH5AXU4S86
	xbrlreader:529900YRFFGH5AXU4S86
fact-38 Period:
	json:2019-01-01T00:00:00/2020-01-01T00:00:00
	xbrlreader:2019-01-01,2019-12-31
fact-39 Value:
	json:318500000
	xbrlreader:318,5000000
fact-39 Identifier:
	json:scheme:529900YRFFGH5AXU4S86
	xbrlreader:529900YRFFGH5AXU4S86
fact-39 Period:
	json:2020-01-01T00:00:00/2021-01-01T00:00:00
	xbrlreader:2020-01-01,2020-12-31
fact-40 Value:
	json:144900000
	xbrlreader:144,9000000
fact-40 Identifier:
	json:scheme:529900YRFFGH5AXU4S86
	xbrlreader:529900YRFFGH5AXU4S86
fact-40 Period:
	json:2019-01-01T00:00:00/2020-01-01T00:00:00
	xbrlreader:2019-01-01,2019-12-31
fact-41 Value:
	json:92400000
	xbrlreader:92,4000000
fact-41 Identifier:
	json:scheme:529900YRFFGH5AXU4S86
	xbrlreader:529900YRFFGH5AXU4S86
fact-41 Period:
	json:2020-01-01T00:00:00/2021-01-01T00:00:00
	xbrlreader:2020-01-01,2020-12-31
fact-42 Value:
	json:45200000
	xbrlreader:45,2000000
fact-42 Identifier:
	json:scheme:529900YRFFGH5AXU4S86
	xbrlreader:529900YRFFGH5AXU4S86
fact-42 Period:
	json:2019-01-01T00:00:00/2020-01-01T00:00:00
	xbrlreader:2019-01-01,2019-12-31
fact-43 Value:
	json:226100000
	xbrlreader:226,1000000
fact-43 Identifier:
	json:scheme:529900YRFFGH5AXU4S86
	xbrlreader:529900YRFFGH5AXU4S86
fact-43 Period:
	json:2020-01-01T00:00:00/2021-01-01T00:00:00
	xbrlreader:2020-01-01,2020-12-31
fact-44 Value:
	json:99700000
	xbrlreader:99,7000000
fact-44 Identifier:
	json:scheme:529900YRFFGH5AXU4S86
	xbrlreader:529900YRFFGH5AXU4S86
fact-44 Period:
	json:2019-01-01T00:00:00/2020-01-01T00:00:00
	xbrlreader:2019-01-01,2019-12-31
fact-45 Value:
	json:226100000
	xbrlreader:226,1000000
fact-45 Identifier:
	json:scheme:529900YRFFGH5AXU4S86
	xbrlreader:529900YRFFGH5AXU4S86
fact-45 Period:
	json:2020-01-01T00:00:00/2021-01-01T00:00:00
	xbrlreader:2020-01-01,2020-12-31
fact-46 Value:
	json:99700000
	xbrlreader:99,7000000
fact-46 Identifier:
	json:scheme:529900YRFFGH5AXU4S86
	xbrlreader:529900YRFFGH5AXU4S86
fact-46 Period:
	json:2019-01-01T00:00:00/2020-01-01T00:00:00
	xbrlreader:2019-01-01,2019-12-31
fact-47 Value:
	json:0
	xbrlreader:0,0000000
fact-47 Identifier:
	json:scheme:529900YRFFGH5AXU4S86
	xbrlreader:529900YRFFGH5AXU4S86
fact-47 Period:
	json:2020-01-01T00:00:00/2021-01-01T00:00:00
	xbrlreader:2020-01-01,2020-12-31
fact-48 Value:
	json:0
	xbrlreader:0,0000000
fact-48 Identifier:
	json:scheme:529900YRFFGH5AXU4S86
	xbrlreader:529900YRFFGH5AXU4S86
fact-48 Period:
	json:2019-01-01T00:00:00/2020-01-01T00:00:00
	xbrlreader:2019-01-01,2019-12-31
fact-49 Value:
	json:0.9
	xbrlreader:0,90
fact-49 Identifier:
	json:scheme:529900YRFFGH5AXU4S86
	xbrlreader:529900YRFFGH5AXU4S86
fact-49 Period:
	json:2020-01-01T00:00:00/2021-01-01T00:00:00
	xbrlreader:2020-01-01,2020-12-31
fact-49 UnitContent:
	json:iso4217:EUR/xbrli:shares
	xbrlreader:iso4217:EUR / xbrli:shares
fact-50 Value:
	json:0.4
	xbrlreader:0,40
fact-50 Identifier:
	json:scheme:529900YRFFGH5AXU4S86
	xbrlreader:529900YRFFGH5AXU4S86
fact-50 Period:
	json:2019-01-01T00:00:00/2020-01-01T00:00:00
	xbrlreader:2019-01-01,2019-12-31
fact-50 UnitContent:
	json:iso4217:EUR/xbrli:shares
	xbrlreader:iso4217:EUR / xbrli:shares
fact-51 Value:
	json:0.88
	xbrlreader:0,88
fact-51 Identifier:
	json:scheme:529900YRFFGH5AXU4S86
	xbrlreader:529900YRFFGH5AXU4S86
fact-51 Period:
	json:2020-01-01T00:00:00/2021-01-01T00:00:00
	xbrlreader:2020-01-01,2020-12-31
fact-51 UnitContent:
	json:iso4217:EUR/xbrli:shares
	xbrlreader:iso4217:EUR / xbrli:shares
fact-52 Value:
	json:0.39
	xbrlreader:0,39
fact-52 Identifier:
	json:scheme:529900YRFFGH5AXU4S86
	xbrlreader:529900YRFFGH5AXU4S86
fact-52 Period:
	json:2019-01-01T00:00:00/2020-01-01T00:00:00
	xbrlreader:2019-01-01,2019-12-31
fact-52 UnitContent:
	json:iso4217:EUR/xbrli:shares
	xbrlreader:iso4217:EUR / xbrli:shares
fact-53 Value:
	json:226100000
	xbrlreader:226,1000000
fact-53 Identifier:
	json:scheme:529900YRFFGH5AXU4S86
	xbrlreader:529900YRFFGH5AXU4S86
fact-53 Period:
	json:2020-01-01T00:00:00/2021-01-01T00:00:00
	xbrlreader:2020-01-01,2020-12-31
fact-54 Value:
	json:99700000
	xbrlreader:99,7000000
fact-54 Identifier:
	json:scheme:529900YRFFGH5AXU4S86
	xbrlreader:529900YRFFGH5AXU4S86
fact-54 Period:
	json:2019-01-01T00:00:00/2020-01-01T00:00:00
	xbrlreader:2019-01-01,2019-12-31
fact-55 Value:
	json:8500000
	xbrlreader:8,5000000
fact-55 Identifier:
	json:scheme:529900YRFFGH5AXU4S86
	xbrlreader:529900YRFFGH5AXU4S86
fact-55 Period:
	json:2020-01-01T00:00:00/2021-01-01T00:00:00
	xbrlreader:2020-01-01,2020-12-31
fact-56 Value:
	json:-10200000
	xbrlreader:-10,2000000
fact-56 Identifier:
	json:scheme:529900YRFFGH5AXU4S86
	xbrlreader:529900YRFFGH5AXU4S86
fact-56 Period:
	json:2019-01-01T00:00:00/2020-01-01T00:00:00
	xbrlreader:2019-01-01,2019-12-31
fact-57 Value:
	json:-200000
	xbrlreader:-0,2000000
fact-57 Identifier:
	json:scheme:529900YRFFGH5AXU4S86
	xbrlreader:529900YRFFGH5AXU4S86
fact-57 Period:
	json:2020-01-01T00:00:00/2021-01-01T00:00:00
	xbrlreader:2020-01-01,2020-12-31
fact-58 Value:
	json:-500000
	xbrlreader:-0,5000000
fact-58 Identifier:
	json:scheme:529900YRFFGH5AXU4S86
	xbrlreader:529900YRFFGH5AXU4S86
fact-58 Period:
	json:2019-01-01T00:00:00/2020-01-01T00:00:00
	xbrlreader:2019-01-01,2019-12-31
fact-59 Value:
	json:8300000
	xbrlreader:8,3000000
fact-59 Identifier:
	json:scheme:529900YRFFGH5AXU4S86
	xbrlreader:529900YRFFGH5AXU4S86
fact-59 Period:
	json:2020-01-01T00:00:00/2021-01-01T00:00:00
	xbrlreader:2020-01-01,2020-12-31
fact-60 Value:
	json:-10700000
	xbrlreader:-10,7000000
fact-60 Identifier:
	json:scheme:529900YRFFGH5AXU4S86
	xbrlreader:529900YRFFGH5AXU4S86
fact-60 Period:
	json:2019-01-01T00:00:00/2020-01-01T00:00:00
	xbrlreader:2019-01-01,2019-12-31
fact-61 Value:
	json:234400000
	xbrlreader:234,4000000
fact-61 Identifier:
	json:scheme:529900YRFFGH5AXU4S86
	xbrlreader:529900YRFFGH5AXU4S86
fact-61 Period:
	json:2020-01-01T00:00:00/2021-01-01T00:00:00
	xbrlreader:2020-01-01,2020-12-31
fact-62 Value:
	json:88900000
	xbrlreader:88,9000000
fact-62 Identifier:
	json:scheme:529900YRFFGH5AXU4S86
	xbrlreader:529900YRFFGH5AXU4S86
fact-62 Period:
	json:2019-01-01T00:00:00/2020-01-01T00:00:00
	xbrlreader:2019-01-01,2019-12-31
fact-63 Value:
	json:234400000
	xbrlreader:234,4000000
fact-63 Identifier:
	json:scheme:529900YRFFGH5AXU4S86
	xbrlreader:529900YRFFGH5AXU4S86
fact-63 Period:
	json:2020-01-01T00:00:00/2021-01-01T00:00:00
	xbrlreader:2020-01-01,2020-12-31
fact-64 Value:
	json:88900000
	xbrlreader:88,9000000
fact-64 Identifier:
	json:scheme:529900YRFFGH5AXU4S86
	xbrlreader:529900YRFFGH5AXU4S86
fact-64 Period:
	json:2019-01-01T00:00:00/2020-01-01T00:00:00
	xbrlreader:2019-01-01,2019-12-31
fact-65 Value:
	json:0
	xbrlreader:0,0000000
fact-65 Identifier:
	json:scheme:529900YRFFGH5AXU4S86
	xbrlreader:529900YRFFGH5AXU4S86
fact-65 Period:
	json:2020-01-01T00:00:00/2021-01-01T00:00:00
	xbrlreader:2020-01-01,2020-12-31
fact-66 Value:
	json:0
	xbrlreader:0,0000000
fact-66 Identifier:
	json:scheme:529900YRFFGH5AXU4S86
	xbrlreader:529900YRFFGH5AXU4S86
fact-66 Period:
	json:2019-01-01T00:00:00/2020-01-01T00:00:00
	xbrlreader:2019-01-01,2019-12-31
fact-67 Value:
	json:236000000
	xbrlreader:236,0000000
fact-67 Identifier:
	json:scheme:529900YRFFGH5AXU4S86
	xbrlreader:529900YRFFGH5AXU4S86
fact-67 Period:
	json:2021-01-01T00:00:00
	xbrlreader:2020-12-31
fact-68 Value:
	json:192800000
	xbrlreader:192,8000000
fact-68 Identifier:
	json:scheme:529900YRFFGH5AXU4S86
	xbrlreader:529900YRFFGH5AXU4S86
fact-68 Period:
	json:2020-01-01T00:00:00
	xbrlreader:2019-12-31
fact-69 Value:
	json:810100000
	xbrlreader:810,1000000
fact-69 Identifier:
	json:scheme:529900YRFFGH5AXU4S86
	xbrlreader:529900YRFFGH5AXU4S86
fact-69 Period:
	json:2021-01-01T00:00:00
	xbrlreader:2020-12-31
fact-70 Value:
	json:708400000
	xbrlreader:708,4000000
fact-70 Identifier:
	json:scheme:529900YRFFGH5AXU4S86
	xbrlreader:529900YRFFGH5AXU4S86
fact-70 Period:
	json:2020-01-01T00:00:00
	xbrlreader:2019-12-31
fact-71 Value:
	json:479800000
	xbrlreader:479,8000000
fact-71 Identifier:
	json:scheme:529900YRFFGH5AXU4S86
	xbrlreader:529900YRFFGH5AXU4S86
fact-71 Period:
	json:2021-01-01T00:00:00
	xbrlreader:2020-12-31
fact-72 Value:
	json:525600000
	xbrlreader:525,6000000
fact-72 Identifier:
	json:scheme:529900YRFFGH5AXU4S86
	xbrlreader:529900YRFFGH5AXU4S86
fact-72 Period:
	json:2020-01-01T00:00:00
	xbrlreader:2019-12-31
fact-73 Value:
	json:11900000
	xbrlreader:11,9000000
fact-73 Identifier:
	json:scheme:529900YRFFGH5AXU4S86
	xbrlreader:529900YRFFGH5AXU4S86
fact-73 Period:
	json:2021-01-01T00:00:00
	xbrlreader:2020-12-31
fact-74 Value:
	json:10100000
	xbrlreader:10,1000000
fact-74 Identifier:
	json:scheme:529900YRFFGH5AXU4S86
	xbrlreader:529900YRFFGH5AXU4S86
fact-74 Period:
	json:2020-01-01T00:00:00
	xbrlreader:2019-12-31
fact-75 Value:
	json:15400000
	xbrlreader:15,4000000
fact-75 Identifier:
	json:scheme:529900YRFFGH5AXU4S86
	xbrlreader:529900YRFFGH5AXU4S86
fact-75 Period:
	json:2021-01-01T00:00:00
	xbrlreader:2020-12-31
fact-76 Value:
	json:9200000
	xbrlreader:9,2000000
fact-76 Identifier:
	json:scheme:529900YRFFGH5AXU4S86
	xbrlreader:529900YRFFGH5AXU4S86
fact-76 Period:
	json:2020-01-01T00:00:00
	xbrlreader:2019-12-31
fact-77 Value:
	json:5100000
	xbrlreader:5,1000000
fact-77 Identifier:
	json:scheme:529900YRFFGH5AXU4S86
	xbrlreader:529900YRFFGH5AXU4S86
fact-77 Period:
	json:2021-01-01T00:00:00
	xbrlreader:2020-12-31
fact-78 Value:
	json:7300000
	xbrlreader:7,3000000
fact-78 Identifier:
	json:scheme:529900YRFFGH5AXU4S86
	xbrlreader:529900YRFFGH5AXU4S86
fact-78 Period:
	json:2020-01-01T00:00:00
	xbrlreader:2019-12-31
fact-79 Value:
	json:1700000
	xbrlreader:1,7000000
fact-79 Identifier:
	json:scheme:529900YRFFGH5AXU4S86
	xbrlreader:529900YRFFGH5AXU4S86
fact-79 Period:
	json:2021-01-01T00:00:00
	xbrlreader:2020-12-31
fact-80 Value:
	json:1600000
	xbrlreader:1,6000000
fact-80 Identifier:
	json:scheme:529900YRFFGH5AXU4S86
	xbrlreader:529900YRFFGH5AXU4S86
fact-80 Period:
	json:2020-01-01T00:00:00
	xbrlreader:2019-12-31
fact-81 Value:
	json:1560000000
	xbrlreader:1.560,0000000
fact-81 Identifier:
	json:scheme:529900YRFFGH5AXU4S86
	xbrlreader:529900YRFFGH5AXU4S86
fact-81 Period:
	json:2021-01-01T00:00:00
	xbrlreader:2020-12-31
fact-82 Value:
	json:1455100000
	xbrlreader:1.455,1000000
fact-82 Identifier:
	json:scheme:529900YRFFGH5AXU4S86
	xbrlreader:529900YRFFGH5AXU4S86
fact-82 Period:
	json:2020-01-01T00:00:00
	xbrlreader:2019-12-31
fact-83 Value:
	json:1361200000
	xbrlreader:1.361,2000000
fact-83 Identifier:
	json:scheme:529900YRFFGH5AXU4S86
	xbrlreader:529900YRFFGH5AXU4S86
fact-83 Period:
	json:2021-01-01T00:00:00
	xbrlreader:2020-12-31
fact-84 Value:
	json:1098300000
	xbrlreader:1.098,3000000
fact-84 Identifier:
	json:scheme:529900YRFFGH5AXU4S86
	xbrlreader:529900YRFFGH5AXU4S86
fact-84 Period:
	json:2020-01-01T00:00:00
	xbrlreader:2019-12-31
fact-85 Value:
	json:602500000
	xbrlreader:602,5000000
fact-85 Identifier:
	json:scheme:529900YRFFGH5AXU4S86
	xbrlreader:529900YRFFGH5AXU4S86
fact-85 Period:
	json:2021-01-01T00:00:00
	xbrlreader:2020-12-31
fact-86 Value:
	json:462400000
	xbrlreader:462,4000000
fact-86 Identifier:
	json:scheme:529900YRFFGH5AXU4S86
	xbrlreader:529900YRFFGH5AXU4S86
fact-86 Period:
	json:2020-01-01T00:00:00
	xbrlreader:2019-12-31
fact-87 Value:
	json:32000000
	xbrlreader:32,0000000
fact-87 Identifier:
	json:scheme:529900YRFFGH5AXU4S86
	xbrlreader:529900YRFFGH5AXU4S86
fact-87 Period:
	json:2021-01-01T00:00:00
	xbrlreader:2020-12-31
fact-88 Value:
	json:42800000
	xbrlreader:42,8000000
fact-88 Identifier:
	json:scheme:529900YRFFGH5AXU4S86
	xbrlreader:529900YRFFGH5AXU4S86
fact-88 Period:
	json:2020-01-01T00:00:00
	xbrlreader:2019-12-31
fact-89 Value:
	json:295100000
	xbrlreader:295,1000000
fact-89 Identifier:
	json:scheme:529900YRFFGH5AXU4S86
	xbrlreader:529900YRFFGH5AXU4S86
fact-89 Period:
	json:2021-01-01T00:00:00
	xbrlreader:2020-12-31
fact-90 Value:
	json:262200000
	xbrlreader:262,2000000
fact-90 Identifier:
	json:scheme:529900YRFFGH5AXU4S86
	xbrlreader:529900YRFFGH5AXU4S86
fact-90 Period:
	json:2020-01-01T00:00:00
	xbrlreader:2019-12-31
fact-91 Value:
	json:2644000000
	xbrlreader:2.644,0000000
fact-91 Identifier:
	json:scheme:529900YRFFGH5AXU4S86
	xbrlreader:529900YRFFGH5AXU4S86
fact-91 Period:
	json:2021-01-01T00:00:00
	xbrlreader:2020-12-31
fact-92 Value:
	json:976500000
	xbrlreader:976,5000000
fact-92 Identifier:
	json:scheme:529900YRFFGH5AXU4S86
	xbrlreader:529900YRFFGH5AXU4S86
fact-92 Period:
	json:2020-01-01T00:00:00
	xbrlreader:2019-12-31
fact-93 Value:
	json:4934800000
	xbrlreader:4.934,8000000
fact-93 Identifier:
	json:scheme:529900YRFFGH5AXU4S86
	xbrlreader:529900YRFFGH5AXU4S86
fact-93 Period:
	json:2021-01-01T00:00:00
	xbrlreader:2020-12-31
fact-94 Value:
	json:2842200000
	xbrlreader:2.842,2000000
fact-94 Identifier:
	json:scheme:529900YRFFGH5AXU4S86
	xbrlreader:529900YRFFGH5AXU4S86
fact-94 Period:
	json:2020-01-01T00:00:00
	xbrlreader:2019-12-31
fact-95 Value:
	json:0
	xbrlreader:0,0000000
fact-95 Identifier:
	json:scheme:529900YRFFGH5AXU4S86
	xbrlreader:529900YRFFGH5AXU4S86
fact-95 Period:
	json:2021-01-01T00:00:00
	xbrlreader:2020-12-31
fact-96 Value:
	json:35900000
	xbrlreader:35,9000000
fact-96 Identifier:
	json:scheme:529900YRFFGH5AXU4S86
	xbrlreader:529900YRFFGH5AXU4S86
fact-96 Period:
	json:2020-01-01T00:00:00
	xbrlreader:2019-12-31
fact-97 Value:
	json:6494800000
	xbrlreader:6.494,8000000
fact-97 Identifier:
	json:scheme:529900YRFFGH5AXU4S86
	xbrlreader:529900YRFFGH5AXU4S86
fact-97 Period:
	json:2021-01-01T00:00:00
	xbrlreader:2020-12-31
fact-98 Value:
	json:4333100000
	xbrlreader:4.333,1000000
fact-98 Identifier:
	json:scheme:529900YRFFGH5AXU4S86
	xbrlreader:529900YRFFGH5AXU4S86
fact-98 Period:
	json:2020-01-01T00:00:00
	xbrlreader:2019-12-31
fact-99 Value:
	json:253100000
	xbrlreader:253,1000000
fact-99 Identifier:
	json:scheme:529900YRFFGH5AXU4S86
	xbrlreader:529900YRFFGH5AXU4S86
fact-99 Period:
	json:2021-01-01T00:00:00
	xbrlreader:2020-12-31
fact-100 Value:
	json:248700000
	xbrlreader:248,7000000
fact-100 Identifier:
	json:scheme:529900YRFFGH5AXU4S86
	xbrlreader:529900YRFFGH5AXU4S86
fact-100 Period:
	json:2020-01-01T00:00:00
	xbrlreader:2019-12-31
fact-101 Value:
	json:1428900000
	xbrlreader:1.428,9000000
fact-101 Identifier:
	json:scheme:529900YRFFGH5AXU4S86
	xbrlreader:529900YRFFGH5AXU4S86
fact-101 Period:
	json:2021-01-01T00:00:00
	xbrlreader:2020-12-31
fact-102 Value:
	json:1200500000
	xbrlreader:1.200,5000000
fact-102 Identifier:
	json:scheme:529900YRFFGH5AXU4S86
	xbrlreader:529900YRFFGH5AXU4S86
fact-102 Period:
	json:2020-01-01T00:00:00
	xbrlreader:2019-12-31
fact-103 Value:
	json:-7300000
	xbrlreader:-7,3000000
fact-103 Identifier:
	json:scheme:529900YRFFGH5AXU4S86
	xbrlreader:529900YRFFGH5AXU4S86
fact-103 Period:
	json:2021-01-01T00:00:00
	xbrlreader:2020-12-31
fact-104 Value:
	json:-15600000
	xbrlreader:-15,6000000
fact-104 Identifier:
	json:scheme:529900YRFFGH5AXU4S86
	xbrlreader:529900YRFFGH5AXU4S86
fact-104 Period:
	json:2020-01-01T00:00:00
	xbrlreader:2019-12-31
fact-105 Value:
	json:476600000
	xbrlreader:476,6000000
fact-105 Identifier:
	json:scheme:529900YRFFGH5AXU4S86
	xbrlreader:529900YRFFGH5AXU4S86
fact-105 Period:
	json:2021-01-01T00:00:00
	xbrlreader:2020-12-31
fact-106 Value:
	json:250400000
	xbrlreader:250,4000000
fact-106 Identifier:
	json:scheme:529900YRFFGH5AXU4S86
	xbrlreader:529900YRFFGH5AXU4S86
fact-106 Period:
	json:2020-01-01T00:00:00
	xbrlreader:2019-12-31
fact-107 Value:
	json:2151300000
	xbrlreader:2.151,3000000
fact-107 Identifier:
	json:scheme:529900YRFFGH5AXU4S86
	xbrlreader:529900YRFFGH5AXU4S86
fact-107 Period:
	json:2021-01-01T00:00:00
	xbrlreader:2020-12-31
fact-108 Value:
	json:1683900000
	xbrlreader:1.683,9000000
fact-108 Identifier:
	json:scheme:529900YRFFGH5AXU4S86
	xbrlreader:529900YRFFGH5AXU4S86
fact-108 Period:
	json:2020-01-01T00:00:00
	xbrlreader:2019-12-31
fact-109 Value:
	json:-200000
	xbrlreader:-0,2000000
fact-109 Identifier:
	json:scheme:529900YRFFGH5AXU4S86
	xbrlreader:529900YRFFGH5AXU4S86
fact-109 Period:
	json:2021-01-01T00:00:00
	xbrlreader:2020-12-31
fact-110 Value:
	json:-200000
	xbrlreader:-0,2000000
fact-110 Identifier:
	json:scheme:529900YRFFGH5AXU4S86
	xbrlreader:529900YRFFGH5AXU4S86
fact-110 Period:
	json:2020-01-01T00:00:00
	xbrlreader:2019-12-31
fact-111 Value:
	json:2151100000
	xbrlreader:2.151,1000000
fact-111 Identifier:
	json:scheme:529900YRFFGH5AXU4S86
	xbrlreader:529900YRFFGH5AXU4S86
fact-111 Period:
	json:2021-01-01T00:00:00
	xbrlreader:2020-12-31
fact-112 Value:
	json:1683800000
	xbrlreader:1.683,8000000
fact-112 Identifier:
	json:scheme:529900YRFFGH5AXU4S86
	xbrlreader:529900YRFFGH5AXU4S86
fact-112 Period:
	json:2020-01-01T00:00:00
	xbrlreader:2019-12-31
fact-113 Value:
	json:47700000
	xbrlreader:47,7000000
fact-113 Identifier:
	json:scheme:529900YRFFGH5AXU4S86
	xbrlreader:529900YRFFGH5AXU4S86
fact-113 Period:
	json:2021-01-01T00:00:00
	xbrlreader:2020-12-31
fact-114 Value:
	json:42500000
	xbrlreader:42,5000000
fact-114 Identifier:
	json:scheme:529900YRFFGH5AXU4S86
	xbrlreader:529900YRFFGH5AXU4S86
fact-114 Period:
	json:2020-01-01T00:00:00
	xbrlreader:2019-12-31
fact-115 Value:
	json:443000000
	xbrlreader:443,0000000
fact-115 Identifier:
	json:scheme:529900YRFFGH5AXU4S86
	xbrlreader:529900YRFFGH5AXU4S86
fact-115 Period:
	json:2021-01-01T00:00:00
	xbrlreader:2020-12-31
fact-116 Value:
	json:481400000
	xbrlreader:481,4000000
fact-116 Identifier:
	json:scheme:529900YRFFGH5AXU4S86
	xbrlreader:529900YRFFGH5AXU4S86
fact-116 Period:
	json:2020-01-01T00:00:00
	xbrlreader:2019-12-31
fact-117 Value:
	json:0
	xbrlreader:0,0000000
fact-117 Identifier:
	json:scheme:529900YRFFGH5AXU4S86
	xbrlreader:529900YRFFGH5AXU4S86
fact-117 Period:
	json:2021-01-01T00:00:00
	xbrlreader:2020-12-31
fact-118 Value:
	json:2700000
	xbrlreader:2,7000000
fact-118 Identifier:
	json:scheme:529900YRFFGH5AXU4S86
	xbrlreader:529900YRFFGH5AXU4S86
fact-118 Period:
	json:2020-01-01T00:00:00
	xbrlreader:2019-12-31
fact-119 Value:
	json:873700000
	xbrlreader:873,7000000
fact-119 Identifier:
	json:scheme:529900YRFFGH5AXU4S86
	xbrlreader:529900YRFFGH5AXU4S86
fact-119 Period:
	json:2021-01-01T00:00:00
	xbrlreader:2020-12-31
fact-120 Value:
	json:0
	xbrlreader:0,0000000
fact-120 Identifier:
	json:scheme:529900YRFFGH5AXU4S86
	xbrlreader:529900YRFFGH5AXU4S86
fact-120 Period:
	json:2020-01-01T00:00:00
	xbrlreader:2019-12-31
fact-121 Value:
	json:15600000
	xbrlreader:15,6000000
fact-121 Identifier:
	json:scheme:529900YRFFGH5AXU4S86
	xbrlreader:529900YRFFGH5AXU4S86
fact-121 Period:
	json:2021-01-01T00:00:00
	xbrlreader:2020-12-31
fact-122 Value:
	json:4200000
	xbrlreader:4,2000000
fact-122 Identifier:
	json:scheme:529900YRFFGH5AXU4S86
	xbrlreader:529900YRFFGH5AXU4S86
fact-122 Period:
	json:2020-01-01T00:00:00
	xbrlreader:2019-12-31
fact-123 Value:
	json:5100000
	xbrlreader:5,1000000
fact-123 Identifier:
	json:scheme:529900YRFFGH5AXU4S86
	xbrlreader:529900YRFFGH5AXU4S86
fact-123 Period:
	json:2021-01-01T00:00:00
	xbrlreader:2020-12-31
fact-124 Value:
	json:1100000
	xbrlreader:1,1000000
fact-124 Identifier:
	json:scheme:529900YRFFGH5AXU4S86
	xbrlreader:529900YRFFGH5AXU4S86
fact-124 Period:
	json:2020-01-01T00:00:00
	xbrlreader:2019-12-31
fact-125 Value:
	json:19100000
	xbrlreader:19,1000000
fact-125 Identifier:
	json:scheme:529900YRFFGH5AXU4S86
	xbrlreader:529900YRFFGH5AXU4S86
fact-125 Period:
	json:2021-01-01T00:00:00
	xbrlreader:2020-12-31
fact-126 Value:
	json:10700000
	xbrlreader:10,7000000
fact-126 Identifier:
	json:scheme:529900YRFFGH5AXU4S86
	xbrlreader:529900YRFFGH5AXU4S86
fact-126 Period:
	json:2020-01-01T00:00:00
	xbrlreader:2019-12-31
fact-127 Value:
	json:1404200000
	xbrlreader:1.404,2000000
fact-127 Identifier:
	json:scheme:529900YRFFGH5AXU4S86
	xbrlreader:529900YRFFGH5AXU4S86
fact-127 Period:
	json:2021-01-01T00:00:00
	xbrlreader:2020-12-31
fact-128 Value:
	json:542600000
	xbrlreader:542,6000000
fact-128 Identifier:
	json:scheme:529900YRFFGH5AXU4S86
	xbrlreader:529900YRFFGH5AXU4S86
fact-128 Period:
	json:2020-01-01T00:00:00
	xbrlreader:2019-12-31
fact-129 Value:
	json:500000
	xbrlreader:0,5000000
fact-129 Identifier:
	json:scheme:529900YRFFGH5AXU4S86
	xbrlreader:529900YRFFGH5AXU4S86
fact-129 Period:
	json:2021-01-01T00:00:00
	xbrlreader:2020-12-31
fact-130 Value:
	json:3400000
	xbrlreader:3,4000000
fact-130 Identifier:
	json:scheme:529900YRFFGH5AXU4S86
	xbrlreader:529900YRFFGH5AXU4S86
fact-130 Period:
	json:2020-01-01T00:00:00
	xbrlreader:2019-12-31
fact-131 Value:
	json:73700000
	xbrlreader:73,7000000
fact-131 Identifier:
	json:scheme:529900YRFFGH5AXU4S86
	xbrlreader:529900YRFFGH5AXU4S86
fact-131 Period:
	json:2021-01-01T00:00:00
	xbrlreader:2020-12-31
fact-132 Value:
	json:68000000
	xbrlreader:68,0000000
fact-132 Identifier:
	json:scheme:529900YRFFGH5AXU4S86
	xbrlreader:529900YRFFGH5AXU4S86
fact-132 Period:
	json:2020-01-01T00:00:00
	xbrlreader:2019-12-31
fact-133 Value:
	json:377700000
	xbrlreader:377,7000000
fact-133 Identifier:
	json:scheme:529900YRFFGH5AXU4S86
	xbrlreader:529900YRFFGH5AXU4S86
fact-133 Period:
	json:2021-01-01T00:00:00
	xbrlreader:2020-12-31
fact-134 Value:
	json:2800000
	xbrlreader:2,8000000
fact-134 Identifier:
	json:scheme:529900YRFFGH5AXU4S86
	xbrlreader:529900YRFFGH5AXU4S86
fact-134 Period:
	json:2020-01-01T00:00:00
	xbrlreader:2019-12-31
fact-135 Value:
	json:2050500000
	xbrlreader:2.050,5000000
fact-135 Identifier:
	json:scheme:529900YRFFGH5AXU4S86
	xbrlreader:529900YRFFGH5AXU4S86
fact-135 Period:
	json:2021-01-01T00:00:00
	xbrlreader:2020-12-31
fact-136 Value:
	json:1708300000
	xbrlreader:1.708,3000000
fact-136 Identifier:
	json:scheme:529900YRFFGH5AXU4S86
	xbrlreader:529900YRFFGH5AXU4S86
fact-136 Period:
	json:2020-01-01T00:00:00
	xbrlreader:2019-12-31
fact-137 Value:
	json:47100000
	xbrlreader:47,1000000
fact-137 Identifier:
	json:scheme:529900YRFFGH5AXU4S86
	xbrlreader:529900YRFFGH5AXU4S86
fact-137 Period:
	json:2021-01-01T00:00:00
	xbrlreader:2020-12-31
fact-138 Value:
	json:35000000
	xbrlreader:35,0000000
fact-138 Identifier:
	json:scheme:529900YRFFGH5AXU4S86
	xbrlreader:529900YRFFGH5AXU4S86
fact-138 Period:
	json:2020-01-01T00:00:00
	xbrlreader:2019-12-31
fact-139 Value:
	json:9600000
	xbrlreader:9,6000000
fact-139 Identifier:
	json:scheme:529900YRFFGH5AXU4S86
	xbrlreader:529900YRFFGH5AXU4S86
fact-139 Period:
	json:2021-01-01T00:00:00
	xbrlreader:2020-12-31
fact-140 Value:
	json:7600000
	xbrlreader:7,6000000
fact-140 Identifier:
	json:scheme:529900YRFFGH5AXU4S86
	xbrlreader:529900YRFFGH5AXU4S86
fact-140 Period:
	json:2020-01-01T00:00:00
	xbrlreader:2019-12-31
fact-141 Value:
	json:145600000
	xbrlreader:145,6000000
fact-141 Identifier:
	json:scheme:529900YRFFGH5AXU4S86
	xbrlreader:529900YRFFGH5AXU4S86
fact-141 Period:
	json:2021-01-01T00:00:00
	xbrlreader:2020-12-31
fact-142 Value:
	json:128200000
	xbrlreader:128,2000000
fact-142 Identifier:
	json:scheme:529900YRFFGH5AXU4S86
	xbrlreader:529900YRFFGH5AXU4S86
fact-142 Period:
	json:2020-01-01T00:00:00
	xbrlreader:2019-12-31
fact-143 Value:
	json:234800000
	xbrlreader:234,8000000
fact-143 Identifier:
	json:scheme:529900YRFFGH5AXU4S86
	xbrlreader:529900YRFFGH5AXU4S86
fact-143 Period:
	json:2021-01-01T00:00:00
	xbrlreader:2020-12-31
fact-144 Value:
	json:143400000
	xbrlreader:143,4000000
fact-144 Identifier:
	json:scheme:529900YRFFGH5AXU4S86
	xbrlreader:529900YRFFGH5AXU4S86
fact-144 Period:
	json:2020-01-01T00:00:00
	xbrlreader:2019-12-31
fact-145 Value:
	json:2939500000
	xbrlreader:2.939,5000000
fact-145 Identifier:
	json:scheme:529900YRFFGH5AXU4S86
	xbrlreader:529900YRFFGH5AXU4S86
fact-145 Period:
	json:2021-01-01T00:00:00
	xbrlreader:2020-12-31
fact-146 Value:
	json:2096700000
	xbrlreader:2.096,7000000
fact-146 Identifier:
	json:scheme:529900YRFFGH5AXU4S86
	xbrlreader:529900YRFFGH5AXU4S86
fact-146 Period:
	json:2020-01-01T00:00:00
	xbrlreader:2019-12-31
fact-147 Value:
	json:0
	xbrlreader:0,0000000
fact-147 Identifier:
	json:scheme:529900YRFFGH5AXU4S86
	xbrlreader:529900YRFFGH5AXU4S86
fact-147 Period:
	json:2021-01-01T00:00:00
	xbrlreader:2020-12-31
fact-148 Value:
	json:10000000
	xbrlreader:10,0000000
fact-148 Identifier:
	json:scheme:529900YRFFGH5AXU4S86
	xbrlreader:529900YRFFGH5AXU4S86
fact-148 Period:
	json:2020-01-01T00:00:00
	xbrlreader:2019-12-31
fact-149 Value:
	json:6494800000
	xbrlreader:6.494,8000000
fact-149 Identifier:
	json:scheme:529900YRFFGH5AXU4S86
	xbrlreader:529900YRFFGH5AXU4S86
fact-149 Period:
	json:2021-01-01T00:00:00
	xbrlreader:2020-12-31
fact-150 Value:
	json:4333100000
	xbrlreader:4.333,1000000
fact-150 Identifier:
	json:scheme:529900YRFFGH5AXU4S86
	xbrlreader:529900YRFFGH5AXU4S86
fact-150 Period:
	json:2020-01-01T00:00:00
	xbrlreader:2019-12-31
fact-151 Value:
	json:248700000
	xbrlreader:248,7000000
fact-151 Identifier:
	json:scheme:529900YRFFGH5AXU4S86
	xbrlreader:529900YRFFGH5AXU4S86
fact-151 Period:
	json:2020-01-01T00:00:00
	xbrlreader:2019-12-31
fact-152 Value:
	json:1200500000
	xbrlreader:1.200,5000000
fact-152 Identifier:
	json:scheme:529900YRFFGH5AXU4S86
	xbrlreader:529900YRFFGH5AXU4S86
fact-152 Period:
	json:2020-01-01T00:00:00
	xbrlreader:2019-12-31
fact-153 Value:
	json:0
	xbrlreader:0,0000000
fact-153 Identifier:
	json:scheme:529900YRFFGH5AXU4S86
	xbrlreader:529900YRFFGH5AXU4S86
fact-153 Period:
	json:2020-01-01T00:00:00/2021-01-01T00:00:00
	xbrlreader:2020-01-01,2020-12-31
fact-154 Value:
	json:0
	xbrlreader:0,0000000
fact-154 Identifier:
	json:scheme:529900YRFFGH5AXU4S86
	xbrlreader:529900YRFFGH5AXU4S86
fact-154 Period:
	json:2020-01-01T00:00:00/2021-01-01T00:00:00
	xbrlreader:2020-01-01,2020-12-31
fact-155 Value:
	json:0
	xbrlreader:0,0000000
fact-155 Identifier:
	json:scheme:529900YRFFGH5AXU4S86
	xbrlreader:529900YRFFGH5AXU4S86
fact-155 Period:
	json:2020-01-01T00:00:00/2021-01-01T00:00:00
	xbrlreader:2020-01-01,2020-12-31
fact-156 Value:
	json:0
	xbrlreader:0,0000000
fact-156 Identifier:
	json:scheme:529900YRFFGH5AXU4S86
	xbrlreader:529900YRFFGH5AXU4S86
fact-156 Period:
	json:2020-01-01T00:00:00/2021-01-01T00:00:00
	xbrlreader:2020-01-01,2020-12-31
fact-157 Value:
	json:0
	xbrlreader:0,0000000
fact-157 Identifier:
	json:scheme:529900YRFFGH5AXU4S86
	xbrlreader:529900YRFFGH5AXU4S86
fact-157 Period:
	json:2020-01-01T00:00:00/2021-01-01T00:00:00
	xbrlreader:2020-01-01,2020-12-31
fact-158 Value:
	json:0
	xbrlreader:0,0000000
fact-158 Identifier:
	json:scheme:529900YRFFGH5AXU4S86
	xbrlreader:529900YRFFGH5AXU4S86
fact-158 Period:
	json:2020-01-01T00:00:00/2021-01-01T00:00:00
	xbrlreader:2020-01-01,2020-12-31
fact-159 Value:
	json:2400000
	xbrlreader:2,4000000
fact-159 Identifier:
	json:scheme:529900YRFFGH5AXU4S86
	xbrlreader:529900YRFFGH5AXU4S86
fact-159 Period:
	json:2020-01-01T00:00:00/2021-01-01T00:00:00
	xbrlreader:2020-01-01,2020-12-31
fact-160 Value:
	json:24700000
	xbrlreader:24,7000000
fact-160 Identifier:
	json:scheme:529900YRFFGH5AXU4S86
	xbrlreader:529900YRFFGH5AXU4S86
fact-160 Period:
	json:2020-01-01T00:00:00/2021-01-01T00:00:00
	xbrlreader:2020-01-01,2020-12-31
fact-161 Value:
	json:0
	xbrlreader:0,0000000
fact-161 Identifier:
	json:scheme:529900YRFFGH5AXU4S86
	xbrlreader:529900YRFFGH5AXU4S86
fact-161 Period:
	json:2020-01-01T00:00:00/2021-01-01T00:00:00
	xbrlreader:2020-01-01,2020-12-31
fact-162 Value:
	json:94200000
	xbrlreader:94,2000000
fact-162 Identifier:
	json:scheme:529900YRFFGH5AXU4S86
	xbrlreader:529900YRFFGH5AXU4S86
fact-162 Period:
	json:2020-01-01T00:00:00/2021-01-01T00:00:00
	xbrlreader:2020-01-01,2020-12-31
fact-163 Value:
	json:2000000
	xbrlreader:2,0000000
fact-163 Identifier:
	json:scheme:529900YRFFGH5AXU4S86
	xbrlreader:529900YRFFGH5AXU4S86
fact-163 Period:
	json:2020-01-01T00:00:00/2021-01-01T00:00:00
	xbrlreader:2020-01-01,2020-12-31
fact-164 Value:
	json:26000000
	xbrlreader:26,0000000
fact-164 Identifier:
	json:scheme:529900YRFFGH5AXU4S86
	xbrlreader:529900YRFFGH5AXU4S86
fact-164 Period:
	json:2020-01-01T00:00:00/2021-01-01T00:00:00
	xbrlreader:2020-01-01,2020-12-31
fact-165 Value:
	json:0
	xbrlreader:0,0000000
fact-165 Identifier:
	json:scheme:529900YRFFGH5AXU4S86
	xbrlreader:529900YRFFGH5AXU4S86
fact-165 Period:
	json:2020-01-01T00:00:00/2021-01-01T00:00:00
	xbrlreader:2020-01-01,2020-12-31
fact-166 Value:
	json:50300000
	xbrlreader:50,3000000
fact-166 Identifier:
	json:scheme:529900YRFFGH5AXU4S86
	xbrlreader:529900YRFFGH5AXU4S86
fact-166 Period:
	json:2020-01-01T00:00:00/2021-01-01T00:00:00
	xbrlreader:2020-01-01,2020-12-31
fact-167 Value:
	json:0
	xbrlreader:0,0000000
fact-167 Identifier:
	json:scheme:529900YRFFGH5AXU4S86
	xbrlreader:529900YRFFGH5AXU4S86
fact-167 Period:
	json:2020-01-01T00:00:00/2021-01-01T00:00:00
	xbrlreader:2020-01-01,2020-12-31
fact-168 Value:
	json:33300000
	xbrlreader:33,3000000
fact-168 Identifier:
	json:scheme:529900YRFFGH5AXU4S86
	xbrlreader:529900YRFFGH5AXU4S86
fact-168 Period:
	json:2020-01-01T00:00:00/2021-01-01T00:00:00
	xbrlreader:2020-01-01,2020-12-31
fact-169 Value:
	json:253100000
	xbrlreader:253,1000000
fact-169 Identifier:
	json:scheme:529900YRFFGH5AXU4S86
	xbrlreader:529900YRFFGH5AXU4S86
fact-169 Period:
	json:2021-01-01T00:00:00
	xbrlreader:2020-12-31
fact-170 Value:
	json:1428900000
	xbrlreader:1.428,9000000
fact-170 Identifier:
	json:scheme:529900YRFFGH5AXU4S86
	xbrlreader:529900YRFFGH5AXU4S86
fact-170 Period:
	json:2021-01-01T00:00:00
	xbrlreader:2020-12-31
fact-171 Value:
	json:247900000
	xbrlreader:247,9000000
fact-171 Identifier:
	json:scheme:529900YRFFGH5AXU4S86
	xbrlreader:529900YRFFGH5AXU4S86
fact-171 Period:
	json:2019-01-01T00:00:00
	xbrlreader:2018-12-31
fact-172 Value:
	json:1155600000
	xbrlreader:1.155,6000000
fact-172 Identifier:
	json:scheme:529900YRFFGH5AXU4S86
	xbrlreader:529900YRFFGH5AXU4S86
fact-172 Period:
	json:2019-01-01T00:00:00
	xbrlreader:2018-12-31
fact-173 Value:
	json:0
	xbrlreader:0,0000000
fact-173 Identifier:
	json:scheme:529900YRFFGH5AXU4S86
	xbrlreader:529900YRFFGH5AXU4S86
fact-173 Period:
	json:2019-01-01T00:00:00/2020-01-01T00:00:00
	xbrlreader:2019-01-01,2019-12-31
fact-174 Value:
	json:0
	xbrlreader:0,0000000
fact-174 Identifier:
	json:scheme:529900YRFFGH5AXU4S86
	xbrlreader:529900YRFFGH5AXU4S86
fact-174 Period:
	json:2019-01-01T00:00:00/2020-01-01T00:00:00
	xbrlreader:2019-01-01,2019-12-31
fact-175 Value:
	json:0
	xbrlreader:0,0000000
fact-175 Identifier:
	json:scheme:529900YRFFGH5AXU4S86
	xbrlreader:529900YRFFGH5AXU4S86
fact-175 Period:
	json:2019-01-01T00:00:00/2020-01-01T00:00:00
	xbrlreader:2019-01-01,2019-12-31
fact-176 Value:
	json:0
	xbrlreader:0,0000000
fact-176 Identifier:
	json:scheme:529900YRFFGH5AXU4S86
	xbrlreader:529900YRFFGH5AXU4S86
fact-176 Period:
	json:2019-01-01T00:00:00/2020-01-01T00:00:00
	xbrlreader:2019-01-01,2019-12-31
fact-177 Value:
	json:0
	xbrlreader:0,0000000
fact-177 Identifier:
	json:scheme:529900YRFFGH5AXU4S86
	xbrlreader:529900YRFFGH5AXU4S86
fact-177 Period:
	json:2019-01-01T00:00:00/2020-01-01T00:00:00
	xbrlreader:2019-01-01,2019-12-31
fact-178 Value:
	json:0
	xbrlreader:0,0000000
fact-178 Identifier:
	json:scheme:529900YRFFGH5AXU4S86
	xbrlreader:529900YRFFGH5AXU4S86
fact-178 Period:
	json:2019-01-01T00:00:00/2020-01-01T00:00:00
	xbrlreader:2019-01-01,2019-12-31
fact-179 Value:
	json:2200000
	xbrlreader:2,2000000
fact-179 Identifier:
	json:scheme:529900YRFFGH5AXU4S86
	xbrlreader:529900YRFFGH5AXU4S86
fact-179 Period:
	json:2019-01-01T00:00:00/2020-01-01T00:00:00
	xbrlreader:2019-01-01,2019-12-31
fact-180 Value:
	json:36300000
	xbrlreader:36,3000000
fact-180 Identifier:
	json:scheme:529900YRFFGH5AXU4S86
	xbrlreader:529900YRFFGH5AXU4S86
fact-180 Period:
	json:2019-01-01T00:00:00/2020-01-01T00:00:00
	xbrlreader:2019-01-01,2019-12-31
fact-181 Value:
	json:-1400000
	xbrlreader:-1,4000000
fact-181 Identifier:
	json:scheme:529900YRFFGH5AXU4S86
	xbrlreader:529900YRFFGH5AXU4S86
fact-181 Period:
	json:2019-01-01T00:00:00/2020-01-01T00:00:00
	xbrlreader:2019-01-01,2019-12-31
fact-182 Value:
	json:-37400000
	xbrlreader:-37,4000000
fact-182 Identifier:
	json:scheme:529900YRFFGH5AXU4S86
	xbrlreader:529900YRFFGH5AXU4S86
fact-182 Period:
	json:2019-01-01T00:00:00/2020-01-01T00:00:00
	xbrlreader:2019-01-01,2019-12-31
fact-183 Value:
	json:0
	xbrlreader:0,0000000
fact-183 Identifier:
	json:scheme:529900YRFFGH5AXU4S86
	xbrlreader:529900YRFFGH5AXU4S86
fact-183 Period:
	json:2019-01-01T00:00:00/2020-01-01T00:00:00
	xbrlreader:2019-01-01,2019-12-31
fact-184 Value:
	json:46000000
	xbrlreader:46,0000000
fact-184 Identifier:
	json:scheme:529900YRFFGH5AXU4S86
	xbrlreader:529900YRFFGH5AXU4S86
fact-184 Period:
	json:2019-01-01T00:00:00/2020-01-01T00:00:00
	xbrlreader:2019-01-01,2019-12-31
fact-185 Value:
	json:248700000
	xbrlreader:248,7000000
fact-185 Identifier:
	json:scheme:529900YRFFGH5AXU4S86
	xbrlreader:529900YRFFGH5AXU4S86
fact-185 Period:
	json:2020-01-01T00:00:00
	xbrlreader:2019-12-31
fact-186 Value:
	json:1200500000
	xbrlreader:1.200,5000000
fact-186 Identifier:
	json:scheme:529900YRFFGH5AXU4S86
	xbrlreader:529900YRFFGH5AXU4S86
fact-186 Period:
	json:2020-01-01T00:00:00
	xbrlreader:2019-12-31
fact-187 Value:
	json:-15200000
	xbrlreader:-15,2000000
fact-187 Identifier:
	json:scheme:529900YRFFGH5AXU4S86
	xbrlreader:529900YRFFGH5AXU4S86
fact-187 Period:
	json:2020-01-01T00:00:00
	xbrlreader:2019-12-31
fact-188 Value:
	json:-400000
	xbrlreader:-0,4000000
fact-188 Identifier:
	json:scheme:529900YRFFGH5AXU4S86
	xbrlreader:529900YRFFGH5AXU4S86
fact-188 Period:
	json:2020-01-01T00:00:00
	xbrlreader:2019-12-31
fact-189 Value:
	json:250400000
	xbrlreader:250,4000000
fact-189 Identifier:
	json:scheme:529900YRFFGH5AXU4S86
	xbrlreader:529900YRFFGH5AXU4S86
fact-189 Period:
	json:2020-01-01T00:00:00
	xbrlreader:2019-12-31
fact-190 Value:
	json:1683900000
	xbrlreader:1.683,9000000
fact-190 Identifier:
	json:scheme:529900YRFFGH5AXU4S86
	xbrlreader:529900YRFFGH5AXU4S86
fact-190 Period:
	json:2020-01-01T00:00:00
	xbrlreader:2019-12-31
fact-191 Value:
	json:-200000
	xbrlreader:-0,2000000
fact-191 Identifier:
	json:scheme:529900YRFFGH5AXU4S86
	xbrlreader:529900YRFFGH5AXU4S86
fact-191 Period:
	json:2020-01-01T00:00:00
	xbrlreader:2019-12-31
fact-192 Value:
	json:1683800000
	xbrlreader:1.683,8000000
fact-192 Identifier:
	json:scheme:529900YRFFGH5AXU4S86
	xbrlreader:529900YRFFGH5AXU4S86
fact-192 Period:
	json:2020-01-01T00:00:00
	xbrlreader:2019-12-31
fact-193 Value:
	json:0
	xbrlreader:0,0000000
fact-193 Identifier:
	json:scheme:529900YRFFGH5AXU4S86
	xbrlreader:529900YRFFGH5AXU4S86
fact-193 Period:
	json:2020-01-01T00:00:00/2021-01-01T00:00:00
	xbrlreader:2020-01-01,2020-12-31
fact-194 Value:
	json:0
	xbrlreader:0,0000000
fact-194 Identifier:
	json:scheme:529900YRFFGH5AXU4S86
	xbrlreader:529900YRFFGH5AXU4S86
fact-194 Period:
	json:2020-01-01T00:00:00/2021-01-01T00:00:00
	xbrlreader:2020-01-01,2020-12-31
fact-195 Value:
	json:226100000
	xbrlreader:226,1000000
fact-195 Identifier:
	json:scheme:529900YRFFGH5AXU4S86
	xbrlreader:529900YRFFGH5AXU4S86
fact-195 Period:
	json:2020-01-01T00:00:00/2021-01-01T00:00:00
	xbrlreader:2020-01-01,2020-12-31
fact-196 Value:
	json:226100000
	xbrlreader:226,1000000
fact-196 Identifier:
	json:scheme:529900YRFFGH5AXU4S86
	xbrlreader:529900YRFFGH5AXU4S86
fact-196 Period:
	json:2020-01-01T00:00:00/2021-01-01T00:00:00
	xbrlreader:2020-01-01,2020-12-31
fact-197 Value:
	json:0
	xbrlreader:0,0000000
fact-197 Identifier:
	json:scheme:529900YRFFGH5AXU4S86
	xbrlreader:529900YRFFGH5AXU4S86
fact-197 Period:
	json:2020-01-01T00:00:00/2021-01-01T00:00:00
	xbrlreader:2020-01-01,2020-12-31
fact-198 Value:
	json:226100000
	xbrlreader:226,1000000
fact-198 Identifier:
	json:scheme:529900YRFFGH5AXU4S86
	xbrlreader:529900YRFFGH5AXU4S86
fact-198 Period:
	json:2020-01-01T00:00:00/2021-01-01T00:00:00
	xbrlreader:2020-01-01,2020-12-31
fact-199 Value:
	json:8500000
	xbrlreader:8,5000000
fact-199 Identifier:
	json:scheme:529900YRFFGH5AXU4S86
	xbrlreader:529900YRFFGH5AXU4S86
fact-199 Period:
	json:2020-01-01T00:00:00/2021-01-01T00:00:00
	xbrlreader:2020-01-01,2020-12-31
fact-200 Value:
	json:-200000
	xbrlreader:-0,2000000
fact-200 Identifier:
	json:scheme:529900YRFFGH5AXU4S86
	xbrlreader:529900YRFFGH5AXU4S86
fact-200 Period:
	json:2020-01-01T00:00:00/2021-01-01T00:00:00
	xbrlreader:2020-01-01,2020-12-31
fact-201 Value:
	json:0
	xbrlreader:0,0000000
fact-201 Identifier:
	json:scheme:529900YRFFGH5AXU4S86
	xbrlreader:529900YRFFGH5AXU4S86
fact-201 Period:
	json:2020-01-01T00:00:00/2021-01-01T00:00:00
	xbrlreader:2020-01-01,2020-12-31
fact-202 Value:
	json:8300000
	xbrlreader:8,3000000
fact-202 Identifier:
	json:scheme:529900YRFFGH5AXU4S86
	xbrlreader:529900YRFFGH5AXU4S86
fact-202 Period:
	json:2020-01-01T00:00:00/2021-01-01T00:00:00
	xbrlreader:2020-01-01,2020-12-31
fact-203 Value:
	json:0
	xbrlreader:0,0000000
fact-203 Identifier:
	json:scheme:529900YRFFGH5AXU4S86
	xbrlreader:529900YRFFGH5AXU4S86
fact-203 Period:
	json:2020-01-01T00:00:00/2021-01-01T00:00:00
	xbrlreader:2020-01-01,2020-12-31
fact-204 Value:
	json:8300000
	xbrlreader:8,3000000
fact-204 Identifier:
	json:scheme:529900YRFFGH5AXU4S86
	xbrlreader:529900YRFFGH5AXU4S86
fact-204 Period:
	json:2020-01-01T00:00:00/2021-01-01T00:00:00
	xbrlreader:2020-01-01,2020-12-31
fact-205 Value:
	json:8500000
	xbrlreader:8,5000000
fact-205 Identifier:
	json:scheme:529900YRFFGH5AXU4S86
	xbrlreader:529900YRFFGH5AXU4S86
fact-205 Period:
	json:2020-01-01T00:00:00/2021-01-01T00:00:00
	xbrlreader:2020-01-01,2020-12-31
fact-206 Value:
	json:-200000
	xbrlreader:-0,2000000
fact-206 Identifier:
	json:scheme:529900YRFFGH5AXU4S86
	xbrlreader:529900YRFFGH5AXU4S86
fact-206 Period:
	json:2020-01-01T00:00:00/2021-01-01T00:00:00
	xbrlreader:2020-01-01,2020-12-31
fact-207 Value:
	json:226100000
	xbrlreader:226,1000000
fact-207 Identifier:
	json:scheme:529900YRFFGH5AXU4S86
	xbrlreader:529900YRFFGH5AXU4S86
fact-207 Period:
	json:2020-01-01T00:00:00/2021-01-01T00:00:00
	xbrlreader:2020-01-01,2020-12-31
fact-208 Value:
	json:234400000
	xbrlreader:234,4000000
fact-208 Identifier:
	json:scheme:529900YRFFGH5AXU4S86
	xbrlreader:529900YRFFGH5AXU4S86
fact-208 Period:
	json:2020-01-01T00:00:00/2021-01-01T00:00:00
	xbrlreader:2020-01-01,2020-12-31
fact-209 Value:
	json:0
	xbrlreader:0,0000000
fact-209 Identifier:
	json:scheme:529900YRFFGH5AXU4S86
	xbrlreader:529900YRFFGH5AXU4S86
fact-209 Period:
	json:2020-01-01T00:00:00/2021-01-01T00:00:00
	xbrlreader:2020-01-01,2020-12-31
fact-210 Value:
	json:234400000
	xbrlreader:234,4000000
fact-210 Identifier:
	json:scheme:529900YRFFGH5AXU4S86
	xbrlreader:529900YRFFGH5AXU4S86
fact-210 Period:
	json:2020-01-01T00:00:00/2021-01-01T00:00:00
	xbrlreader:2020-01-01,2020-12-31
fact-211 Value:
	json:0
	xbrlreader:0,0000000
fact-211 Identifier:
	json:scheme:529900YRFFGH5AXU4S86
	xbrlreader:529900YRFFGH5AXU4S86
fact-211 Period:
	json:2020-01-01T00:00:00/2021-01-01T00:00:00
	xbrlreader:2020-01-01,2020-12-31
fact-212 Value:
	json:0
	xbrlreader:0,0000000
fact-212 Identifier:
	json:scheme:529900YRFFGH5AXU4S86
	xbrlreader:529900YRFFGH5AXU4S86
fact-212 Period:
	json:2020-01-01T00:00:00/2021-01-01T00:00:00
	xbrlreader:2020-01-01,2020-12-31
fact-213 Value:
	json:0
	xbrlreader:0,0000000
fact-213 Identifier:
	json:scheme:529900YRFFGH5AXU4S86
	xbrlreader:529900YRFFGH5AXU4S86
fact-213 Period:
	json:2020-01-01T00:00:00/2021-01-01T00:00:00
	xbrlreader:2020-01-01,2020-12-31
fact-214 Value:
	json:27100000
	xbrlreader:27,1000000
fact-214 Identifier:
	json:scheme:529900YRFFGH5AXU4S86
	xbrlreader:529900YRFFGH5AXU4S86
fact-214 Period:
	json:2020-01-01T00:00:00/2021-01-01T00:00:00
	xbrlreader:2020-01-01,2020-12-31
fact-215 Value:
	json:0
	xbrlreader:0,0000000
fact-215 Identifier:
	json:scheme:529900YRFFGH5AXU4S86
	xbrlreader:529900YRFFGH5AXU4S86
fact-215 Period:
	json:2020-01-01T00:00:00/2021-01-01T00:00:00
	xbrlreader:2020-01-01,2020-12-31
fact-216 Value:
	json:27100000
	xbrlreader:27,1000000
fact-216 Identifier:
	json:scheme:529900YRFFGH5AXU4S86
	xbrlreader:529900YRFFGH5AXU4S86
fact-216 Period:
	json:2020-01-01T00:00:00/2021-01-01T00:00:00
	xbrlreader:2020-01-01,2020-12-31
fact-217 Value:
	json:0
	xbrlreader:0,0000000
fact-217 Identifier:
	json:scheme:529900YRFFGH5AXU4S86
	xbrlreader:529900YRFFGH5AXU4S86
fact-217 Period:
	json:2020-01-01T00:00:00/2021-01-01T00:00:00
	xbrlreader:2020-01-01,2020-12-31
fact-218 Value:
	json:0
	xbrlreader:0,0000000
fact-218 Identifier:
	json:scheme:529900YRFFGH5AXU4S86
	xbrlreader:529900YRFFGH5AXU4S86
fact-218 Period:
	json:2020-01-01T00:00:00/2021-01-01T00:00:00
	xbrlreader:2020-01-01,2020-12-31
fact-219 Value:
	json:0
	xbrlreader:0,0000000
fact-219 Identifier:
	json:scheme:529900YRFFGH5AXU4S86
	xbrlreader:529900YRFFGH5AXU4S86
fact-219 Period:
	json:2020-01-01T00:00:00/2021-01-01T00:00:00
	xbrlreader:2020-01-01,2020-12-31
fact-220 Value:
	json:94200000
	xbrlreader:94,2000000
fact-220 Identifier:
	json:scheme:529900YRFFGH5AXU4S86
	xbrlreader:529900YRFFGH5AXU4S86
fact-220 Period:
	json:2020-01-01T00:00:00/2021-01-01T00:00:00
	xbrlreader:2020-01-01,2020-12-31
fact-221 Value:
	json:0
	xbrlreader:0,0000000
fact-221 Identifier:
	json:scheme:529900YRFFGH5AXU4S86
	xbrlreader:529900YRFFGH5AXU4S86
fact-221 Period:
	json:2020-01-01T00:00:00/2021-01-01T00:00:00
	xbrlreader:2020-01-01,2020-12-31
fact-222 Value:
	json:94200000
	xbrlreader:94,2000000
fact-222 Identifier:
	json:scheme:529900YRFFGH5AXU4S86
	xbrlreader:529900YRFFGH5AXU4S86
fact-222 Period:
	json:2020-01-01T00:00:00/2021-01-01T00:00:00
	xbrlreader:2020-01-01,2020-12-31
fact-223 Value:
	json:0
	xbrlreader:0,0000000
fact-223 Identifier:
	json:scheme:529900YRFFGH5AXU4S86
	xbrlreader:529900YRFFGH5AXU4S86
fact-223 Period:
	json:2020-01-01T00:00:00/2021-01-01T00:00:00
	xbrlreader:2020-01-01,2020-12-31
fact-224 Value:
	json:0
	xbrlreader:0,0000000
fact-224 Identifier:
	json:scheme:529900YRFFGH5AXU4S86
	xbrlreader:529900YRFFGH5AXU4S86
fact-224 Period:
	json:2020-01-01T00:00:00/2021-01-01T00:00:00
	xbrlreader:2020-01-01,2020-12-31
fact-225 Value:
	json:0
	xbrlreader:0,0000000
fact-225 Identifier:
	json:scheme:529900YRFFGH5AXU4S86
	xbrlreader:529900YRFFGH5AXU4S86
fact-225 Period:
	json:2020-01-01T00:00:00/2021-01-01T00:00:00
	xbrlreader:2020-01-01,2020-12-31
fact-226 Value:
	json:28000000
	xbrlreader:28,0000000
fact-226 Identifier:
	json:scheme:529900YRFFGH5AXU4S86
	xbrlreader:529900YRFFGH5AXU4S86
fact-226 Period:
	json:2020-01-01T00:00:00/2021-01-01T00:00:00
	xbrlreader:2020-01-01,2020-12-31
fact-227 Value:
	json:0
	xbrlreader:0,0000000
fact-227 Identifier:
	json:scheme:529900YRFFGH5AXU4S86
	xbrlreader:529900YRFFGH5AXU4S86
fact-227 Period:
	json:2020-01-01T00:00:00/2021-01-01T00:00:00
	xbrlreader:2020-01-01,2020-12-31
fact-228 Value:
	json:28000000
	xbrlreader:28,0000000
fact-228 Identifier:
	json:scheme:529900YRFFGH5AXU4S86
	xbrlreader:529900YRFFGH5AXU4S86
fact-228 Period:
	json:2020-01-01T00:00:00/2021-01-01T00:00:00
	xbrlreader:2020-01-01,2020-12-31
fact-229 Value:
	json:0
	xbrlreader:0,0000000
fact-229 Identifier:
	json:scheme:529900YRFFGH5AXU4S86
	xbrlreader:529900YRFFGH5AXU4S86
fact-229 Period:
	json:2020-01-01T00:00:00/2021-01-01T00:00:00
	xbrlreader:2020-01-01,2020-12-31
fact-230 Value:
	json:0
	xbrlreader:0,0000000
fact-230 Identifier:
	json:scheme:529900YRFFGH5AXU4S86
	xbrlreader:529900YRFFGH5AXU4S86
fact-230 Period:
	json:2020-01-01T00:00:00/2021-01-01T00:00:00
	xbrlreader:2020-01-01,2020-12-31
fact-231 Value:
	json:0
	xbrlreader:0,0000000
fact-231 Identifier:
	json:scheme:529900YRFFGH5AXU4S86
	xbrlreader:529900YRFFGH5AXU4S86
fact-231 Period:
	json:2020-01-01T00:00:00/2021-01-01T00:00:00
	xbrlreader:2020-01-01,2020-12-31
fact-232 Value:
	json:50300000
	xbrlreader:50,3000000
fact-232 Identifier:
	json:scheme:529900YRFFGH5AXU4S86
	xbrlreader:529900YRFFGH5AXU4S86
fact-232 Period:
	json:2020-01-01T00:00:00/2021-01-01T00:00:00
	xbrlreader:2020-01-01,2020-12-31
fact-233 Value:
	json:0
	xbrlreader:0,0000000
fact-233 Identifier:
	json:scheme:529900YRFFGH5AXU4S86
	xbrlreader:529900YRFFGH5AXU4S86
fact-233 Period:
	json:2020-01-01T00:00:00/2021-01-01T00:00:00
	xbrlreader:2020-01-01,2020-12-31
fact-234 Value:
	json:50300000
	xbrlreader:50,3000000
fact-234 Identifier:
	json:scheme:529900YRFFGH5AXU4S86
	xbrlreader:529900YRFFGH5AXU4S86
fact-234 Period:
	json:2020-01-01T00:00:00/2021-01-01T00:00:00
	xbrlreader:2020-01-01,2020-12-31
fact-235 Value:
	json:0
	xbrlreader:0,0000000
fact-235 Identifier:
	json:scheme:529900YRFFGH5AXU4S86
	xbrlreader:529900YRFFGH5AXU4S86
fact-235 Period:
	json:2020-01-01T00:00:00/2021-01-01T00:00:00
	xbrlreader:2020-01-01,2020-12-31
fact-236 Value:
	json:0
	xbrlreader:0,0000000
fact-236 Identifier:
	json:scheme:529900YRFFGH5AXU4S86
	xbrlreader:529900YRFFGH5AXU4S86
fact-236 Period:
	json:2020-01-01T00:00:00/2021-01-01T00:00:00
	xbrlreader:2020-01-01,2020-12-31
fact-237 Value:
	json:0
	xbrlreader:0,0000000
fact-237 Identifier:
	json:scheme:529900YRFFGH5AXU4S86
	xbrlreader:529900YRFFGH5AXU4S86
fact-237 Period:
	json:2020-01-01T00:00:00/2021-01-01T00:00:00
	xbrlreader:2020-01-01,2020-12-31
fact-238 Value:
	json:33300000
	xbrlreader:33,3000000
fact-238 Identifier:
	json:scheme:529900YRFFGH5AXU4S86
	xbrlreader:529900YRFFGH5AXU4S86
fact-238 Period:
	json:2020-01-01T00:00:00/2021-01-01T00:00:00
	xbrlreader:2020-01-01,2020-12-31
fact-239 Value:
	json:0
	xbrlreader:0,0000000
fact-239 Identifier:
	json:scheme:529900YRFFGH5AXU4S86
	xbrlreader:529900YRFFGH5AXU4S86
fact-239 Period:
	json:2020-01-01T00:00:00/2021-01-01T00:00:00
	xbrlreader:2020-01-01,2020-12-31
fact-240 Value:
	json:33300000
	xbrlreader:33,3000000
fact-240 Identifier:
	json:scheme:529900YRFFGH5AXU4S86
	xbrlreader:529900YRFFGH5AXU4S86
fact-240 Period:
	json:2020-01-01T00:00:00/2021-01-01T00:00:00
	xbrlreader:2020-01-01,2020-12-31
fact-241 Value:
	json:-6700000
	xbrlreader:-6,7000000
fact-241 Identifier:
	json:scheme:529900YRFFGH5AXU4S86
	xbrlreader:529900YRFFGH5AXU4S86
fact-241 Period:
	json:2021-01-01T00:00:00
	xbrlreader:2020-12-31
fact-242 Value:
	json:-600000
	xbrlreader:-0,6000000
fact-242 Identifier:
	json:scheme:529900YRFFGH5AXU4S86
	xbrlreader:529900YRFFGH5AXU4S86
fact-242 Period:
	json:2021-01-01T00:00:00
	xbrlreader:2020-12-31
fact-243 Value:
	json:476600000
	xbrlreader:476,6000000
fact-243 Identifier:
	json:scheme:529900YRFFGH5AXU4S86
	xbrlreader:529900YRFFGH5AXU4S86
fact-243 Period:
	json:2021-01-01T00:00:00
	xbrlreader:2020-12-31
fact-244 Value:
	json:2151300000
	xbrlreader:2.151,3000000
fact-244 Identifier:
	json:scheme:529900YRFFGH5AXU4S86
	xbrlreader:529900YRFFGH5AXU4S86
fact-244 Period:
	json:2021-01-01T00:00:00
	xbrlreader:2020-12-31
fact-245 Value:
	json:-200000
	xbrlreader:-0,2000000
fact-245 Identifier:
	json:scheme:529900YRFFGH5AXU4S86
	xbrlreader:529900YRFFGH5AXU4S86
fact-245 Period:
	json:2021-01-01T00:00:00
	xbrlreader:2020-12-31
fact-246 Value:
	json:2151100000
	xbrlreader:2.151,1000000
fact-246 Identifier:
	json:scheme:529900YRFFGH5AXU4S86
	xbrlreader:529900YRFFGH5AXU4S86
fact-246 Period:
	json:2021-01-01T00:00:00
	xbrlreader:2020-12-31
fact-247 Value:
	json:-5000000
	xbrlreader:-5,0000000
fact-247 Identifier:
	json:scheme:529900YRFFGH5AXU4S86
	xbrlreader:529900YRFFGH5AXU4S86
fact-247 Period:
	json:2019-01-01T00:00:00
	xbrlreader:2018-12-31
fact-248 Value:
	json:100000
	xbrlreader:0,1000000
fact-248 Identifier:
	json:scheme:529900YRFFGH5AXU4S86
	xbrlreader:529900YRFFGH5AXU4S86
fact-248 Period:
	json:2019-01-01T00:00:00
	xbrlreader:2018-12-31
fact-249 Value:
	json:150700000
	xbrlreader:150,7000000
fact-249 Identifier:
	json:scheme:529900YRFFGH5AXU4S86
	xbrlreader:529900YRFFGH5AXU4S86
fact-249 Period:
	json:2019-01-01T00:00:00
	xbrlreader:2018-12-31
fact-250 Value:
	json:1549300000
	xbrlreader:1.549,3000000
fact-250 Identifier:
	json:scheme:529900YRFFGH5AXU4S86
	xbrlreader:529900YRFFGH5AXU4S86
fact-250 Period:
	json:2019-01-01T00:00:00
	xbrlreader:2018-12-31
fact-251 Value:
	json:-200000
	xbrlreader:-0,2000000
fact-251 Identifier:
	json:scheme:529900YRFFGH5AXU4S86
	xbrlreader:529900YRFFGH5AXU4S86
fact-251 Period:
	json:2019-01-01T00:00:00
	xbrlreader:2018-12-31
fact-252 Value:
	json:1549100000
	xbrlreader:1.549,1000000
fact-252 Identifier:
	json:scheme:529900YRFFGH5AXU4S86
	xbrlreader:529900YRFFGH5AXU4S86
fact-252 Period:
	json:2019-01-01T00:00:00
	xbrlreader:2018-12-31
fact-253 Value:
	json:0
	xbrlreader:0,0000000
fact-253 Identifier:
	json:scheme:529900YRFFGH5AXU4S86
	xbrlreader:529900YRFFGH5AXU4S86
fact-253 Period:
	json:2019-01-01T00:00:00/2020-01-01T00:00:00
	xbrlreader:2019-01-01,2019-12-31
fact-254 Value:
	json:0
	xbrlreader:0,0000000
fact-254 Identifier:
	json:scheme:529900YRFFGH5AXU4S86
	xbrlreader:529900YRFFGH5AXU4S86
fact-254 Period:
	json:2019-01-01T00:00:00/2020-01-01T00:00:00
	xbrlreader:2019-01-01,2019-12-31
fact-255 Value:
	json:99700000
	xbrlreader:99,7000000
fact-255 Identifier:
	json:scheme:529900YRFFGH5AXU4S86
	xbrlreader:529900YRFFGH5AXU4S86
fact-255 Period:
	json:2019-01-01T00:00:00/2020-01-01T00:00:00
	xbrlreader:2019-01-01,2019-12-31
fact-256 Value:
	json:99700000
	xbrlreader:99,7000000
fact-256 Identifier:
	json:scheme:529900YRFFGH5AXU4S86
	xbrlreader:529900YRFFGH5AXU4S86
fact-256 Period:
	json:2019-01-01T00:00:00/2020-01-01T00:00:00
	xbrlreader:2019-01-01,2019-12-31
fact-257 Value:
	json:0
	xbrlreader:0,0000000
fact-257 Identifier:
	json:scheme:529900YRFFGH5AXU4S86
	xbrlreader:529900YRFFGH5AXU4S86
fact-257 Period:
	json:2019-01-01T00:00:00/2020-01-01T00:00:00
	xbrlreader:2019-01-01,2019-12-31
fact-258 Value:
	json:99700000
	xbrlreader:99,7000000
fact-258 Identifier:
	json:scheme:529900YRFFGH5AXU4S86
	xbrlreader:529900YRFFGH5AXU4S86
fact-258 Period:
	json:2019-01-01T00:00:00/2020-01-01T00:00:00
	xbrlreader:2019-01-01,2019-12-31
fact-259 Value:
	json:-10200000
	xbrlreader:-10,2000000
fact-259 Identifier:
	json:scheme:529900YRFFGH5AXU4S86
	xbrlreader:529900YRFFGH5AXU4S86
fact-259 Period:
	json:2019-01-01T00:00:00/2020-01-01T00:00:00
	xbrlreader:2019-01-01,2019-12-31
fact-260 Value:
	json:-500000
	xbrlreader:-0,5000000
fact-260 Identifier:
	json:scheme:529900YRFFGH5AXU4S86
	xbrlreader:529900YRFFGH5AXU4S86
fact-260 Period:
	json:2019-01-01T00:00:00/2020-01-01T00:00:00
	xbrlreader:2019-01-01,2019-12-31
fact-261 Value:
	json:0
	xbrlreader:0,0000000
fact-261 Identifier:
	json:scheme:529900YRFFGH5AXU4S86
	xbrlreader:529900YRFFGH5AXU4S86
fact-261 Period:
	json:2019-01-01T00:00:00/2020-01-01T00:00:00
	xbrlreader:2019-01-01,2019-12-31
fact-262 Value:
	json:-10700000
	xbrlreader:-10,7000000
fact-262 Identifier:
	json:scheme:529900YRFFGH5AXU4S86
	xbrlreader:529900YRFFGH5AXU4S86
fact-262 Period:
	json:2019-01-01T00:00:00/2020-01-01T00:00:00
	xbrlreader:2019-01-01,2019-12-31
fact-263 Value:
	json:0
	xbrlreader:0,0000000
fact-263 Identifier:
	json:scheme:529900YRFFGH5AXU4S86
	xbrlreader:529900YRFFGH5AXU4S86
fact-263 Period:
	json:2019-01-01T00:00:00/2020-01-01T00:00:00
	xbrlreader:2019-01-01,2019-12-31
fact-264 Value:
	json:-10700000
	xbrlreader:-10,7000000
fact-264 Identifier:
	json:scheme:529900YRFFGH5AXU4S86
	xbrlreader:529900YRFFGH5AXU4S86
fact-264 Period:
	json:2019-01-01T00:00:00/2020-01-01T00:00:00
	xbrlreader:2019-01-01,2019-12-31
fact-265 Value:
	json:-10200000
	xbrlreader:-10,2000000
fact-265 Identifier:
	json:scheme:529900YRFFGH5AXU4S86
	xbrlreader:529900YRFFGH5AXU4S86
fact-265 Period:
	json:2019-01-01T00:00:00/2020-01-01T00:00:00
	xbrlreader:2019-01-01,2019-12-31
fact-266 Value:
	json:-500000
	xbrlreader:-0,5000000
fact-266 Identifier:
	json:scheme:529900YRFFGH5AXU4S86
	xbrlreader:529900YRFFGH5AXU4S86
fact-266 Period:
	json:2019-01-01T00:00:00/2020-01-01T00:00:00
	xbrlreader:2019-01-01,2019-12-31
fact-267 Value:
	json:99700000
	xbrlreader:99,7000000
fact-267 Identifier:
	json:scheme:529900YRFFGH5AXU4S86
	xbrlreader:529900YRFFGH5AXU4S86
fact-267 Period:
	json:2019-01-01T00:00:00/2020-01-01T00:00:00
	xbrlreader:2019-01-01,2019-12-31
fact-268 Value:
	json:88900000
	xbrlreader:88,9000000
fact-268 Identifier:
	json:scheme:529900YRFFGH5AXU4S86
	xbrlreader:529900YRFFGH5AXU4S86
fact-268 Period:
	json:2019-01-01T00:00:00/2020-01-01T00:00:00
	xbrlreader:2019-01-01,2019-12-31
fact-269 Value:
	json:0
	xbrlreader:0,0000000
fact-269 Identifier:
	json:scheme:529900YRFFGH5AXU4S86
	xbrlreader:529900YRFFGH5AXU4S86
fact-269 Period:
	json:2019-01-01T00:00:00/2020-01-01T00:00:00
	xbrlreader:2019-01-01,2019-12-31
fact-270 Value:
	json:88900000
	xbrlreader:88,9000000
fact-270 Identifier:
	json:scheme:529900YRFFGH5AXU4S86
	xbrlreader:529900YRFFGH5AXU4S86
fact-270 Period:
	json:2019-01-01T00:00:00/2020-01-01T00:00:00
	xbrlreader:2019-01-01,2019-12-31
fact-271 Value:
	json:0
	xbrlreader:0,0000000
fact-271 Identifier:
	json:scheme:529900YRFFGH5AXU4S86
	xbrlreader:529900YRFFGH5AXU4S86
fact-271 Period:
	json:2019-01-01T00:00:00/2020-01-01T00:00:00
	xbrlreader:2019-01-01,2019-12-31
fact-272 Value:
	json:0
	xbrlreader:0,0000000
fact-272 Identifier:
	json:scheme:529900YRFFGH5AXU4S86
	xbrlreader:529900YRFFGH5AXU4S86
fact-272 Period:
	json:2019-01-01T00:00:00/2020-01-01T00:00:00
	xbrlreader:2019-01-01,2019-12-31
fact-273 Value:
	json:0
	xbrlreader:0,0000000
fact-273 Identifier:
	json:scheme:529900YRFFGH5AXU4S86
	xbrlreader:529900YRFFGH5AXU4S86
fact-273 Period:
	json:2019-01-01T00:00:00/2020-01-01T00:00:00
	xbrlreader:2019-01-01,2019-12-31
fact-274 Value:
	json:38500000
	xbrlreader:38,5000000
fact-274 Identifier:
	json:scheme:529900YRFFGH5AXU4S86
	xbrlreader:529900YRFFGH5AXU4S86
fact-274 Period:
	json:2019-01-01T00:00:00/2020-01-01T00:00:00
	xbrlreader:2019-01-01,2019-12-31
fact-275 Value:
	json:0
	xbrlreader:0,0000000
fact-275 Identifier:
	json:scheme:529900YRFFGH5AXU4S86
	xbrlreader:529900YRFFGH5AXU4S86
fact-275 Period:
	json:2019-01-01T00:00:00/2020-01-01T00:00:00
	xbrlreader:2019-01-01,2019-12-31
fact-276 Value:
	json:38500000
	xbrlreader:38,5000000
fact-276 Identifier:
	json:scheme:529900YRFFGH5AXU4S86
	xbrlreader:529900YRFFGH5AXU4S86
fact-276 Period:
	json:2019-01-01T00:00:00/2020-01-01T00:00:00
	xbrlreader:2019-01-01,2019-12-31
fact-277 Value:
	json:0
	xbrlreader:0,0000000
fact-277 Identifier:
	json:scheme:529900YRFFGH5AXU4S86
	xbrlreader:529900YRFFGH5AXU4S86
fact-277 Period:
	json:2019-01-01T00:00:00/2020-01-01T00:00:00
	xbrlreader:2019-01-01,2019-12-31
fact-278 Value:
	json:0
	xbrlreader:0,0000000
fact-278 Identifier:
	json:scheme:529900YRFFGH5AXU4S86
	xbrlreader:529900YRFFGH5AXU4S86
fact-278 Period:
	json:2019-01-01T00:00:00/2020-01-01T00:00:00
	xbrlreader:2019-01-01,2019-12-31
fact-279 Value:
	json:0
	xbrlreader:0,0000000
fact-279 Identifier:
	json:scheme:529900YRFFGH5AXU4S86
	xbrlreader:529900YRFFGH5AXU4S86
fact-279 Period:
	json:2019-01-01T00:00:00/2020-01-01T00:00:00
	xbrlreader:2019-01-01,2019-12-31
fact-280 Value:
	json:-38800000
	xbrlreader:-38,8000000
fact-280 Identifier:
	json:scheme:529900YRFFGH5AXU4S86
	xbrlreader:529900YRFFGH5AXU4S86
fact-280 Period:
	json:2019-01-01T00:00:00/2020-01-01T00:00:00
	xbrlreader:2019-01-01,2019-12-31
fact-281 Value:
	json:0
	xbrlreader:0,0000000
fact-281 Identifier:
	json:scheme:529900YRFFGH5AXU4S86
	xbrlreader:529900YRFFGH5AXU4S86
fact-281 Period:
	json:2019-01-01T00:00:00/2020-01-01T00:00:00
	xbrlreader:2019-01-01,2019-12-31
fact-282 Value:
	json:-38800000
	xbrlreader:-38,8000000
fact-282 Identifier:
	json:scheme:529900YRFFGH5AXU4S86
	xbrlreader:529900YRFFGH5AXU4S86
fact-282 Period:
	json:2019-01-01T00:00:00/2020-01-01T00:00:00
	xbrlreader:2019-01-01,2019-12-31
fact-283 Value:
	json:0
	xbrlreader:0,0000000
fact-283 Identifier:
	json:scheme:529900YRFFGH5AXU4S86
	xbrlreader:529900YRFFGH5AXU4S86
fact-283 Period:
	json:2019-01-01T00:00:00/2020-01-01T00:00:00
	xbrlreader:2019-01-01,2019-12-31
fact-284 Value:
	json:0
	xbrlreader:0,0000000
fact-284 Identifier:
	json:scheme:529900YRFFGH5AXU4S86
	xbrlreader:529900YRFFGH5AXU4S86
fact-284 Period:
	json:2019-01-01T00:00:00/2020-01-01T00:00:00
	xbrlreader:2019-01-01,2019-12-31
fact-285 Value:
	json:0
	xbrlreader:0,0000000
fact-285 Identifier:
	json:scheme:529900YRFFGH5AXU4S86
	xbrlreader:529900YRFFGH5AXU4S86
fact-285 Period:
	json:2019-01-01T00:00:00/2020-01-01T00:00:00
	xbrlreader:2019-01-01,2019-12-31
fact-286 Value:
	json:46000000
	xbrlreader:46,0000000
fact-286 Identifier:
	json:scheme:529900YRFFGH5AXU4S86
	xbrlreader:529900YRFFGH5AXU4S86
fact-286 Period:
	json:2019-01-01T00:00:00/2020-01-01T00:00:00
	xbrlreader:2019-01-01,2019-12-31
fact-287 Value:
	json:0
	xbrlreader:0,0000000
fact-287 Identifier:
	json:scheme:529900YRFFGH5AXU4S86
	xbrlreader:529900YRFFGH5AXU4S86
fact-287 Period:
	json:2019-01-01T00:00:00/2020-01-01T00:00:00
	xbrlreader:2019-01-01,2019-12-31
fact-288 Value:
	json:46000000
	xbrlreader:46,0000000
fact-288 Identifier:
	json:scheme:529900YRFFGH5AXU4S86
	xbrlreader:529900YRFFGH5AXU4S86
fact-288 Period:
	json:2019-01-01T00:00:00/2020-01-01T00:00:00
	xbrlreader:2019-01-01,2019-12-31
fact-289 Value:
	json:-15200000
	xbrlreader:-15,2000000
fact-289 Identifier:
	json:scheme:529900YRFFGH5AXU4S86
	xbrlreader:529900YRFFGH5AXU4S86
fact-289 Period:
	json:2020-01-01T00:00:00
	xbrlreader:2019-12-31
fact-290 Value:
	json:-400000
	xbrlreader:-0,4000000
fact-290 Identifier:
	json:scheme:529900YRFFGH5AXU4S86
	xbrlreader:529900YRFFGH5AXU4S86
fact-290 Period:
	json:2020-01-01T00:00:00
	xbrlreader:2019-12-31
fact-291 Value:
	json:250400000
	xbrlreader:250,4000000
fact-291 Identifier:
	json:scheme:529900YRFFGH5AXU4S86
	xbrlreader:529900YRFFGH5AXU4S86
fact-291 Period:
	json:2020-01-01T00:00:00
	xbrlreader:2019-12-31
fact-292 Value:
	json:1683900000
	xbrlreader:1.683,9000000
fact-292 Identifier:
	json:scheme:529900YRFFGH5AXU4S86
	xbrlreader:529900YRFFGH5AXU4S86
fact-292 Period:
	json:2020-01-01T00:00:00
	xbrlreader:2019-12-31
fact-293 Value:
	json:-200000
	xbrlreader:-0,2000000
fact-293 Identifier:
	json:scheme:529900YRFFGH5AXU4S86
	xbrlreader:529900YRFFGH5AXU4S86
fact-293 Period:
	json:2020-01-01T00:00:00
	xbrlreader:2019-12-31
fact-294 Value:
	json:1683800000
	xbrlreader:1.683,8000000
fact-294 Identifier:
	json:scheme:529900YRFFGH5AXU4S86
	xbrlreader:529900YRFFGH5AXU4S86
fact-294 Period:
	json:2020-01-01T00:00:00
	xbrlreader:2019-12-31
fact-295 Value:
	json:226100000
	xbrlreader:226,1000000
fact-295 Identifier:
	json:scheme:529900YRFFGH5AXU4S86
	xbrlreader:529900YRFFGH5AXU4S86
fact-295 Period:
	json:2020-01-01T00:00:00/2021-01-01T00:00:00
	xbrlreader:2020-01-01,2020-12-31
fact-296 Value:
	json:99700000
	xbrlreader:99,7000000
fact-296 Identifier:
	json:scheme:529900YRFFGH5AXU4S86
	xbrlreader:529900YRFFGH5AXU4S86
fact-296 Period:
	json:2019-01-01T00:00:00/2020-01-01T00:00:00
	xbrlreader:2019-01-01,2019-12-31
fact-297 Value:
	json:53800000
	xbrlreader:53,8000000
fact-297 Identifier:
	json:scheme:529900YRFFGH5AXU4S86
	xbrlreader:529900YRFFGH5AXU4S86
fact-297 Period:
	json:2020-01-01T00:00:00/2021-01-01T00:00:00
	xbrlreader:2020-01-01,2020-12-31
fact-298 Value:
	json:46000000
	xbrlreader:46,0000000
fact-298 Identifier:
	json:scheme:529900YRFFGH5AXU4S86
	xbrlreader:529900YRFFGH5AXU4S86
fact-298 Period:
	json:2019-01-01T00:00:00/2020-01-01T00:00:00
	xbrlreader:2019-01-01,2019-12-31
fact-299 Value:
	json:-3500000
	xbrlreader:-3,5000000
fact-299 Identifier:
	json:scheme:529900YRFFGH5AXU4S86
	xbrlreader:529900YRFFGH5AXU4S86
fact-299 Period:
	json:2020-01-01T00:00:00/2021-01-01T00:00:00
	xbrlreader:2020-01-01,2020-12-31
fact-300 Value:
	json:0
	xbrlreader:000000
fact-300 Identifier:
	json:scheme:529900YRFFGH5AXU4S86
	xbrlreader:529900YRFFGH5AXU4S86
fact-300 Period:
	json:2019-01-01T00:00:00/2020-01-01T00:00:00
	xbrlreader:2019-01-01,2019-12-31
fact-301 Value:
	json:214500000
	xbrlreader:214,5000000
fact-301 Identifier:
	json:scheme:529900YRFFGH5AXU4S86
	xbrlreader:529900YRFFGH5AXU4S86
fact-301 Period:
	json:2020-01-01T00:00:00/2021-01-01T00:00:00
	xbrlreader:2020-01-01,2020-12-31
fact-302 Value:
	json:194800000
	xbrlreader:194,8000000
fact-302 Identifier:
	json:scheme:529900YRFFGH5AXU4S86
	xbrlreader:529900YRFFGH5AXU4S86
fact-302 Period:
	json:2019-01-01T00:00:00/2020-01-01T00:00:00
	xbrlreader:2019-01-01,2019-12-31
fact-303 Value:
	json:92400000
	xbrlreader:92,4000000
fact-303 Identifier:
	json:scheme:529900YRFFGH5AXU4S86
	xbrlreader:529900YRFFGH5AXU4S86
fact-303 Period:
	json:2020-01-01T00:00:00/2021-01-01T00:00:00
	xbrlreader:2020-01-01,2020-12-31
fact-304 Value:
	json:45200000
	xbrlreader:45,2000000
fact-304 Identifier:
	json:scheme:529900YRFFGH5AXU4S86
	xbrlreader:529900YRFFGH5AXU4S86
fact-304 Period:
	json:2019-01-01T00:00:00/2020-01-01T00:00:00
	xbrlreader:2019-01-01,2019-12-31
fact-305 Value:
	json:-116700000
	xbrlreader:-116,7000000
fact-305 Identifier:
	json:scheme:529900YRFFGH5AXU4S86
	xbrlreader:529900YRFFGH5AXU4S86
fact-305 Period:
	json:2020-01-01T00:00:00/2021-01-01T00:00:00
	xbrlreader:2020-01-01,2020-12-31
fact-306 Value:
	json:-96500000
	xbrlreader:-96,5000000
fact-306 Identifier:
	json:scheme:529900YRFFGH5AXU4S86
	xbrlreader:529900YRFFGH5AXU4S86
fact-306 Period:
	json:2019-01-01T00:00:00/2020-01-01T00:00:00
	xbrlreader:2019-01-01,2019-12-31
fact-307 Value:
	json:-2100000
	xbrlreader:-2,1000000
fact-307 Identifier:
	json:scheme:529900YRFFGH5AXU4S86
	xbrlreader:529900YRFFGH5AXU4S86
fact-307 Period:
	json:2020-01-01T00:00:00/2021-01-01T00:00:00
	xbrlreader:2020-01-01,2020-12-31
fact-308 Value:
	json:6100000
	xbrlreader:6,1000000
fact-308 Identifier:
	json:scheme:529900YRFFGH5AXU4S86
	xbrlreader:529900YRFFGH5AXU4S86
fact-308 Period:
	json:2019-01-01T00:00:00/2020-01-01T00:00:00
	xbrlreader:2019-01-01,2019-12-31
fact-309 Value:
	json:4300000
	xbrlreader:4,3000000
fact-309 Identifier:
	json:scheme:529900YRFFGH5AXU4S86
	xbrlreader:529900YRFFGH5AXU4S86
fact-309 Period:
	json:2020-01-01T00:00:00/2021-01-01T00:00:00
	xbrlreader:2020-01-01,2020-12-31
fact-310 Value:
	json:5000000
	xbrlreader:5,0000000
fact-310 Identifier:
	json:scheme:529900YRFFGH5AXU4S86
	xbrlreader:529900YRFFGH5AXU4S86
fact-310 Period:
	json:2019-01-01T00:00:00/2020-01-01T00:00:00
	xbrlreader:2019-01-01,2019-12-31
fact-311 Value:
	json:-262900000
	xbrlreader:-262,9000000
fact-311 Identifier:
	json:scheme:529900YRFFGH5AXU4S86
	xbrlreader:529900YRFFGH5AXU4S86
fact-311 Period:
	json:2020-01-01T00:00:00/2021-01-01T00:00:00
	xbrlreader:2020-01-01,2020-12-31
fact-312 Value:
	json:-278800000
	xbrlreader:-278,8000000
fact-312 Identifier:
	json:scheme:529900YRFFGH5AXU4S86
	xbrlreader:529900YRFFGH5AXU4S86
fact-312 Period:
	json:2019-01-01T00:00:00/2020-01-01T00:00:00
	xbrlreader:2019-01-01,2019-12-31
fact-313 Value:
	json:-139600000
	xbrlreader:-139,6000000
fact-313 Identifier:
	json:scheme:529900YRFFGH5AXU4S86
	xbrlreader:529900YRFFGH5AXU4S86
fact-313 Period:
	json:2020-01-01T00:00:00/2021-01-01T00:00:00
	xbrlreader:2020-01-01,2020-12-31
fact-314 Value:
	json:-67200000
	xbrlreader:-67,2000000
fact-314 Identifier:
	json:scheme:529900YRFFGH5AXU4S86
	xbrlreader:529900YRFFGH5AXU4S86
fact-314 Period:
	json:2019-01-01T00:00:00/2020-01-01T00:00:00
	xbrlreader:2019-01-01,2019-12-31
fact-315 Value:
	json:329200000
	xbrlreader:329,2000000
fact-315 Identifier:
	json:scheme:529900YRFFGH5AXU4S86
	xbrlreader:529900YRFFGH5AXU4S86
fact-315 Period:
	json:2020-01-01T00:00:00/2021-01-01T00:00:00
	xbrlreader:2020-01-01,2020-12-31
fact-316 Value:
	json:403600000
	xbrlreader:403,6000000
fact-316 Identifier:
	json:scheme:529900YRFFGH5AXU4S86
	xbrlreader:529900YRFFGH5AXU4S86
fact-316 Period:
	json:2019-01-01T00:00:00/2020-01-01T00:00:00
	xbrlreader:2019-01-01,2019-12-31
fact-317 Value:
	json:132100000
	xbrlreader:132,1000000
fact-317 Identifier:
	json:scheme:529900YRFFGH5AXU4S86
	xbrlreader:529900YRFFGH5AXU4S86
fact-317 Period:
	json:2020-01-01T00:00:00/2021-01-01T00:00:00
	xbrlreader:2020-01-01,2020-12-31
fact-318 Value:
	json:-30700000
	xbrlreader:-30,7000000
fact-318 Identifier:
	json:scheme:529900YRFFGH5AXU4S86
	xbrlreader:529900YRFFGH5AXU4S86
fact-318 Period:
	json:2019-01-01T00:00:00/2020-01-01T00:00:00
	xbrlreader:2019-01-01,2019-12-31
fact-319 Value:
	json:527400000
	xbrlreader:527,4000000
fact-319 Identifier:
	json:scheme:529900YRFFGH5AXU4S86
	xbrlreader:529900YRFFGH5AXU4S86
fact-319 Period:
	json:2020-01-01T00:00:00/2021-01-01T00:00:00
	xbrlreader:2020-01-01,2020-12-31
fact-320 Value:
	json:327200000
	xbrlreader:327,2000000
fact-320 Identifier:
	json:scheme:529900YRFFGH5AXU4S86
	xbrlreader:529900YRFFGH5AXU4S86
fact-320 Period:
	json:2019-01-01T00:00:00/2020-01-01T00:00:00
	xbrlreader:2019-01-01,2019-12-31
fact-321 Value:
	json:32700000
	xbrlreader:32,7000000
fact-321 Identifier:
	json:scheme:529900YRFFGH5AXU4S86
	xbrlreader:529900YRFFGH5AXU4S86
fact-321 Period:
	json:2020-01-01T00:00:00/2021-01-01T00:00:00
	xbrlreader:2020-01-01,2020-12-31
fact-322 Value:
	json:22500000
	xbrlreader:22,5000000
fact-322 Identifier:
	json:scheme:529900YRFFGH5AXU4S86
	xbrlreader:529900YRFFGH5AXU4S86
fact-322 Period:
	json:2019-01-01T00:00:00/2020-01-01T00:00:00
	xbrlreader:2019-01-01,2019-12-31
fact-323 Value:
	json:6000000
	xbrlreader:6,0000000
fact-323 Identifier:
	json:scheme:529900YRFFGH5AXU4S86
	xbrlreader:529900YRFFGH5AXU4S86
fact-323 Period:
	json:2020-01-01T00:00:00/2021-01-01T00:00:00
	xbrlreader:2020-01-01,2020-12-31
fact-324 Value:
	json:0
	xbrlreader:000000
fact-324 Identifier:
	json:scheme:529900YRFFGH5AXU4S86
	xbrlreader:529900YRFFGH5AXU4S86
fact-324 Period:
	json:2019-01-01T00:00:00/2020-01-01T00:00:00
	xbrlreader:2019-01-01,2019-12-31
fact-325 Value:
	json:177600000
	xbrlreader:177,6000000
fact-325 Identifier:
	json:scheme:529900YRFFGH5AXU4S86
	xbrlreader:529900YRFFGH5AXU4S86
fact-325 Period:
	json:2020-01-01T00:00:00/2021-01-01T00:00:00
	xbrlreader:2020-01-01,2020-12-31
fact-326 Value:
	json:233700000
	xbrlreader:233,7000000
fact-326 Identifier:
	json:scheme:529900YRFFGH5AXU4S86
	xbrlreader:529900YRFFGH5AXU4S86
fact-326 Period:
	json:2019-01-01T00:00:00/2020-01-01T00:00:00
	xbrlreader:2019-01-01,2019-12-31
fact-327 Value:
	json:72500000
	xbrlreader:72,5000000
fact-327 Identifier:
	json:scheme:529900YRFFGH5AXU4S86
	xbrlreader:529900YRFFGH5AXU4S86
fact-327 Period:
	json:2020-01-01T00:00:00/2021-01-01T00:00:00
	xbrlreader:2020-01-01,2020-12-31
fact-328 Value:
	json:72800000
	xbrlreader:72,8000000
fact-328 Identifier:
	json:scheme:529900YRFFGH5AXU4S86
	xbrlreader:529900YRFFGH5AXU4S86
fact-328 Period:
	json:2019-01-01T00:00:00/2020-01-01T00:00:00
	xbrlreader:2019-01-01,2019-12-31
fact-329 Value:
	json:-31500000
	xbrlreader:-31,5000000
fact-329 Identifier:
	json:scheme:529900YRFFGH5AXU4S86
	xbrlreader:529900YRFFGH5AXU4S86
fact-329 Period:
	json:2020-01-01T00:00:00/2021-01-01T00:00:00
	xbrlreader:2020-01-01,2020-12-31
fact-330 Value:
	json:-1700000
	xbrlreader:-1,7000000
fact-330 Identifier:
	json:scheme:529900YRFFGH5AXU4S86
	xbrlreader:529900YRFFGH5AXU4S86
fact-330 Period:
	json:2019-01-01T00:00:00/2020-01-01T00:00:00
	xbrlreader:2019-01-01,2019-12-31
fact-331 Value:
	json:25000000
	xbrlreader:25,0000000
fact-331 Identifier:
	json:scheme:529900YRFFGH5AXU4S86
	xbrlreader:529900YRFFGH5AXU4S86
fact-331 Period:
	json:2020-01-01T00:00:00/2021-01-01T00:00:00
	xbrlreader:2020-01-01,2020-12-31
fact-332 Value:
	json:-5000000
	xbrlreader:-5,0000000
fact-332 Identifier:
	json:scheme:529900YRFFGH5AXU4S86
	xbrlreader:529900YRFFGH5AXU4S86
fact-332 Period:
	json:2019-01-01T00:00:00/2020-01-01T00:00:00
	xbrlreader:2019-01-01,2019-12-31
fact-333 Value:
	json:0
	xbrlreader:000000
fact-333 Identifier:
	json:scheme:529900YRFFGH5AXU4S86
	xbrlreader:529900YRFFGH5AXU4S86
fact-333 Period:
	json:2020-01-01T00:00:00/2021-01-01T00:00:00
	xbrlreader:2020-01-01,2020-12-31
fact-334 Value:
	json:400000
	xbrlreader:0,4000000
fact-334 Identifier:
	json:scheme:529900YRFFGH5AXU4S86
	xbrlreader:529900YRFFGH5AXU4S86
fact-334 Period:
	json:2019-01-01T00:00:00/2020-01-01T00:00:00
	xbrlreader:2019-01-01,2019-12-31
fact-335 Value:
	json:-217800000
	xbrlreader:-217,8000000
fact-335 Identifier:
	json:scheme:529900YRFFGH5AXU4S86
	xbrlreader:529900YRFFGH5AXU4S86
fact-335 Period:
	json:2020-01-01T00:00:00/2021-01-01T00:00:00
	xbrlreader:2020-01-01,2020-12-31
fact-336 Value:
	json:-290300000
	xbrlreader:-290,3000000
fact-336 Identifier:
	json:scheme:529900YRFFGH5AXU4S86
	xbrlreader:529900YRFFGH5AXU4S86
fact-336 Period:
	json:2019-01-01T00:00:00/2020-01-01T00:00:00
	xbrlreader:2019-01-01,2019-12-31
fact-337 Value:
	json:55100000
	xbrlreader:55,1000000
fact-337 Identifier:
	json:scheme:529900YRFFGH5AXU4S86
	xbrlreader:529900YRFFGH5AXU4S86
fact-337 Period:
	json:2020-01-01T00:00:00/2021-01-01T00:00:00
	xbrlreader:2020-01-01,2020-12-31
fact-338 Value:
	json:38500000
	xbrlreader:38,5000000
fact-338 Identifier:
	json:scheme:529900YRFFGH5AXU4S86
	xbrlreader:529900YRFFGH5AXU4S86
fact-338 Period:
	json:2019-01-01T00:00:00/2020-01-01T00:00:00
	xbrlreader:2019-01-01,2019-12-31
fact-339 Value:
	json:0
	xbrlreader:000000
fact-339 Identifier:
	json:scheme:529900YRFFGH5AXU4S86
	xbrlreader:529900YRFFGH5AXU4S86
fact-339 Period:
	json:2020-01-01T00:00:00/2021-01-01T00:00:00
	xbrlreader:2020-01-01,2020-12-31
fact-340 Value:
	json:38800000
	xbrlreader:38,8000000
fact-340 Identifier:
	json:scheme:529900YRFFGH5AXU4S86
	xbrlreader:529900YRFFGH5AXU4S86
fact-340 Period:
	json:2019-01-01T00:00:00/2020-01-01T00:00:00
	xbrlreader:2019-01-01,2019-12-31
fact-341 Value:
	json:-2800000
	xbrlreader:-2,8000000
fact-341 Identifier:
	json:scheme:529900YRFFGH5AXU4S86
	xbrlreader:529900YRFFGH5AXU4S86
fact-341 Period:
	json:2020-01-01T00:00:00/2021-01-01T00:00:00
	xbrlreader:2020-01-01,2020-12-31
fact-342 Value:
	json:-2800000
	xbrlreader:-2,8000000
fact-342 Identifier:
	json:scheme:529900YRFFGH5AXU4S86
	xbrlreader:529900YRFFGH5AXU4S86
fact-342 Period:
	json:2019-01-01T00:00:00/2020-01-01T00:00:00
	xbrlreader:2019-01-01,2019-12-31
fact-343 Value:
	json:375000000
	xbrlreader:375,0000000
fact-343 Identifier:
	json:scheme:529900YRFFGH5AXU4S86
	xbrlreader:529900YRFFGH5AXU4S86
fact-343 Period:
	json:2020-01-01T00:00:00/2021-01-01T00:00:00
	xbrlreader:2020-01-01,2020-12-31
fact-344 Value:
	json:0
	xbrlreader:000000
fact-344 Identifier:
	json:scheme:529900YRFFGH5AXU4S86
	xbrlreader:529900YRFFGH5AXU4S86
fact-344 Period:
	json:2019-01-01T00:00:00/2020-01-01T00:00:00
	xbrlreader:2019-01-01,2019-12-31
fact-345 Value:
	json:994000000
	xbrlreader:994,0000000
fact-345 Identifier:
	json:scheme:529900YRFFGH5AXU4S86
	xbrlreader:529900YRFFGH5AXU4S86
fact-345 Period:
	json:2020-01-01T00:00:00/2021-01-01T00:00:00
	xbrlreader:2020-01-01,2020-12-31
fact-346 Value:
	json:0
	xbrlreader:000000
fact-346 Identifier:
	json:scheme:529900YRFFGH5AXU4S86
	xbrlreader:529900YRFFGH5AXU4S86
fact-346 Period:
	json:2019-01-01T00:00:00/2020-01-01T00:00:00
	xbrlreader:2019-01-01,2019-12-31
fact-347 Value:
	json:67200000
	xbrlreader:67,2000000
fact-347 Identifier:
	json:scheme:529900YRFFGH5AXU4S86
	xbrlreader:529900YRFFGH5AXU4S86
fact-347 Period:
	json:2020-01-01T00:00:00/2021-01-01T00:00:00
	xbrlreader:2020-01-01,2020-12-31
fact-348 Value:
	json:54200000
	xbrlreader:54,2000000
fact-348 Identifier:
	json:scheme:529900YRFFGH5AXU4S86
	xbrlreader:529900YRFFGH5AXU4S86
fact-348 Period:
	json:2019-01-01T00:00:00/2020-01-01T00:00:00
	xbrlreader:2019-01-01,2019-12-31
fact-349 Value:
	json:1354100000
	xbrlreader:1.354,1000000
fact-349 Identifier:
	json:scheme:529900YRFFGH5AXU4S86
	xbrlreader:529900YRFFGH5AXU4S86
fact-349 Period:
	json:2020-01-01T00:00:00/2021-01-01T00:00:00
	xbrlreader:2020-01-01,2020-12-31
fact-350 Value:
	json:-57300000
	xbrlreader:-57,3000000
fact-350 Identifier:
	json:scheme:529900YRFFGH5AXU4S86
	xbrlreader:529900YRFFGH5AXU4S86
fact-350 Period:
	json:2019-01-01T00:00:00/2020-01-01T00:00:00
	xbrlreader:2019-01-01,2019-12-31
fact-351 Value:
	json:1663600000
	xbrlreader:1.663,6000000
fact-351 Identifier:
	json:scheme:529900YRFFGH5AXU4S86
	xbrlreader:529900YRFFGH5AXU4S86
fact-351 Period:
	json:2020-01-01T00:00:00/2021-01-01T00:00:00
	xbrlreader:2020-01-01,2020-12-31
fact-352 Value:
	json:-20400000
	xbrlreader:-20,4000000
fact-352 Identifier:
	json:scheme:529900YRFFGH5AXU4S86
	xbrlreader:529900YRFFGH5AXU4S86
fact-352 Period:
	json:2019-01-01T00:00:00/2020-01-01T00:00:00
	xbrlreader:2019-01-01,2019-12-31
fact-353 Value:
	json:3900000
	xbrlreader:3,9000000
fact-353 Identifier:
	json:scheme:529900YRFFGH5AXU4S86
	xbrlreader:529900YRFFGH5AXU4S86
fact-353 Period:
	json:2020-01-01T00:00:00/2021-01-01T00:00:00
	xbrlreader:2020-01-01,2020-12-31
fact-354 Value:
	json:1900000
	xbrlreader:1,9000000
fact-354 Identifier:
	json:scheme:529900YRFFGH5AXU4S86
	xbrlreader:529900YRFFGH5AXU4S86
fact-354 Period:
	json:2019-01-01T00:00:00/2020-01-01T00:00:00
	xbrlreader:2019-01-01,2019-12-31
fact-355 Value:
	json:976500000
	xbrlreader:976,5000000
fact-355 Identifier:
	json:scheme:529900YRFFGH5AXU4S86
	xbrlreader:529900YRFFGH5AXU4S86
fact-355 Period:
	json:2020-01-02T00:00:00
	xbrlreader:2020-01-01
fact-356 Value:
	json:995000000
	xbrlreader:995,0000000
fact-356 Identifier:
	json:scheme:529900YRFFGH5AXU4S86
	xbrlreader:529900YRFFGH5AXU4S86
fact-356 Period:
	json:2019-01-02T00:00:00
	xbrlreader:2019-01-01
fact-357 Value:
	json:2644000000
	xbrlreader:2.644,0000000
fact-357 Identifier:
	json:scheme:529900YRFFGH5AXU4S86
	xbrlreader:529900YRFFGH5AXU4S86
fact-357 Period:
	json:2021-01-01T00:00:00
	xbrlreader:2020-12-31
fact-358 Value:
	json:976500000
	xbrlreader:976,5000000
fact-358 Identifier:
	json:scheme:529900YRFFGH5AXU4S86
	xbrlreader:529900YRFFGH5AXU4S86
fact-358 Period:
	json:2020-01-01T00:00:00
	xbrlreader:2019-12-31
fact-1 Value:
	json:ZALANDO SE
	xbrlreader:
fact-1 Identifier:
	json:scheme:529900YRFFGH5AXU4S86
	xbrlreader:529900YRFFGH5AXU4S86
fact-1 Period:
	json:2020-01-01T00:00:00/2021-01-01T00:00:00
	xbrlreader:2020-01-01,2020-12-31
fact-3 Identifier:
	json:scheme:529900YRFFGH5AXU4S86
	xbrlreader:529900YRFFGH5AXU4S86
fact-3 Period:
	json:2020-01-01T00:00:00/2021-01-01T00:00:00
	xbrlreader:2020-01-01,2020-12-31
fact-7 Value:
	json:ZALANDO SE
	xbrlreader:
fact-7 Identifier:
	json:scheme:529900YRFFGH5AXU4S86
	xbrlreader:529900YRFFGH5AXU4S86
fact-7 Period:
	json:2020-01-01T00:00:00/2021-01-01T00:00:00
	xbrlreader:2020-01-01,2020-12-31
fact-10 Value:
	json:ZALANDO SE
	xbrlreader:ZALANDO 
fact-10 Identifier:
	json:scheme:529900YRFFGH5AXU4S86
	xbrlreader:529900YRFFGH5AXU4S86
fact-10 Period:
	json:2020-01-01T00:00:00/2021-01-01T00:00:00
	xbrlreader:2020-01-01,2020-12-31
fact-6 Identifier:
	json:scheme:529900YRFFGH5AXU4S86
	xbrlreader:529900YRFFGH5AXU4S86
fact-6 Period:
	json:2020-01-01T00:00:00/2021-01-01T00:00:00
	xbrlreader:2020-01-01,2020-12-31
fact-2 Value:
	json:Valeska-Gert-Strae 5 in 10243 Berlin, Deutschland
	xbrlreader:
fact-2 Identifier:
	json:scheme:529900YRFFGH5AXU4S86
	xbrlreader:529900YRFFGH5AXU4S86
fact-2 Period:
	json:2020-01-01T00:00:00/2021-01-01T00:00:00
	xbrlreader:2020-01-01,2020-12-31
fact-5 Value:
	json:Valeska-Gert-Strae 5 in 10243 Berlin, Deutschland
	xbrlreader:Valeska-Gert-Strae 5 in 10243 Berlin, 
fact-5 Identifier:
	json:scheme:529900YRFFGH5AXU4S86
	xbrlreader:529900YRFFGH5AXU4S86
fact-5 Period:
	json:2020-01-01T00:00:00/2021-01-01T00:00:00
	xbrlreader:2020-01-01,2020-12-31
fact-8 Value:
	json:Deutschland
	xbrlreader:
fact-8 Identifier:
	json:scheme:529900YRFFGH5AXU4S86
	xbrlreader:529900YRFFGH5AXU4S86
fact-8 Period:
	json:2020-01-01T00:00:00/2021-01-01T00:00:00
	xbrlreader:2020-01-01,2020-12-31
fact-9 Identifier:
	json:scheme:529900YRFFGH5AXU4S86
	xbrlreader:529900YRFFGH5AXU4S86
fact-9 Period:
	json:2020-01-01T00:00:00/2021-01-01T00:00:00
	xbrlreader:2020-01-01,2020-12-31
fact-4 Value:
	json:Art der GeschftsttigkeitZalando ist eine europische Online-Plattform fr Mode und Lifestyle. Mit seiner umfassenden Auswahl an Lifestyle-Artikeln wie Schuhen, Bekleidung, Accessoires und Beauty-Produkten bei kostenlosem Versand und Rckversand bietet das in Berlin ansssige Unternehmen seinen Kund*innen ein Einkaufserlebnis aus einer Hand.Weitere Informationen zum Geschftsmodell und zur Art der Geschftsttigkeit von Zalando finden sich im zusammengefassten Lagebericht unter Punkt 2.1.1 Geschftsmodell.
	xbrlreader:
fact-4 Identifier:
	json:scheme:529900YRFFGH5AXU4S86
	xbrlreader:529900YRFFGH5AXU4S86
fact-4 Period:
	json:2020-01-01T00:00:00/2021-01-01T00:00:00
	xbrlreader:2020-01-01,2020-12-31
